2024-11-11 14:52:27,900 - INFO - afastamento_colaboradores - Processo iniciado!
2024-11-11 14:52:27,944 - INFO - afastamento_colaboradores - Apagando registros no dia 2024-11-10...
2024-11-11 14:52:28,028 - INFO - afastamento_colaboradores - Registros apagados com sucesso no dia 2024-11-10!
2024-11-11 14:52:28,040 - INFO - ('42000', "[42000] [Microsoft][ODBC Driver 17 for SQL Server][SQL Server]'TO_DATE' não é um nome da função interna reconhecido. (195) (SQLExecDirectW)")
2024-11-11 14:52:28,050 - INFO - afastamento_colaboradores - Processo finalizado!
2024-11-11 14:52:50,915 - INFO - afastamento_colaboradores - Processo iniciado!
2024-11-11 14:52:50,995 - INFO - afastamento_colaboradores - Apagando registros no dia 2024-11-10...
2024-11-11 14:52:51,086 - INFO - afastamento_colaboradores - Registros apagados com sucesso no dia 2024-11-10!
2024-11-11 14:52:51,510 - INFO - afastamento_colaboradores - Numero de linhas inseridas na tabela no dia 2024-11-10: 1
2024-11-11 14:52:51,515 - INFO - afastamento_colaboradores - Processo finalizado!
2024-11-11 14:53:03,570 - INFO - afastamento_colaboradores - Processo iniciado!
2024-11-11 14:53:03,650 - INFO - afastamento_colaboradores - Apagando registros no dia 2024-11-10...
2024-11-11 14:53:03,711 - INFO - afastamento_colaboradores - Apagando registros no dia 2024-11-07...
2024-11-11 14:53:03,715 - INFO - afastamento_colaboradores - Apagando registros no dia 2024-11-09...
2024-11-11 14:53:03,723 - INFO - afastamento_colaboradores - Apagando registros no dia 2024-11-08...
2024-11-11 14:53:03,732 - INFO - afastamento_colaboradores - Registros apagados com sucesso no dia 2024-11-10!
2024-11-11 14:53:03,794 - INFO - afastamento_colaboradores - Registros apagados com sucesso no dia 2024-11-07!
2024-11-11 14:53:03,804 - INFO - afastamento_colaboradores - Registros apagados com sucesso no dia 2024-11-09!
2024-11-11 14:53:03,827 - INFO - afastamento_colaboradores - Registros apagados com sucesso no dia 2024-11-08!
2024-11-11 14:53:03,859 - INFO - afastamento_colaboradores - Numero de linhas inseridas na tabela no dia 2024-11-10: 1
2024-11-11 14:53:03,991 - INFO - afastamento_colaboradores - Apagando registros no dia 2024-11-06...
2024-11-11 14:53:04,062 - INFO - afastamento_colaboradores - Registros apagados com sucesso no dia 2024-11-06!
2024-11-11 14:53:04,220 - INFO - afastamento_colaboradores - Numero de linhas inseridas na tabela no dia 2024-11-07: 9
2024-11-11 14:53:04,229 - INFO - afastamento_colaboradores - Numero de linhas inseridas na tabela no dia 2024-11-09: 9
2024-11-11 14:53:04,257 - INFO - afastamento_colaboradores - Numero de linhas inseridas na tabela no dia 2024-11-08: 7
2024-11-11 14:53:04,286 - INFO - afastamento_colaboradores - Apagando registros no dia 2024-11-05...
2024-11-11 14:53:04,301 - INFO - afastamento_colaboradores - Apagando registros no dia 2024-11-04...
2024-11-11 14:53:04,324 - INFO - afastamento_colaboradores - Apagando registros no dia 2024-11-03...
2024-11-11 14:53:04,372 - INFO - afastamento_colaboradores - Registros apagados com sucesso no dia 2024-11-05!
2024-11-11 14:53:04,382 - INFO - afastamento_colaboradores - Registros apagados com sucesso no dia 2024-11-04!
2024-11-11 14:53:04,438 - INFO - afastamento_colaboradores - Registros apagados com sucesso no dia 2024-11-03!
2024-11-11 14:53:04,512 - INFO - afastamento_colaboradores - Numero de linhas inseridas na tabela no dia 2024-11-06: 14
2024-11-11 14:53:04,576 - INFO - afastamento_colaboradores - Apagando registros no dia 2024-11-02...
2024-11-11 14:53:04,647 - INFO - afastamento_colaboradores - Registros apagados com sucesso no dia 2024-11-02!
2024-11-11 14:53:04,861 - INFO - afastamento_colaboradores - Numero de linhas inseridas na tabela no dia 2024-11-05: 27
2024-11-11 14:53:04,903 - INFO - afastamento_colaboradores - Numero de linhas inseridas na tabela no dia 2024-11-03: 28
2024-11-11 14:53:04,958 - INFO - afastamento_colaboradores - Apagando registros no dia 2024-11-01...
2024-11-11 14:53:04,966 - INFO - afastamento_colaboradores - Numero de linhas inseridas na tabela no dia 2024-11-04: 186
2024-11-11 14:53:05,033 - INFO - afastamento_colaboradores - Registros apagados com sucesso no dia 2024-11-01!
2024-11-11 14:53:05,067 - INFO - afastamento_colaboradores - Numero de linhas inseridas na tabela no dia 2024-11-02: 13
2024-11-11 14:53:05,449 - INFO - afastamento_colaboradores - Numero de linhas inseridas na tabela no dia 2024-11-01: 13
2024-11-11 14:53:05,453 - INFO - afastamento_colaboradores - Processo finalizado!
2024-11-11 14:53:06,836 - INFO - afastamento_colaboradores - Processo iniciado!
2024-11-11 14:53:06,924 - INFO - afastamento_colaboradores - Apagando registros no dia 2024-11-10...
2024-11-11 14:53:06,985 - INFO - afastamento_colaboradores - Apagando registros no dia 2024-11-09...
2024-11-11 14:53:06,989 - INFO - afastamento_colaboradores - Apagando registros no dia 2024-11-08...
2024-11-11 14:53:07,020 - INFO - afastamento_colaboradores - Registros apagados com sucesso no dia 2024-11-10!
2024-11-11 14:53:07,022 - INFO - afastamento_colaboradores - Apagando registros no dia 2024-11-07...
2024-11-11 14:53:07,093 - INFO - afastamento_colaboradores - Registros apagados com sucesso no dia 2024-11-09!
2024-11-11 14:53:07,097 - INFO - afastamento_colaboradores - Registros apagados com sucesso no dia 2024-11-08!
2024-11-11 14:53:07,110 - INFO - afastamento_colaboradores - Registros apagados com sucesso no dia 2024-11-07!
2024-11-11 14:53:07,125 - INFO - afastamento_colaboradores - Numero de linhas inseridas na tabela no dia 2024-11-10: 1
2024-11-11 14:53:07,195 - INFO - afastamento_colaboradores - Apagando registros no dia 2024-11-06...
2024-11-11 14:53:07,263 - INFO - afastamento_colaboradores - Registros apagados com sucesso no dia 2024-11-06!
2024-11-11 14:53:07,544 - INFO - afastamento_colaboradores - Numero de linhas inseridas na tabela no dia 2024-11-08: 7
2024-11-11 14:53:07,606 - INFO - afastamento_colaboradores - Numero de linhas inseridas na tabela no dia 2024-11-09: 9
2024-11-11 14:53:07,610 - INFO - afastamento_colaboradores - Numero de linhas inseridas na tabela no dia 2024-11-07: 9
2024-11-11 14:53:07,613 - INFO - afastamento_colaboradores - Apagando registros no dia 2024-11-05...
2024-11-11 14:53:07,686 - INFO - afastamento_colaboradores - Registros apagados com sucesso no dia 2024-11-05!
2024-11-11 14:53:07,689 - INFO - afastamento_colaboradores - Apagando registros no dia 2024-11-04...
2024-11-11 14:53:07,698 - INFO - afastamento_colaboradores - Apagando registros no dia 2024-11-03...
2024-11-11 14:53:07,755 - INFO - afastamento_colaboradores - Numero de linhas inseridas na tabela no dia 2024-11-06: 14
2024-11-11 14:53:07,767 - INFO - afastamento_colaboradores - Registros apagados com sucesso no dia 2024-11-04!
2024-11-11 14:53:07,796 - INFO - afastamento_colaboradores - Registros apagados com sucesso no dia 2024-11-03!
2024-11-11 14:53:07,846 - INFO - afastamento_colaboradores - Apagando registros no dia 2024-11-02...
2024-11-11 14:53:07,920 - INFO - afastamento_colaboradores - Registros apagados com sucesso no dia 2024-11-02!
2024-11-11 14:53:08,203 - INFO - afastamento_colaboradores - Numero de linhas inseridas na tabela no dia 2024-11-05: 27
2024-11-11 14:53:08,277 - INFO - afastamento_colaboradores - Apagando registros no dia 2024-11-01...
2024-11-11 14:53:08,316 - INFO - afastamento_colaboradores - Numero de linhas inseridas na tabela no dia 2024-11-03: 28
2024-11-11 14:53:08,355 - INFO - afastamento_colaboradores - Numero de linhas inseridas na tabela no dia 2024-11-04: 186
2024-11-11 14:53:08,358 - INFO - afastamento_colaboradores - Registros apagados com sucesso no dia 2024-11-01!
2024-11-11 14:53:08,365 - INFO - afastamento_colaboradores - Numero de linhas inseridas na tabela no dia 2024-11-02: 13
2024-11-11 14:53:08,834 - INFO - afastamento_colaboradores - Numero de linhas inseridas na tabela no dia 2024-11-01: 13
2024-11-11 14:53:08,839 - INFO - afastamento_colaboradores - Processo finalizado!
2024-11-11 14:53:15,492 - INFO - afastamento_colaboradores - Processo iniciado!
2024-11-11 14:53:15,569 - INFO - afastamento_colaboradores - Apagando registros no dia 2024-11-10...
2024-11-11 14:53:15,631 - INFO - afastamento_colaboradores - Apagando registros no dia 2024-11-08...
2024-11-11 14:53:15,643 - INFO - afastamento_colaboradores - Apagando registros no dia 2024-11-07...
2024-11-11 14:53:15,648 - INFO - afastamento_colaboradores - Apagando registros no dia 2024-11-09...
2024-11-11 14:53:15,651 - INFO - afastamento_colaboradores - Registros apagados com sucesso no dia 2024-11-10!
2024-11-11 14:53:15,716 - INFO - afastamento_colaboradores - Registros apagados com sucesso no dia 2024-11-08!
2024-11-11 14:53:15,735 - INFO - afastamento_colaboradores - Registros apagados com sucesso no dia 2024-11-09!
2024-11-11 14:53:15,737 - INFO - afastamento_colaboradores - Registros apagados com sucesso no dia 2024-11-07!
2024-11-11 14:53:15,756 - INFO - afastamento_colaboradores - Numero de linhas inseridas na tabela no dia 2024-11-10: 1
2024-11-11 14:53:15,822 - INFO - afastamento_colaboradores - Numero de linhas inseridas na tabela no dia 2024-11-08: 7
2024-11-11 14:53:15,834 - INFO - afastamento_colaboradores - Apagando registros no dia 2024-11-06...
2024-11-11 14:53:15,893 - INFO - afastamento_colaboradores - Apagando registros no dia 2024-11-05...
2024-11-11 14:53:15,908 - INFO - afastamento_colaboradores - Registros apagados com sucesso no dia 2024-11-06!
2024-11-11 14:53:15,966 - INFO - afastamento_colaboradores - Registros apagados com sucesso no dia 2024-11-05!
2024-11-11 14:53:16,159 - INFO - afastamento_colaboradores - Numero de linhas inseridas na tabela no dia 2024-11-09: 9
2024-11-11 14:53:16,164 - INFO - afastamento_colaboradores - Numero de linhas inseridas na tabela no dia 2024-11-07: 9
2024-11-11 14:53:16,228 - INFO - afastamento_colaboradores - Apagando registros no dia 2024-11-04...
2024-11-11 14:53:16,237 - INFO - afastamento_colaboradores - Apagando registros no dia 2024-11-03...
2024-11-11 14:53:16,313 - INFO - afastamento_colaboradores - Registros apagados com sucesso no dia 2024-11-04!
2024-11-11 14:53:16,318 - INFO - afastamento_colaboradores - Registros apagados com sucesso no dia 2024-11-03!
2024-11-11 14:53:16,413 - INFO - afastamento_colaboradores - Numero de linhas inseridas na tabela no dia 2024-11-05: 27
2024-11-11 14:53:16,419 - INFO - afastamento_colaboradores - Numero de linhas inseridas na tabela no dia 2024-11-06: 14
2024-11-11 14:53:16,484 - INFO - afastamento_colaboradores - Apagando registros no dia 2024-11-01...
2024-11-11 14:53:16,485 - INFO - afastamento_colaboradores - Apagando registros no dia 2024-11-02...
2024-11-11 14:53:16,562 - INFO - afastamento_colaboradores - Registros apagados com sucesso no dia 2024-11-01!
2024-11-11 14:53:16,565 - INFO - afastamento_colaboradores - Registros apagados com sucesso no dia 2024-11-02!
2024-11-11 14:53:16,752 - INFO - afastamento_colaboradores - Numero de linhas inseridas na tabela no dia 2024-11-03: 28
2024-11-11 14:53:16,985 - INFO - afastamento_colaboradores - Numero de linhas inseridas na tabela no dia 2024-11-01: 13
2024-11-11 14:53:17,119 - INFO - afastamento_colaboradores - Numero de linhas inseridas na tabela no dia 2024-11-02: 13
2024-11-11 14:53:17,786 - INFO - afastamento_colaboradores - Numero de linhas inseridas na tabela no dia 2024-11-04: 186
2024-11-11 14:53:17,819 - INFO - afastamento_colaboradores - Processo finalizado!
