2024-10-14 20:11:53,573 - INFO - cfop_fiscal - Processo iniciado!
2024-10-14 20:11:54,574 - INFO - cfop_fiscal - O truncamento da tabela foi bem-sucedido.
2024-10-14 20:11:54,574 - INFO - cfop_fiscal - Inserindo dados...
2024-10-14 20:11:54,682 - INFO - cfop_fiscal - column "tipo" of relation "cfop_fiscal" does not exist
LINE 1: INSERT INTO cfop_fiscal (tipo,empresa,filial_erp,filial_linx...
                                 ^

2024-10-14 20:11:54,771 - INFO - cfop_fiscal - column "tipo" of relation "cfop_fiscal" does not exist
LINE 1: INSERT INTO cfop_fiscal (tipo,empresa,filial_erp,filial_linx...
                                 ^

2024-10-14 20:12:55,882 - INFO - cfop_fiscal - Processo iniciado!
2024-10-14 20:12:56,402 - INFO - cfop_fiscal - O truncamento da tabela foi bem-sucedido.
2024-10-14 20:12:56,403 - INFO - cfop_fiscal - Inserindo dados...
2024-10-14 20:12:56,492 - INFO - cfop_fiscal - INSERT has more target columns than expressions
LINE 1: ...ms,valor_icms,valor_isento_icms,valor_outros_icms,total) VAL...
                                                             ^

2024-10-14 20:12:56,583 - INFO - cfop_fiscal - INSERT has more target columns than expressions
LINE 1: ...ms,valor_icms,valor_isento_icms,valor_outros_icms,total) VAL...
                                                             ^

2024-10-14 20:12:59,626 - INFO - cfop_fiscal - INSERT has more target columns than expressions
LINE 1: ...ms,valor_icms,valor_isento_icms,valor_outros_icms,total) VAL...
                                                             ^

2024-10-14 20:12:59,716 - INFO - cfop_fiscal - INSERT has more target columns than expressions
LINE 1: ...ms,valor_icms,valor_isento_icms,valor_outros_icms,total) VAL...
                                                             ^

2024-10-14 20:12:59,822 - INFO - cfop_fiscal - INSERT has more target columns than expressions
LINE 1: ...ms,valor_icms,valor_isento_icms,valor_outros_icms,total) VAL...
                                                             ^

2024-10-14 20:12:59,828 - INFO - cfop_fiscal - Processo finalizado com sucesso!
2024-10-14 20:22:28,390 - INFO - cfop_fiscal - Processo iniciado!
2024-10-14 20:22:29,953 - INFO - cfop_fiscal - O truncamento da tabela foi bem-sucedido.
2024-10-14 20:22:29,954 - INFO - cfop_fiscal - Inserindo dados...
2024-10-14 20:22:30,070 - INFO - cfop_fiscal - INSERT has more target columns than expressions
LINE 1: ...ms,valor_icms,valor_isento_icms,valor_outros_icms,total) VAL...
                                                             ^

2024-10-14 20:22:30,159 - INFO - cfop_fiscal - INSERT has more target columns than expressions
LINE 1: ...ms,valor_icms,valor_isento_icms,valor_outros_icms,total) VAL...
                                                             ^

2024-10-14 20:34:26,705 - INFO - cfop_fiscal - Processo iniciado!
2024-10-14 20:34:31,151 - INFO - cfop_fiscal - O truncamento da tabela foi bem-sucedido.
2024-10-14 20:34:31,154 - INFO - cfop_fiscal - Inserindo dados...
