2024-10-10 11:46:54,403 - INFO - titulos_contas_pagar - Processo iniciado!
2024-10-10 11:46:54,748 - INFO - titulos_contas_pagar - Apagando registros no dia 2024-10-09...
2024-10-10 11:46:54,873 - INFO - titulos_contas_pagar - Registros apagados com sucesso no dia 2024-10-09!
2024-10-10 11:46:54,881 - INFO - ORA-00933: SQL command not properly ended
2024-10-10 11:46:54,884 - INFO - titulos_contas_pagar - Processo finalizado!
2024-10-10 11:46:58,629 - INFO - titulos_contas_pagar - Processo iniciado!
2024-10-10 11:46:58,763 - INFO - titulos_contas_pagar - Apagando registros no dia 2024-10-09...
2024-10-10 11:46:58,843 - INFO - titulos_contas_pagar - Registros apagados com sucesso no dia 2024-10-09!
2024-10-10 11:46:58,851 - INFO - ORA-00933: SQL command not properly ended
2024-10-10 11:46:58,854 - INFO - titulos_contas_pagar - Apagando registros no dia 2024-10-08...
2024-10-10 11:46:58,925 - INFO - titulos_contas_pagar - Registros apagados com sucesso no dia 2024-10-08!
2024-10-10 11:46:58,933 - INFO - ORA-00933: SQL command not properly ended
2024-10-10 11:46:58,936 - INFO - titulos_contas_pagar - Processo finalizado!
2024-10-10 11:47:14,758 - INFO - titulos_contas_pagar - Processo iniciado!
2024-10-10 11:47:14,839 - INFO - titulos_contas_pagar - Apagando registros no dia 2024-10-09...
2024-10-10 11:47:14,911 - INFO - titulos_contas_pagar - Registros apagados com sucesso no dia 2024-10-09!
2024-10-10 11:47:14,917 - INFO - titulos_contas_pagar - Apagando registros no dia 2024-10-08...
2024-10-10 11:47:14,987 - INFO - titulos_contas_pagar - Registros apagados com sucesso no dia 2024-10-08!
2024-10-10 11:47:16,136 - INFO - titulos_contas_pagar - INSERT has more expressions than target columns
LINE 1: ....0,'9999','Empresa','349','303-Globo Parnamirim',19.61,' ');
                                                                  ^

2024-10-10 11:47:16,249 - INFO - titulos_contas_pagar - INSERT has more expressions than target columns
LINE 1: ...999','Empresa','400','227-Globo Raul Lopes',16.79,'REF. AO R...
                                                             ^

2024-10-10 11:47:16,270 - INFO - titulos_contas_pagar - INSERT has more expressions than target columns
LINE 1: ...Propria Empresa Naz For','4','Presidencia',201.24,'BMW X5SBR...
                                                             ^

2024-10-10 11:47:16,373 - INFO - titulos_contas_pagar - INSERT has more expressions than target columns
LINE 1: ...mpresa','348','338-Globo Roberto Freire',25440.14,'REF. A EN...
                                                             ^

2024-10-10 11:47:16,385 - INFO - titulos_contas_pagar - INSERT has more expressions than target columns
LINE 1: ...5',0,'0',0.0,'9999','Empresa','35','Compras',95.7,'VENDAS IN...
                                                             ^

2024-10-10 11:47:16,494 - INFO - titulos_contas_pagar - INSERT has more expressions than target columns
LINE 1: ...,0,'0',0.0,'9999','Empresa','35','Compras',950.33,'VENDAS IN...
                                                             ^

2024-10-10 11:47:16,503 - INFO - titulos_contas_pagar - INSERT has more expressions than target columns
LINE 1: ...',' ',0,'0',0.0,'9999','Empresa','35','Compras',490.02,' ');
                                                                  ^

2024-10-10 11:47:16,605 - INFO - titulos_contas_pagar - INSERT has more expressions than target columns
LINE 1: ...,0,'0',0.0,'9999','Empresa','35','Compras',362.39,'VENDAS IN...
                                                             ^

2024-10-10 11:47:16,608 - INFO - titulos_contas_pagar - Numero de linhas inseridas na tabela no dia 2024-10-09: 4916
2024-10-10 11:47:16,612 - INFO - titulos_contas_pagar - INSERT has more expressions than target columns
LINE 1: ...',0,'0',0.0,'9999','Empresa','35','Compras',78.08,'VENDAS IN...
                                                             ^

2024-10-10 11:47:16,713 - INFO - titulos_contas_pagar - INSERT has more expressions than target columns
LINE 1: ...','Propria Empresa Naz THE','35','Compras',2062.6,'REC.08/10...
                                                             ^

2024-10-10 11:47:16,717 - INFO - titulos_contas_pagar - Numero de linhas inseridas na tabela no dia 2024-10-08: 4971
2024-10-10 11:47:16,723 - INFO - titulos_contas_pagar - Processo finalizado!
2024-10-10 11:50:11,581 - INFO - titulos_contas_pagar - Processo iniciado!
2024-10-10 11:50:11,664 - INFO - titulos_contas_pagar - Apagando registros no dia 2024-10-09...
2024-10-10 11:50:11,726 - INFO - titulos_contas_pagar - Apagando registros no dia 2024-10-08...
2024-10-10 11:50:11,746 - INFO - titulos_contas_pagar - Registros apagados com sucesso no dia 2024-10-09!
2024-10-10 11:50:11,800 - INFO - titulos_contas_pagar - Registros apagados com sucesso no dia 2024-10-08!
2024-10-10 11:50:13,043 - INFO - titulos_contas_pagar - column "valor_movimento" of relation "titulos_contas_pagar" does not exist
LINE 1: ...imo_pagamento,entrada,valor_original,valor_aberto,valor_movi...
                                                             ^

2024-10-10 11:50:13,155 - INFO - titulos_contas_pagar - column "valor_movimento" of relation "titulos_contas_pagar" does not exist
LINE 1: ...imo_pagamento,entrada,valor_original,valor_aberto,valor_movi...
                                                             ^

2024-10-10 11:50:13,192 - INFO - titulos_contas_pagar - column "valor_movimento" of relation "titulos_contas_pagar" does not exist
LINE 1: ...imo_pagamento,entrada,valor_original,valor_aberto,valor_movi...
                                                             ^

2024-10-10 11:50:13,271 - INFO - titulos_contas_pagar - column "valor_movimento" of relation "titulos_contas_pagar" does not exist
LINE 1: ...imo_pagamento,entrada,valor_original,valor_aberto,valor_movi...
                                                             ^

2024-10-10 11:50:13,304 - INFO - titulos_contas_pagar - column "valor_movimento" of relation "titulos_contas_pagar" does not exist
LINE 1: ...imo_pagamento,entrada,valor_original,valor_aberto,valor_movi...
                                                             ^

2024-10-10 11:50:13,384 - INFO - titulos_contas_pagar - column "valor_movimento" of relation "titulos_contas_pagar" does not exist
LINE 1: ...imo_pagamento,entrada,valor_original,valor_aberto,valor_movi...
                                                             ^

2024-10-10 11:50:13,412 - INFO - titulos_contas_pagar - column "valor_movimento" of relation "titulos_contas_pagar" does not exist
LINE 1: ...imo_pagamento,entrada,valor_original,valor_aberto,valor_movi...
                                                             ^

2024-10-10 11:50:13,504 - INFO - titulos_contas_pagar - column "valor_movimento" of relation "titulos_contas_pagar" does not exist
LINE 1: ...imo_pagamento,entrada,valor_original,valor_aberto,valor_movi...
                                                             ^

2024-10-10 11:50:13,507 - INFO - titulos_contas_pagar - Numero de linhas inseridas na tabela no dia 2024-10-09: 4916
2024-10-10 11:50:13,540 - INFO - titulos_contas_pagar - column "valor_movimento" of relation "titulos_contas_pagar" does not exist
LINE 1: ...imo_pagamento,entrada,valor_original,valor_aberto,valor_movi...
                                                             ^

2024-10-10 11:50:13,639 - INFO - titulos_contas_pagar - column "valor_movimento" of relation "titulos_contas_pagar" does not exist
LINE 1: ...imo_pagamento,entrada,valor_original,valor_aberto,valor_movi...
                                                             ^

2024-10-10 11:50:13,645 - INFO - titulos_contas_pagar - Numero de linhas inseridas na tabela no dia 2024-10-08: 4971
2024-10-10 11:50:13,650 - INFO - titulos_contas_pagar - Processo finalizado!
2024-10-10 11:51:41,451 - INFO - titulos_contas_pagar - Processo iniciado!
2024-10-10 11:51:41,534 - INFO - titulos_contas_pagar - Apagando registros no dia 2024-10-09...
2024-10-10 11:51:41,594 - INFO - titulos_contas_pagar - Apagando registros no dia 2024-10-08...
2024-10-10 11:51:41,615 - INFO - titulos_contas_pagar - Registros apagados com sucesso no dia 2024-10-09!
2024-10-10 11:51:41,668 - INFO - titulos_contas_pagar - Registros apagados com sucesso no dia 2024-10-08!
2024-10-10 11:51:47,374 - INFO - titulos_contas_pagar - Numero de linhas inseridas na tabela no dia 2024-10-09: 4916
2024-10-10 11:51:47,462 - INFO - titulos_contas_pagar - Numero de linhas inseridas na tabela no dia 2024-10-08: 4971
2024-10-10 11:51:47,466 - INFO - titulos_contas_pagar - Processo finalizado!
2024-10-10 19:16:27,710 - INFO - f_folha_visao_contabil - Processo iniciado!
2024-10-10 19:16:27,974 - INFO - f_folha_visao_contabil - Apagando registros no dia 2024-10-09...
2024-10-10 19:16:28,066 - INFO - f_folha_visao_contabil - Registros apagados com sucesso no dia 2024-10-09!
2024-10-10 19:16:28,221 - INFO - f_folha_visao_contabil - Apagando registros no dia 2024-10-08...
2024-10-10 19:16:28,226 - INFO - f_folha_visao_contabil - Numero de linhas inseridas na tabela no dia 2024-10-09: 0
2024-10-10 19:16:28,294 - INFO - f_folha_visao_contabil - Registros apagados com sucesso no dia 2024-10-08!
2024-10-10 19:16:28,357 - INFO - f_folha_visao_contabil - Numero de linhas inseridas na tabela no dia 2024-10-08: 0
2024-10-10 19:16:28,361 - INFO - f_folha_visao_contabil - Processo finalizado!
2024-10-10 19:16:31,015 - INFO - f_folha_visao_contabil - Processo iniciado!
2024-10-10 19:16:31,095 - INFO - f_folha_visao_contabil - Apagando registros no dia 2024-10-09...
2024-10-10 19:16:31,162 - INFO - f_folha_visao_contabil - Apagando registros no dia 2024-10-06...
2024-10-10 19:16:31,179 - INFO - f_folha_visao_contabil - Registros apagados com sucesso no dia 2024-10-09!
2024-10-10 19:16:31,187 - INFO - f_folha_visao_contabil - Apagando registros no dia 2024-10-08...
2024-10-10 19:16:31,200 - INFO - f_folha_visao_contabil - Apagando registros no dia 2024-10-07...
2024-10-10 19:16:31,242 - INFO - f_folha_visao_contabil - Registros apagados com sucesso no dia 2024-10-06!
2024-10-10 19:16:31,248 - INFO - f_folha_visao_contabil - Numero de linhas inseridas na tabela no dia 2024-10-09: 0
2024-10-10 19:16:31,314 - INFO - f_folha_visao_contabil - Numero de linhas inseridas na tabela no dia 2024-10-06: 0
2024-10-10 19:16:31,316 - INFO - f_folha_visao_contabil - Registros apagados com sucesso no dia 2024-10-08!
2024-10-10 19:16:31,318 - INFO - f_folha_visao_contabil - Registros apagados com sucesso no dia 2024-10-07!
2024-10-10 19:16:31,325 - INFO - f_folha_visao_contabil - Numero de linhas inseridas na tabela no dia 2024-10-08: 0
2024-10-10 19:16:31,333 - INFO - f_folha_visao_contabil - Apagando registros no dia 2024-10-05...
2024-10-10 19:16:31,376 - INFO - f_folha_visao_contabil - Numero de linhas inseridas na tabela no dia 2024-10-07: 0
2024-10-10 19:16:31,388 - INFO - f_folha_visao_contabil - Apagando registros no dia 2024-10-04...
2024-10-10 19:16:31,399 - INFO - f_folha_visao_contabil - Apagando registros no dia 2024-10-03...
2024-10-10 19:16:31,413 - INFO - f_folha_visao_contabil - Registros apagados com sucesso no dia 2024-10-05!
2024-10-10 19:16:31,438 - INFO - f_folha_visao_contabil - Apagando registros no dia 2024-10-02...
2024-10-10 19:16:31,467 - INFO - f_folha_visao_contabil - Registros apagados com sucesso no dia 2024-10-04!
2024-10-10 19:16:31,474 - INFO - f_folha_visao_contabil - Numero de linhas inseridas na tabela no dia 2024-10-05: 0
2024-10-10 19:16:31,485 - INFO - f_folha_visao_contabil - Registros apagados com sucesso no dia 2024-10-03!
2024-10-10 19:16:31,532 - INFO - f_folha_visao_contabil - Numero de linhas inseridas na tabela no dia 2024-10-04: 0
2024-10-10 19:16:31,543 - INFO - f_folha_visao_contabil - Registros apagados com sucesso no dia 2024-10-02!
2024-10-10 19:16:31,546 - INFO - f_folha_visao_contabil - Numero de linhas inseridas na tabela no dia 2024-10-03: 0
2024-10-10 19:16:31,560 - INFO - f_folha_visao_contabil - Apagando registros no dia 2024-10-01...
2024-10-10 19:16:31,603 - INFO - f_folha_visao_contabil - Apagando registros no dia 2024-09-30...
2024-10-10 19:16:31,607 - INFO - f_folha_visao_contabil - Numero de linhas inseridas na tabela no dia 2024-10-02: 0
2024-10-10 19:16:31,644 - INFO - f_folha_visao_contabil - Registros apagados com sucesso no dia 2024-10-01!
2024-10-10 19:16:31,677 - INFO - f_folha_visao_contabil - Registros apagados com sucesso no dia 2024-09-30!
2024-10-10 19:16:31,704 - INFO - f_folha_visao_contabil - Numero de linhas inseridas na tabela no dia 2024-10-01: 0
2024-10-10 19:16:34,816 - INFO - f_folha_visao_contabil - INSERT has more expressions than target columns
LINE 1: ...BO HOMERO',549,394,1208,'Ajuste INSS 13_o Sal','D',3049895);
                                                              ^

2024-10-10 19:16:35,158 - INFO - f_folha_visao_contabil - INSERT has more expressions than target columns
LINE 1: ...s Humanos',540,392,1202,'Valor Provisão 13.Sal','D',453047);
                                                               ^

2024-10-10 19:16:35,391 - INFO - f_folha_visao_contabil - INSERT has more expressions than target columns
LINE 1: ...são HB I',549,394,1207,'Provisão INSS 13_o Sal','D',453047);
                                                               ^

2024-10-10 19:16:35,492 - INFO - f_folha_visao_contabil - INSERT has more expressions than target columns
LINE 1: ...arketing',541,393,1228,'Ajuste 1/3 Prov.Férias','D',453047);
                                                               ^

2024-10-10 19:16:35,597 - INFO - f_folha_visao_contabil - INSERT has more expressions than target columns
LINE 1: ...tica Reversa',549,360,1251,'Acidente Trab. GPS','D',453047);
                                                               ^

2024-10-10 19:16:35,695 - INFO - f_folha_visao_contabil - INSERT has more expressions than target columns
LINE 1: ... Reversa',549,394,1207,'Provisão INSS 13_o Sal','D',453047);
                                                               ^

2024-10-10 19:16:35,794 - INFO - f_folha_visao_contabil - INSERT has more expressions than target columns
LINE 1: ...ATIMA II',540,392,1202,'Valor Provisão 13.Sal','D',3049896);
                                                              ^

2024-10-10 19:16:35,898 - INFO - f_folha_visao_contabil - INSERT has more expressions than target columns
LINE 1: ...7','Produção',397,548,1230,'Ajuste FGTS Férias','C',453048);
                                                               ^

2024-10-10 19:16:36,000 - INFO - f_folha_visao_contabil - INSERT has more expressions than target columns
LINE 1: ...Produção',549,394,1207,'Provisão INSS 13_o Sal','D',453048);
                                                               ^

2024-10-10 19:16:36,090 - INFO - f_folha_visao_contabil - INSERT has more expressions than target columns
LINE 1: ...xpedição e Logistica Reversa',354,360,52,'INSS','C',453048);
                                                               ^

2024-10-10 19:16:36,184 - INFO - f_folha_visao_contabil - INSERT has more expressions than target columns
LINE 1: ...','Produção',549,360,1252,'Parte Terceiros GPS','D',453048);
                                                               ^

2024-10-10 19:16:36,280 - INFO - f_folha_visao_contabil - INSERT has more expressions than target columns
LINE 1: ....48,'12','Credito e Cobrança',548,361,54,'FGTS','D',453048);
                                                               ^

2024-10-10 19:16:36,403 - INFO - f_folha_visao_contabil - INSERT has more expressions than target columns
LINE 1: ...2','016 - GLOBO KENNEDY',354,135,50,'Clientes','C',3049897);
                                                              ^

2024-10-10 19:16:36,497 - INFO - f_folha_visao_contabil - INSERT has more expressions than target columns
LINE 1: ...,'Produção',548,397,1229,'Provisão FGTS Férias','D',453049);
                                                               ^

2024-10-10 19:16:36,591 - INFO - f_folha_visao_contabil - INSERT has more expressions than target columns
LINE 1: ...'Produção',540,392,1202,'Valor Provisão 13.Sal','D',453049);
                                                               ^

2024-10-10 19:16:36,703 - INFO - f_folha_visao_contabil - INSERT has more expressions than target columns
LINE 1: ...ca Reversa',548,397,1229,'Provisão FGTS Férias','D',453049);
                                                               ^

2024-10-10 19:16:36,827 - INFO - f_folha_visao_contabil - INSERT has more expressions than target columns
LINE 1: ...emarketing',551,354,13,'Comissões sobre Vendas','D',453049);
                                                               ^

2024-10-10 19:16:36,922 - INFO - f_folha_visao_contabil - INSERT has more expressions than target columns
LINE 1: ...ministrativo',549,360,1251,'Acidente Trab. GPS','D',453049);
                                                               ^

2024-10-10 19:17:08,500 - INFO - f_folha_visao_contabil - Processo iniciado!
2024-10-10 19:17:08,590 - INFO - f_folha_visao_contabil - Apagando registros no dia 2024-10-09...
2024-10-10 19:17:08,655 - INFO - f_folha_visao_contabil - Apagando registros no dia 2024-10-08...
2024-10-10 19:17:08,662 - INFO - f_folha_visao_contabil - Apagando registros no dia 2024-10-07...
2024-10-10 19:17:08,680 - INFO - f_folha_visao_contabil - Registros apagados com sucesso no dia 2024-10-09!
2024-10-10 19:17:08,684 - INFO - f_folha_visao_contabil - Apagando registros no dia 2024-10-06...
2024-10-10 19:17:08,687 - INFO - f_folha_visao_contabil - Numero de linhas inseridas na tabela no dia 2024-10-09: 0
2024-10-10 19:17:08,743 - INFO - f_folha_visao_contabil - Registros apagados com sucesso no dia 2024-10-08!
2024-10-10 19:17:08,754 - INFO - f_folha_visao_contabil - Numero de linhas inseridas na tabela no dia 2024-10-08: 0
2024-10-10 19:17:08,768 - INFO - f_folha_visao_contabil - Registros apagados com sucesso no dia 2024-10-07!
2024-10-10 19:17:08,777 - INFO - f_folha_visao_contabil - Apagando registros no dia 2024-10-05...
2024-10-10 19:17:08,801 - INFO - f_folha_visao_contabil - Registros apagados com sucesso no dia 2024-10-06!
2024-10-10 19:17:08,839 - INFO - f_folha_visao_contabil - Numero de linhas inseridas na tabela no dia 2024-10-07: 0
2024-10-10 19:17:08,856 - INFO - f_folha_visao_contabil - Apagando registros no dia 2024-10-04...
2024-10-10 19:17:08,860 - INFO - f_folha_visao_contabil - Numero de linhas inseridas na tabela no dia 2024-10-06: 0
2024-10-10 19:17:08,879 - INFO - f_folha_visao_contabil - Registros apagados com sucesso no dia 2024-10-05!
2024-10-10 19:17:08,902 - INFO - f_folha_visao_contabil - Numero de linhas inseridas na tabela no dia 2024-10-05: 0
2024-10-10 19:17:08,934 - INFO - f_folha_visao_contabil - Apagando registros no dia 2024-10-03...
2024-10-10 19:17:08,937 - INFO - f_folha_visao_contabil - Apagando registros no dia 2024-10-02...
2024-10-10 19:17:08,951 - INFO - f_folha_visao_contabil - Registros apagados com sucesso no dia 2024-10-04!
2024-10-10 19:17:08,958 - INFO - f_folha_visao_contabil - Numero de linhas inseridas na tabela no dia 2024-10-04: 0
2024-10-10 19:17:08,994 - INFO - f_folha_visao_contabil - Apagando registros no dia 2024-10-01...
2024-10-10 19:17:09,022 - INFO - f_folha_visao_contabil - Registros apagados com sucesso no dia 2024-10-03!
2024-10-10 19:17:09,032 - INFO - f_folha_visao_contabil - Apagando registros no dia 2024-09-30...
2024-10-10 19:17:09,035 - INFO - f_folha_visao_contabil - Registros apagados com sucesso no dia 2024-10-02!
2024-10-10 19:17:09,038 - INFO - f_folha_visao_contabil - Numero de linhas inseridas na tabela no dia 2024-10-03: 0
2024-10-10 19:17:09,044 - INFO - f_folha_visao_contabil - Numero de linhas inseridas na tabela no dia 2024-10-02: 0
2024-10-10 19:17:09,079 - INFO - f_folha_visao_contabil - Registros apagados com sucesso no dia 2024-10-01!
2024-10-10 19:17:09,092 - INFO - f_folha_visao_contabil - Numero de linhas inseridas na tabela no dia 2024-10-01: 0
2024-10-10 19:17:09,117 - INFO - f_folha_visao_contabil - Registros apagados com sucesso no dia 2024-09-30!
