2024-10-18 20:48:12,908 - INFO - f_mapear_contas_lanc_contabil - Processo iniciado!
2024-10-18 20:48:13,086 - INFO - f_mapear_contas_lanc_contabil - Apagando registros no dia 2024-10-17...
2024-10-18 20:48:13,385 - INFO - f_mapear_contas_lanc_contabil - Registros apagados com sucesso no dia 2024-10-17!
2024-10-18 20:48:13,920 - INFO - f_mapear_contas_lanc_contabil - Numero de linhas inseridas na tabela no dia 2024-10-17: 0
2024-10-18 20:48:13,924 - INFO - f_mapear_contas_lanc_contabil - Processo finalizado!
2024-10-18 20:48:16,983 - INFO - f_mapear_contas_lanc_contabil - Processo iniciado!
2024-10-18 20:48:17,059 - INFO - f_mapear_contas_lanc_contabil - Apagando registros no dia 2024-10-17...
2024-10-18 20:48:17,145 - INFO - f_mapear_contas_lanc_contabil - Registros apagados com sucesso no dia 2024-10-17!
2024-10-18 20:48:17,182 - INFO - f_mapear_contas_lanc_contabil - Apagando registros no dia 2024-10-16...
2024-10-18 20:48:17,212 - INFO - f_mapear_contas_lanc_contabil - Numero de linhas inseridas na tabela no dia 2024-10-17: 0
2024-10-18 20:48:17,257 - INFO - f_mapear_contas_lanc_contabil - Registros apagados com sucesso no dia 2024-10-16!
2024-10-18 20:48:18,132 - INFO - f_mapear_contas_lanc_contabil - Numero de linhas inseridas na tabela no dia 2024-10-16: 0
2024-10-18 20:48:18,137 - INFO - f_mapear_contas_lanc_contabil - Processo finalizado!
2024-10-18 20:48:21,303 - INFO - f_mapear_contas_lanc_contabil - Processo iniciado!
2024-10-18 20:48:21,384 - INFO - f_mapear_contas_lanc_contabil - Apagando registros no dia 2024-10-17...
2024-10-18 20:48:21,454 - INFO - f_mapear_contas_lanc_contabil - Apagando registros no dia 2024-10-16...
2024-10-18 20:48:21,457 - INFO - f_mapear_contas_lanc_contabil - Apagando registros no dia 2024-10-14...
2024-10-18 20:48:21,462 - INFO - f_mapear_contas_lanc_contabil - Apagando registros no dia 2024-10-15...
2024-10-18 20:48:21,470 - INFO - f_mapear_contas_lanc_contabil - Registros apagados com sucesso no dia 2024-10-17!
2024-10-18 20:48:21,482 - INFO - f_mapear_contas_lanc_contabil - Numero de linhas inseridas na tabela no dia 2024-10-17: 0
2024-10-18 20:48:21,549 - INFO - f_mapear_contas_lanc_contabil - Registros apagados com sucesso no dia 2024-10-16!
2024-10-18 20:48:21,559 - INFO - f_mapear_contas_lanc_contabil - Registros apagados com sucesso no dia 2024-10-14!
2024-10-18 20:48:21,560 - INFO - f_mapear_contas_lanc_contabil - Registros apagados com sucesso no dia 2024-10-15!
2024-10-18 20:48:21,565 - INFO - f_mapear_contas_lanc_contabil - Apagando registros no dia 2024-10-13...
2024-10-18 20:48:21,639 - INFO - f_mapear_contas_lanc_contabil - Registros apagados com sucesso no dia 2024-10-13!
2024-10-18 20:48:21,834 - INFO - f_mapear_contas_lanc_contabil - Numero de linhas inseridas na tabela no dia 2024-10-16: 0
2024-10-18 20:48:21,904 - INFO - f_mapear_contas_lanc_contabil - Apagando registros no dia 2024-10-12...
2024-10-18 20:48:21,946 - INFO - f_mapear_contas_lanc_contabil - Numero de linhas inseridas na tabela no dia 2024-10-13: 0
2024-10-18 20:48:21,985 - INFO - f_mapear_contas_lanc_contabil - Registros apagados com sucesso no dia 2024-10-12!
2024-10-18 20:48:22,022 - INFO - f_mapear_contas_lanc_contabil - Apagando registros no dia 2024-10-11...
2024-10-18 20:48:22,097 - INFO - f_mapear_contas_lanc_contabil - Registros apagados com sucesso no dia 2024-10-11!
2024-10-18 20:48:22,231 - INFO - f_mapear_contas_lanc_contabil - INSERT has more expressions than target columns
LINE 1: ...,6.12,454702,'PAG','Contas Pagar-Movimentos','35','Compras',...
                                                             ^

2024-10-18 20:48:22,232 - INFO - f_mapear_contas_lanc_contabil - INSERT has more expressions than target columns
LINE 1: ...22500,454487,'CPR','Suprimentos-NF Entradas','20','Recursos ...
                                                             ^

2024-10-18 20:48:22,234 - INFO - f_mapear_contas_lanc_contabil - Numero de linhas inseridas na tabela no dia 2024-10-14: 27
2024-10-18 20:48:22,235 - INFO - f_mapear_contas_lanc_contabil - Numero de linhas inseridas na tabela no dia 2024-10-15: 23
2024-10-18 20:48:22,306 - INFO - f_mapear_contas_lanc_contabil - Apagando registros no dia 2024-10-10...
2024-10-18 20:48:22,310 - INFO - f_mapear_contas_lanc_contabil - Apagando registros no dia 2024-10-09...
2024-10-18 20:48:22,395 - INFO - f_mapear_contas_lanc_contabil - Registros apagados com sucesso no dia 2024-10-10!
2024-10-18 20:48:22,403 - INFO - f_mapear_contas_lanc_contabil - Registros apagados com sucesso no dia 2024-10-09!
2024-10-18 20:48:22,535 - INFO - f_mapear_contas_lanc_contabil - INSERT has more expressions than target columns
LINE 1: ...0.03,454515,'PAG','Contas Pagar-Movimentos','374','Divisão H...
                                                             ^

2024-10-18 20:48:22,540 - INFO - f_mapear_contas_lanc_contabil - Numero de linhas inseridas na tabela no dia 2024-10-11: 50
2024-10-18 20:48:22,544 - INFO - f_mapear_contas_lanc_contabil - Numero de linhas inseridas na tabela no dia 2024-10-12: 0
2024-10-18 20:48:22,614 - INFO - f_mapear_contas_lanc_contabil - Apagando registros no dia 2024-10-08...
2024-10-18 20:48:22,619 - INFO - f_mapear_contas_lanc_contabil - Apagando registros no dia 2024-10-07...
2024-10-18 20:48:22,707 - INFO - f_mapear_contas_lanc_contabil - Registros apagados com sucesso no dia 2024-10-07!
2024-10-18 20:48:22,708 - INFO - f_mapear_contas_lanc_contabil - Registros apagados com sucesso no dia 2024-10-08!
2024-10-18 20:48:23,017 - INFO - f_mapear_contas_lanc_contabil - INSERT has more expressions than target columns
LINE 1: ...s',16533.06,454572,'VEN','Mercado-NF Saidas','37','Vendas/Te...
                                                             ^

2024-10-18 20:48:23,020 - INFO - f_mapear_contas_lanc_contabil - Numero de linhas inseridas na tabela no dia 2024-10-10: 76
2024-10-18 20:48:23,093 - INFO - f_mapear_contas_lanc_contabil - Apagando registros no dia 2024-10-06...
2024-10-18 20:48:23,166 - INFO - f_mapear_contas_lanc_contabil - Registros apagados com sucesso no dia 2024-10-06!
2024-10-18 20:48:23,319 - INFO - f_mapear_contas_lanc_contabil - INSERT has more expressions than target columns
LINE 1: ...794,454609,'REC','Contas Receber-Movimentos','37','Vendas/Te...
                                                             ^

2024-10-18 20:48:23,324 - INFO - f_mapear_contas_lanc_contabil - Numero de linhas inseridas na tabela no dia 2024-10-09: 45
2024-10-18 20:48:23,467 - INFO - f_mapear_contas_lanc_contabil - INSERT has more expressions than target columns
LINE 1: ...431,454383,'REC','Contas Receber-Movimentos','37','Vendas/Te...
                                                             ^

2024-10-18 20:48:23,471 - INFO - f_mapear_contas_lanc_contabil - Numero de linhas inseridas na tabela no dia 2024-10-07: 65
2024-10-18 20:48:23,473 - INFO - f_mapear_contas_lanc_contabil - Apagando registros no dia 2024-10-05...
2024-10-18 20:48:23,543 - INFO - f_mapear_contas_lanc_contabil - Apagando registros no dia 2024-10-04...
2024-10-18 20:48:23,552 - INFO - f_mapear_contas_lanc_contabil - Registros apagados com sucesso no dia 2024-10-05!
2024-10-18 20:48:23,622 - INFO - f_mapear_contas_lanc_contabil - Registros apagados com sucesso no dia 2024-10-04!
2024-10-18 20:48:23,727 - INFO - f_mapear_contas_lanc_contabil - Numero de linhas inseridas na tabela no dia 2024-10-06: 0
2024-10-18 20:48:23,801 - INFO - f_mapear_contas_lanc_contabil - Apagando registros no dia 2024-10-03...
2024-10-18 20:48:23,827 - INFO - f_mapear_contas_lanc_contabil - INSERT has more expressions than target columns
LINE 1: ....76,454608,'REC','Contas Receber-Movimentos','37','Vendas/Te...
                                                             ^

2024-10-18 20:48:23,829 - INFO - f_mapear_contas_lanc_contabil - Numero de linhas inseridas na tabela no dia 2024-10-08: 104
2024-10-18 20:48:23,888 - INFO - f_mapear_contas_lanc_contabil - Registros apagados com sucesso no dia 2024-10-03!
2024-10-18 20:48:23,913 - INFO - f_mapear_contas_lanc_contabil - Apagando registros no dia 2024-10-02...
2024-10-18 20:48:23,917 - INFO - f_mapear_contas_lanc_contabil - INSERT has more expressions than target columns
LINE 1: ...das',445.53,454568,'VEN','Mercado-NF Saidas','37','Vendas/Te...
                                                             ^

2024-10-18 20:48:23,920 - INFO - f_mapear_contas_lanc_contabil - Numero de linhas inseridas na tabela no dia 2024-10-05: 5
2024-10-18 20:48:23,989 - INFO - f_mapear_contas_lanc_contabil - Registros apagados com sucesso no dia 2024-10-02!
2024-10-18 20:48:23,993 - INFO - f_mapear_contas_lanc_contabil - Apagando registros no dia 2024-10-01...
2024-10-18 20:48:24,068 - INFO - f_mapear_contas_lanc_contabil - Registros apagados com sucesso no dia 2024-10-01!
2024-10-18 20:48:24,618 - INFO - f_mapear_contas_lanc_contabil - INSERT has more expressions than target columns
LINE 1: ....59,454606,'REC','Contas Receber-Movimentos','37','Vendas/Te...
                                                             ^

2024-10-18 20:48:24,623 - INFO - f_mapear_contas_lanc_contabil - Numero de linhas inseridas na tabela no dia 2024-10-04: 72
2024-10-18 20:48:24,654 - INFO - f_mapear_contas_lanc_contabil - INSERT has more expressions than target columns
LINE 1: ...4.5,454605,'REC','Contas Receber-Movimentos','37','Vendas/Te...
                                                             ^

2024-10-18 20:48:24,656 - INFO - f_mapear_contas_lanc_contabil - Numero de linhas inseridas na tabela no dia 2024-10-03: 162
2024-10-18 20:48:24,695 - INFO - f_mapear_contas_lanc_contabil - Apagando registros no dia 2024-09-30...
2024-10-18 20:48:24,742 - INFO - f_mapear_contas_lanc_contabil - Apagando registros no dia 2024-09-29...
2024-10-18 20:48:24,776 - INFO - f_mapear_contas_lanc_contabil - Registros apagados com sucesso no dia 2024-09-30!
2024-10-18 20:48:24,821 - INFO - f_mapear_contas_lanc_contabil - Registros apagados com sucesso no dia 2024-09-29!
2024-10-18 20:48:25,043 - INFO - f_mapear_contas_lanc_contabil - INSERT has more expressions than target columns
LINE 1: ....13,454604,'REC','Contas Receber-Movimentos','37','Vendas/Te...
                                                             ^

2024-10-18 20:48:25,047 - INFO - f_mapear_contas_lanc_contabil - Numero de linhas inseridas na tabela no dia 2024-10-02: 90
2024-10-18 20:48:25,114 - INFO - f_mapear_contas_lanc_contabil - Apagando registros no dia 2024-09-28...
2024-10-18 20:48:25,191 - INFO - f_mapear_contas_lanc_contabil - Registros apagados com sucesso no dia 2024-09-28!
2024-10-18 20:48:25,269 - INFO - f_mapear_contas_lanc_contabil - INSERT has more expressions than target columns
LINE 1: ....11,454397,'REC','Contas Receber-Movimentos','37','Vendas/Te...
                                                             ^

2024-10-18 20:48:25,272 - INFO - f_mapear_contas_lanc_contabil - Numero de linhas inseridas na tabela no dia 2024-10-01: 144
2024-10-18 20:48:25,350 - INFO - f_mapear_contas_lanc_contabil - Apagando registros no dia 2024-09-27...
2024-10-18 20:48:25,427 - INFO - f_mapear_contas_lanc_contabil - Registros apagados com sucesso no dia 2024-09-27!
2024-10-18 20:48:26,074 - INFO - f_mapear_contas_lanc_contabil - INSERT has more expressions than target columns
LINE 1: ...m Pessoal',11.71,3047811,'TES','Tesouraria','376','252-Globo...
                                                             ^

2024-10-18 20:48:26,213 - INFO - f_mapear_contas_lanc_contabil - INSERT has more expressions than target columns
LINE 1: ...endas',4.2,3046630,'VEN','Mercado-NF Saidas','37','Vendas/Te...
                                                             ^

2024-10-18 20:48:26,216 - INFO - f_mapear_contas_lanc_contabil - Numero de linhas inseridas na tabela no dia 2024-09-29: 1163
2024-10-18 20:48:26,308 - INFO - f_mapear_contas_lanc_contabil - Apagando registros no dia 2024-09-26...
2024-10-18 20:48:26,382 - INFO - f_mapear_contas_lanc_contabil - Registros apagados com sucesso no dia 2024-09-26!
2024-10-18 20:55:40,789 - INFO - f_mapear_contas_lanc_contabil - Processo iniciado!
2024-10-18 20:55:40,874 - INFO - f_mapear_contas_lanc_contabil - Apagando registros no dia 2024-10-17...
2024-10-18 20:55:40,948 - INFO - f_mapear_contas_lanc_contabil - Apagando registros no dia 2024-10-14...
2024-10-18 20:55:40,961 - INFO - f_mapear_contas_lanc_contabil - Apagando registros no dia 2024-10-15...
2024-10-18 20:55:40,961 - INFO - f_mapear_contas_lanc_contabil - Registros apagados com sucesso no dia 2024-10-17!
2024-10-18 20:55:40,969 - INFO - f_mapear_contas_lanc_contabil - Apagando registros no dia 2024-10-16...
2024-10-18 20:55:40,977 - INFO - f_mapear_contas_lanc_contabil - Numero de linhas inseridas na tabela no dia 2024-10-17: 0
2024-10-18 20:55:41,049 - INFO - f_mapear_contas_lanc_contabil - Apagando registros no dia 2024-10-13...
2024-10-18 20:55:41,061 - INFO - f_mapear_contas_lanc_contabil - Registros apagados com sucesso no dia 2024-10-14!
2024-10-18 20:55:41,067 - INFO - f_mapear_contas_lanc_contabil - Registros apagados com sucesso no dia 2024-10-15!
2024-10-18 20:55:41,067 - INFO - f_mapear_contas_lanc_contabil - Registros apagados com sucesso no dia 2024-10-16!
2024-10-18 20:55:41,080 - INFO - f_mapear_contas_lanc_contabil - Numero de linhas inseridas na tabela no dia 2024-10-16: 0
2024-10-18 20:55:41,131 - INFO - f_mapear_contas_lanc_contabil - Registros apagados com sucesso no dia 2024-10-13!
2024-10-18 20:55:41,153 - INFO - f_mapear_contas_lanc_contabil - Apagando registros no dia 2024-10-12...
2024-10-18 20:55:41,233 - INFO - f_mapear_contas_lanc_contabil - Registros apagados com sucesso no dia 2024-10-12!
2024-10-18 20:55:41,264 - INFO - f_mapear_contas_lanc_contabil - INSERT has more expressions than target columns
LINE 1: ...22500,454487,'CPR','Suprimentos-NF Entradas','20','Recursos ...
                                                             ^

2024-10-18 20:55:41,267 - INFO - f_mapear_contas_lanc_contabil - Numero de linhas inseridas na tabela no dia 2024-10-15: 23
2024-10-18 20:55:41,349 - INFO - f_mapear_contas_lanc_contabil - Apagando registros no dia 2024-10-11...
2024-10-18 20:55:41,429 - INFO - f_mapear_contas_lanc_contabil - Registros apagados com sucesso no dia 2024-10-11!
2024-10-18 20:55:41,452 - INFO - f_mapear_contas_lanc_contabil - INSERT has more expressions than target columns
LINE 1: ...,6.12,454702,'PAG','Contas Pagar-Movimentos','35','Compras',...
                                                             ^

2024-10-18 20:55:41,454 - INFO - f_mapear_contas_lanc_contabil - Numero de linhas inseridas na tabela no dia 2024-10-14: 27
2024-10-18 20:55:41,516 - INFO - f_mapear_contas_lanc_contabil - Numero de linhas inseridas na tabela no dia 2024-10-12: 0
2024-10-18 20:55:41,523 - INFO - f_mapear_contas_lanc_contabil - Apagando registros no dia 2024-10-10...
2024-10-18 20:55:41,587 - INFO - f_mapear_contas_lanc_contabil - Apagando registros no dia 2024-10-09...
2024-10-18 20:55:41,603 - INFO - f_mapear_contas_lanc_contabil - Registros apagados com sucesso no dia 2024-10-10!
2024-10-18 20:55:41,664 - INFO - f_mapear_contas_lanc_contabil - Registros apagados com sucesso no dia 2024-10-09!
2024-10-18 20:55:41,702 - INFO - f_mapear_contas_lanc_contabil - Numero de linhas inseridas na tabela no dia 2024-10-13: 0
2024-10-18 20:55:41,768 - INFO - f_mapear_contas_lanc_contabil - Apagando registros no dia 2024-10-08...
2024-10-18 20:55:41,843 - INFO - f_mapear_contas_lanc_contabil - Registros apagados com sucesso no dia 2024-10-08!
2024-10-18 20:55:41,908 - INFO - f_mapear_contas_lanc_contabil - INSERT has more expressions than target columns
LINE 1: ...794,454609,'REC','Contas Receber-Movimentos','37','Vendas/Te...
                                                             ^

2024-10-18 20:55:41,910 - INFO - f_mapear_contas_lanc_contabil - Numero de linhas inseridas na tabela no dia 2024-10-09: 45
2024-10-18 20:55:41,980 - INFO - f_mapear_contas_lanc_contabil - Apagando registros no dia 2024-10-07...
2024-10-18 20:55:42,024 - INFO - f_mapear_contas_lanc_contabil - INSERT has more expressions than target columns
LINE 1: ...s',16533.06,454572,'VEN','Mercado-NF Saidas','37','Vendas/Te...
                                                             ^

2024-10-18 20:55:42,028 - INFO - f_mapear_contas_lanc_contabil - Numero de linhas inseridas na tabela no dia 2024-10-10: 76
2024-10-18 20:55:42,061 - INFO - f_mapear_contas_lanc_contabil - Registros apagados com sucesso no dia 2024-10-07!
2024-10-18 20:55:42,106 - INFO - f_mapear_contas_lanc_contabil - Apagando registros no dia 2024-10-06...
2024-10-18 20:55:42,142 - INFO - f_mapear_contas_lanc_contabil - INSERT has more expressions than target columns
LINE 1: ...0.03,454515,'PAG','Contas Pagar-Movimentos','374','Divisão H...
                                                             ^

2024-10-18 20:55:42,144 - INFO - f_mapear_contas_lanc_contabil - Numero de linhas inseridas na tabela no dia 2024-10-11: 50
2024-10-18 20:55:42,187 - INFO - f_mapear_contas_lanc_contabil - Registros apagados com sucesso no dia 2024-10-06!
2024-10-18 20:55:42,220 - INFO - f_mapear_contas_lanc_contabil - Apagando registros no dia 2024-10-05...
2024-10-18 20:55:42,294 - INFO - f_mapear_contas_lanc_contabil - Registros apagados com sucesso no dia 2024-10-05!
2024-10-18 20:55:42,472 - INFO - f_mapear_contas_lanc_contabil - Numero de linhas inseridas na tabela no dia 2024-10-06: 0
2024-10-18 20:55:42,541 - INFO - f_mapear_contas_lanc_contabil - Apagando registros no dia 2024-10-04...
2024-10-18 20:55:42,576 - INFO - f_mapear_contas_lanc_contabil - INSERT has more expressions than target columns
LINE 1: ....76,454608,'REC','Contas Receber-Movimentos','37','Vendas/Te...
                                                             ^

2024-10-18 20:55:42,578 - INFO - f_mapear_contas_lanc_contabil - Numero de linhas inseridas na tabela no dia 2024-10-08: 104
2024-10-18 20:55:42,622 - INFO - f_mapear_contas_lanc_contabil - Registros apagados com sucesso no dia 2024-10-04!
2024-10-18 20:55:42,652 - INFO - f_mapear_contas_lanc_contabil - Apagando registros no dia 2024-10-03...
2024-10-18 20:55:42,723 - INFO - f_mapear_contas_lanc_contabil - Registros apagados com sucesso no dia 2024-10-03!
2024-10-18 20:55:42,929 - INFO - f_mapear_contas_lanc_contabil - INSERT has more expressions than target columns
LINE 1: ...das',445.53,454568,'VEN','Mercado-NF Saidas','37','Vendas/Te...
                                                             ^

2024-10-18 20:55:42,932 - INFO - f_mapear_contas_lanc_contabil - Numero de linhas inseridas na tabela no dia 2024-10-05: 5
