2024-10-21 11:29:49,861 - INFO - f_mapear_contas_lanc_contabil - Processo iniciado!
2024-10-21 11:29:50,094 - INFO - f_mapear_contas_lanc_contabil - Apagando registros no dia 2024-10-20...
2024-10-21 11:29:50,163 - INFO - f_mapear_contas_lanc_contabil - Apagando registros no dia 2024-10-18...
2024-10-21 11:29:50,163 - INFO - f_mapear_contas_lanc_contabil - Apagando registros no dia 2024-10-19...
2024-10-21 11:29:50,193 - INFO - f_mapear_contas_lanc_contabil - Registros apagados com sucesso no dia 2024-10-20!
2024-10-21 11:29:50,201 - INFO - f_mapear_contas_lanc_contabil - Apagando registros no dia 2024-10-17...
2024-10-21 11:29:50,251 - INFO - f_mapear_contas_lanc_contabil - Registros apagados com sucesso no dia 2024-10-18!
2024-10-21 11:29:50,258 - INFO - f_mapear_contas_lanc_contabil - Registros apagados com sucesso no dia 2024-10-19!
2024-10-21 11:29:50,312 - INFO - f_mapear_contas_lanc_contabil - Registros apagados com sucesso no dia 2024-10-17!
2024-10-21 11:29:50,868 - INFO - f_mapear_contas_lanc_contabil - Numero de linhas inseridas na tabela no dia 2024-10-20: 0
2024-10-21 11:29:50,869 - INFO - f_mapear_contas_lanc_contabil - Numero de linhas inseridas na tabela no dia 2024-10-18: 0
2024-10-21 11:29:50,870 - INFO - f_mapear_contas_lanc_contabil - Numero de linhas inseridas na tabela no dia 2024-10-19: 0
2024-10-21 11:29:50,871 - INFO - f_mapear_contas_lanc_contabil - Numero de linhas inseridas na tabela no dia 2024-10-17: 0
2024-10-21 11:29:50,946 - INFO - f_mapear_contas_lanc_contabil - Apagando registros no dia 2024-10-14...
2024-10-21 11:29:50,947 - INFO - f_mapear_contas_lanc_contabil - Apagando registros no dia 2024-10-13...
2024-10-21 11:29:50,948 - INFO - f_mapear_contas_lanc_contabil - Apagando registros no dia 2024-10-15...
2024-10-21 11:29:50,955 - INFO - f_mapear_contas_lanc_contabil - Apagando registros no dia 2024-10-16...
2024-10-21 11:29:51,039 - INFO - f_mapear_contas_lanc_contabil - Registros apagados com sucesso no dia 2024-10-14!
2024-10-21 11:29:51,043 - INFO - f_mapear_contas_lanc_contabil - Registros apagados com sucesso no dia 2024-10-13!
2024-10-21 11:29:51,052 - INFO - f_mapear_contas_lanc_contabil - Registros apagados com sucesso no dia 2024-10-15!
2024-10-21 11:29:51,096 - INFO - f_mapear_contas_lanc_contabil - Registros apagados com sucesso no dia 2024-10-16!
2024-10-21 11:29:51,612 - INFO - f_mapear_contas_lanc_contabil - Numero de linhas inseridas na tabela no dia 2024-10-16: 0
2024-10-21 11:29:51,616 - INFO - f_mapear_contas_lanc_contabil - Numero de linhas inseridas na tabela no dia 2024-10-13: 0
2024-10-21 11:29:51,714 - INFO - f_mapear_contas_lanc_contabil - Apagando registros no dia 2024-10-12...
2024-10-21 11:29:51,723 - INFO - f_mapear_contas_lanc_contabil - Apagando registros no dia 2024-10-11...
2024-10-21 11:29:51,753 - INFO - f_mapear_contas_lanc_contabil - INSERT has more expressions than target columns
LINE 1: ...,6.12,454702,'PAG','Contas Pagar-Movimentos','35','Compras',...
                                                             ^

2024-10-21 11:29:51,754 - INFO - f_mapear_contas_lanc_contabil - INSERT has more expressions than target columns
LINE 1: ...22500,454487,'CPR','Suprimentos-NF Entradas','20','Recursos ...
                                                             ^

2024-10-21 11:29:51,757 - INFO - f_mapear_contas_lanc_contabil - Numero de linhas inseridas na tabela no dia 2024-10-14: 27
2024-10-21 11:29:51,758 - INFO - f_mapear_contas_lanc_contabil - Numero de linhas inseridas na tabela no dia 2024-10-15: 23
2024-10-21 11:29:51,825 - INFO - f_mapear_contas_lanc_contabil - Registros apagados com sucesso no dia 2024-10-12!
2024-10-21 11:29:51,834 - INFO - f_mapear_contas_lanc_contabil - Registros apagados com sucesso no dia 2024-10-11!
2024-10-21 11:29:51,849 - INFO - f_mapear_contas_lanc_contabil - Apagando registros no dia 2024-10-10...
2024-10-21 11:29:51,857 - INFO - f_mapear_contas_lanc_contabil - Apagando registros no dia 2024-10-09...
2024-10-21 11:29:51,934 - INFO - f_mapear_contas_lanc_contabil - Registros apagados com sucesso no dia 2024-10-10!
2024-10-21 11:29:51,940 - INFO - f_mapear_contas_lanc_contabil - Registros apagados com sucesso no dia 2024-10-09!
2024-10-21 11:29:52,270 - INFO - f_mapear_contas_lanc_contabil - INSERT has more expressions than target columns
LINE 1: ...0.03,454515,'PAG','Contas Pagar-Movimentos','374','Divisão H...
                                                             ^

2024-10-21 11:29:52,273 - INFO - f_mapear_contas_lanc_contabil - Numero de linhas inseridas na tabela no dia 2024-10-11: 50
2024-10-21 11:29:52,343 - INFO - f_mapear_contas_lanc_contabil - Apagando registros no dia 2024-10-08...
2024-10-21 11:29:52,384 - INFO - f_mapear_contas_lanc_contabil - Numero de linhas inseridas na tabela no dia 2024-10-12: 0
2024-10-21 11:29:52,421 - INFO - f_mapear_contas_lanc_contabil - Registros apagados com sucesso no dia 2024-10-08!
2024-10-21 11:29:52,536 - INFO - f_mapear_contas_lanc_contabil - Apagando registros no dia 2024-10-07...
2024-10-21 11:29:52,615 - INFO - f_mapear_contas_lanc_contabil - INSERT has more expressions than target columns
LINE 1: ...s',16533.06,454572,'VEN','Mercado-NF Saidas','37','Vendas/Te...
                                                             ^

2024-10-21 11:29:52,623 - INFO - f_mapear_contas_lanc_contabil - Registros apagados com sucesso no dia 2024-10-07!
2024-10-21 11:29:52,631 - INFO - f_mapear_contas_lanc_contabil - Numero de linhas inseridas na tabela no dia 2024-10-10: 76
2024-10-21 11:29:52,912 - INFO - f_mapear_contas_lanc_contabil - Apagando registros no dia 2024-10-06...
2024-10-21 11:29:52,987 - INFO - f_mapear_contas_lanc_contabil - Registros apagados com sucesso no dia 2024-10-06!
2024-10-21 11:29:53,123 - INFO - f_mapear_contas_lanc_contabil - INSERT has more expressions than target columns
LINE 1: ...794,454609,'REC','Contas Receber-Movimentos','37','Vendas/Te...
                                                             ^

2024-10-21 11:29:53,135 - INFO - f_mapear_contas_lanc_contabil - Numero de linhas inseridas na tabela no dia 2024-10-09: 45
2024-10-21 11:29:53,311 - INFO - f_mapear_contas_lanc_contabil - Apagando registros no dia 2024-10-05...
2024-10-21 11:29:53,388 - INFO - f_mapear_contas_lanc_contabil - Registros apagados com sucesso no dia 2024-10-05!
2024-10-21 11:29:53,441 - INFO - f_mapear_contas_lanc_contabil - INSERT has more expressions than target columns
LINE 1: ...431,454383,'REC','Contas Receber-Movimentos','37','Vendas/Te...
                                                             ^

2024-10-21 11:29:53,457 - INFO - f_mapear_contas_lanc_contabil - Numero de linhas inseridas na tabela no dia 2024-10-07: 65
2024-10-21 11:29:53,541 - INFO - f_mapear_contas_lanc_contabil - Apagando registros no dia 2024-10-04...
2024-10-21 11:29:53,607 - INFO - f_mapear_contas_lanc_contabil - Numero de linhas inseridas na tabela no dia 2024-10-06: 0
2024-10-21 11:29:53,625 - INFO - f_mapear_contas_lanc_contabil - Registros apagados com sucesso no dia 2024-10-04!
2024-10-21 11:29:53,687 - INFO - f_mapear_contas_lanc_contabil - INSERT has more expressions than target columns
LINE 1: ....76,454608,'REC','Contas Receber-Movimentos','37','Vendas/Te...
                                                             ^

2024-10-21 11:29:53,688 - INFO - f_mapear_contas_lanc_contabil - Apagando registros no dia 2024-10-03...
2024-10-21 11:29:53,692 - INFO - f_mapear_contas_lanc_contabil - Numero de linhas inseridas na tabela no dia 2024-10-08: 104
2024-10-21 11:29:53,768 - INFO - f_mapear_contas_lanc_contabil - Apagando registros no dia 2024-10-02...
2024-10-21 11:29:53,773 - INFO - f_mapear_contas_lanc_contabil - INSERT has more expressions than target columns
LINE 1: ...das',445.53,454568,'VEN','Mercado-NF Saidas','37','Vendas/Te...
                                                             ^

2024-10-21 11:29:53,777 - INFO - f_mapear_contas_lanc_contabil - Registros apagados com sucesso no dia 2024-10-03!
2024-10-21 11:29:53,780 - INFO - f_mapear_contas_lanc_contabil - Numero de linhas inseridas na tabela no dia 2024-10-05: 5
2024-10-21 11:29:53,849 - INFO - f_mapear_contas_lanc_contabil - Registros apagados com sucesso no dia 2024-10-02!
2024-10-21 11:29:53,858 - INFO - f_mapear_contas_lanc_contabil - Apagando registros no dia 2024-10-01...
2024-10-21 11:29:53,932 - INFO - f_mapear_contas_lanc_contabil - Registros apagados com sucesso no dia 2024-10-01!
2024-10-21 11:29:54,528 - INFO - f_mapear_contas_lanc_contabil - INSERT has more expressions than target columns
LINE 1: ...4.5,454605,'REC','Contas Receber-Movimentos','37','Vendas/Te...
                                                             ^

2024-10-21 11:29:54,532 - INFO - f_mapear_contas_lanc_contabil - Numero de linhas inseridas na tabela no dia 2024-10-03: 162
2024-10-21 11:29:54,607 - INFO - f_mapear_contas_lanc_contabil - Apagando registros no dia 2024-09-30...
2024-10-21 11:29:54,623 - INFO - f_mapear_contas_lanc_contabil - INSERT has more expressions than target columns
LINE 1: ....59,454606,'REC','Contas Receber-Movimentos','37','Vendas/Te...
                                                             ^

2024-10-21 11:29:54,625 - INFO - f_mapear_contas_lanc_contabil - Numero de linhas inseridas na tabela no dia 2024-10-04: 72
2024-10-21 11:29:54,698 - INFO - f_mapear_contas_lanc_contabil - Registros apagados com sucesso no dia 2024-09-30!
2024-10-21 11:29:54,703 - INFO - f_mapear_contas_lanc_contabil - Apagando registros no dia 2024-09-29...
2024-10-21 11:29:54,794 - INFO - f_mapear_contas_lanc_contabil - Registros apagados com sucesso no dia 2024-09-29!
2024-10-21 11:29:54,880 - INFO - f_mapear_contas_lanc_contabil - INSERT has more expressions than target columns
LINE 1: ....13,454604,'REC','Contas Receber-Movimentos','37','Vendas/Te...
                                                             ^

2024-10-21 11:29:54,883 - INFO - f_mapear_contas_lanc_contabil - Numero de linhas inseridas na tabela no dia 2024-10-02: 90
2024-10-21 11:29:54,952 - INFO - f_mapear_contas_lanc_contabil - Apagando registros no dia 2024-09-28...
2024-10-21 11:29:55,025 - INFO - f_mapear_contas_lanc_contabil - Registros apagados com sucesso no dia 2024-09-28!
2024-10-21 11:29:55,171 - INFO - f_mapear_contas_lanc_contabil - INSERT has more expressions than target columns
LINE 1: ....11,454397,'REC','Contas Receber-Movimentos','37','Vendas/Te...
                                                             ^

2024-10-21 11:29:55,175 - INFO - f_mapear_contas_lanc_contabil - Numero de linhas inseridas na tabela no dia 2024-10-01: 144
2024-10-21 11:29:55,254 - INFO - f_mapear_contas_lanc_contabil - Apagando registros no dia 2024-09-27...
2024-10-21 11:29:55,328 - INFO - f_mapear_contas_lanc_contabil - Registros apagados com sucesso no dia 2024-09-27!
2024-10-21 11:29:56,021 - INFO - f_mapear_contas_lanc_contabil - INSERT has more expressions than target columns
LINE 1: ...m Pessoal',11.71,3047811,'TES','Tesouraria','376','252-Globo...
                                                             ^

2024-10-21 11:29:56,164 - INFO - f_mapear_contas_lanc_contabil - INSERT has more expressions than target columns
LINE 1: ...endas',4.2,3046630,'VEN','Mercado-NF Saidas','37','Vendas/Te...
                                                             ^

2024-10-21 11:29:56,166 - INFO - f_mapear_contas_lanc_contabil - Numero de linhas inseridas na tabela no dia 2024-09-29: 1163
2024-10-21 11:29:56,232 - INFO - f_mapear_contas_lanc_contabil - Apagando registros no dia 2024-09-26...
2024-10-21 11:29:56,308 - INFO - f_mapear_contas_lanc_contabil - Registros apagados com sucesso no dia 2024-09-26!
2024-10-21 11:50:36,828 - INFO - f_mapear_contas_lanc_contabil - Processo iniciado!
2024-10-21 11:50:36,924 - INFO - f_mapear_contas_lanc_contabil - Apagando registros no dia 2024-10-20...
2024-10-21 11:50:37,003 - INFO - f_mapear_contas_lanc_contabil - Apagando registros no dia 2024-10-19...
2024-10-21 11:50:37,006 - INFO - f_mapear_contas_lanc_contabil - Apagando registros no dia 2024-10-18...
2024-10-21 11:50:37,020 - INFO - f_mapear_contas_lanc_contabil - Apagando registros no dia 2024-10-17...
2024-10-21 11:50:37,031 - INFO - f_mapear_contas_lanc_contabil - Registros apagados com sucesso no dia 2024-10-20!
2024-10-21 11:50:37,098 - INFO - f_mapear_contas_lanc_contabil - Registros apagados com sucesso no dia 2024-10-19!
2024-10-21 11:50:37,110 - INFO - f_mapear_contas_lanc_contabil - Registros apagados com sucesso no dia 2024-10-18!
2024-10-21 11:50:37,116 - INFO - f_mapear_contas_lanc_contabil - Numero de linhas inseridas na tabela no dia 2024-10-19: 0
2024-10-21 11:50:37,118 - INFO - f_mapear_contas_lanc_contabil - Registros apagados com sucesso no dia 2024-10-17!
2024-10-21 11:50:37,131 - INFO - f_mapear_contas_lanc_contabil - Numero de linhas inseridas na tabela no dia 2024-10-17: 0
2024-10-21 11:50:37,212 - INFO - f_mapear_contas_lanc_contabil - Apagando registros no dia 2024-10-16...
2024-10-21 11:50:37,222 - INFO - f_mapear_contas_lanc_contabil - Apagando registros no dia 2024-10-15...
2024-10-21 11:50:37,297 - INFO - f_mapear_contas_lanc_contabil - Registros apagados com sucesso no dia 2024-10-16!
2024-10-21 11:50:37,311 - INFO - f_mapear_contas_lanc_contabil - Numero de linhas inseridas na tabela no dia 2024-10-16: 0
2024-10-21 11:50:37,314 - INFO - f_mapear_contas_lanc_contabil - Registros apagados com sucesso no dia 2024-10-15!
2024-10-21 11:50:37,378 - INFO - f_mapear_contas_lanc_contabil - Apagando registros no dia 2024-10-14...
2024-10-21 11:50:37,419 - INFO - f_mapear_contas_lanc_contabil - Numero de linhas inseridas na tabela no dia 2024-10-18: 0
2024-10-21 11:50:37,445 - INFO - f_mapear_contas_lanc_contabil - Numero de linhas inseridas na tabela no dia 2024-10-20: 0
2024-10-21 11:50:37,465 - INFO - f_mapear_contas_lanc_contabil - Registros apagados com sucesso no dia 2024-10-14!
2024-10-21 11:50:37,499 - INFO - f_mapear_contas_lanc_contabil - Apagando registros no dia 2024-10-13...
2024-10-21 11:50:37,526 - INFO - f_mapear_contas_lanc_contabil - Apagando registros no dia 2024-10-12...
2024-10-21 11:50:37,585 - INFO - f_mapear_contas_lanc_contabil - Registros apagados com sucesso no dia 2024-10-13!
2024-10-21 11:50:37,610 - INFO - f_mapear_contas_lanc_contabil - Registros apagados com sucesso no dia 2024-10-12!
2024-10-21 11:50:37,622 - INFO - f_mapear_contas_lanc_contabil - Numero de linhas inseridas na tabela no dia 2024-10-12: 0
2024-10-21 11:50:37,733 - INFO - f_mapear_contas_lanc_contabil - Apagando registros no dia 2024-10-11...
2024-10-21 11:50:37,751 - INFO - f_mapear_contas_lanc_contabil - Numero de linhas inseridas na tabela no dia 2024-10-15: 23
2024-10-21 11:50:37,821 - INFO - f_mapear_contas_lanc_contabil - Registros apagados com sucesso no dia 2024-10-11!
2024-10-21 11:50:37,827 - INFO - f_mapear_contas_lanc_contabil - Apagando registros no dia 2024-10-10...
2024-10-21 11:50:37,887 - INFO - f_mapear_contas_lanc_contabil - Numero de linhas inseridas na tabela no dia 2024-10-13: 0
2024-10-21 11:50:37,916 - INFO - f_mapear_contas_lanc_contabil - Registros apagados com sucesso no dia 2024-10-10!
2024-10-21 11:50:37,969 - INFO - f_mapear_contas_lanc_contabil - Apagando registros no dia 2024-10-09...
2024-10-21 11:50:38,085 - INFO - f_mapear_contas_lanc_contabil - Registros apagados com sucesso no dia 2024-10-09!
2024-10-21 11:50:38,111 - INFO - f_mapear_contas_lanc_contabil - Numero de linhas inseridas na tabela no dia 2024-10-11: 50
2024-10-21 11:50:38,182 - INFO - f_mapear_contas_lanc_contabil - Apagando registros no dia 2024-10-08...
2024-10-21 11:50:38,258 - INFO - f_mapear_contas_lanc_contabil - Registros apagados com sucesso no dia 2024-10-08!
2024-10-21 11:50:38,445 - INFO - f_mapear_contas_lanc_contabil - Numero de linhas inseridas na tabela no dia 2024-10-14: 27
2024-10-21 11:50:38,534 - INFO - f_mapear_contas_lanc_contabil - Apagando registros no dia 2024-10-07...
2024-10-21 11:50:38,616 - INFO - f_mapear_contas_lanc_contabil - Registros apagados com sucesso no dia 2024-10-07!
2024-10-21 11:50:38,851 - INFO - f_mapear_contas_lanc_contabil - Numero de linhas inseridas na tabela no dia 2024-10-09: 45
2024-10-21 11:50:38,922 - INFO - f_mapear_contas_lanc_contabil - Apagando registros no dia 2024-10-06...
2024-10-21 11:50:39,003 - INFO - f_mapear_contas_lanc_contabil - Registros apagados com sucesso no dia 2024-10-06!
2024-10-21 11:50:39,014 - INFO - f_mapear_contas_lanc_contabil - Numero de linhas inseridas na tabela no dia 2024-10-06: 0
2024-10-21 11:50:39,037 - INFO - f_mapear_contas_lanc_contabil - Numero de linhas inseridas na tabela no dia 2024-10-10: 76
2024-10-21 11:50:39,089 - INFO - f_mapear_contas_lanc_contabil - Apagando registros no dia 2024-10-05...
2024-10-21 11:50:39,118 - INFO - f_mapear_contas_lanc_contabil - Apagando registros no dia 2024-10-04...
2024-10-21 11:50:39,160 - INFO - f_mapear_contas_lanc_contabil - Numero de linhas inseridas na tabela no dia 2024-10-08: 104
2024-10-21 11:50:39,175 - INFO - f_mapear_contas_lanc_contabil - Registros apagados com sucesso no dia 2024-10-05!
2024-10-21 11:50:39,237 - INFO - f_mapear_contas_lanc_contabil - Registros apagados com sucesso no dia 2024-10-04!
2024-10-21 11:50:39,244 - INFO - f_mapear_contas_lanc_contabil - Apagando registros no dia 2024-10-03...
2024-10-21 11:50:39,318 - INFO - f_mapear_contas_lanc_contabil - Numero de linhas inseridas na tabela no dia 2024-10-05: 5
2024-10-21 11:50:39,331 - INFO - f_mapear_contas_lanc_contabil - Numero de linhas inseridas na tabela no dia 2024-10-07: 65
2024-10-21 11:50:39,334 - INFO - f_mapear_contas_lanc_contabil - Registros apagados com sucesso no dia 2024-10-03!
2024-10-21 11:50:39,395 - INFO - f_mapear_contas_lanc_contabil - Apagando registros no dia 2024-10-02...
2024-10-21 11:50:39,408 - INFO - f_mapear_contas_lanc_contabil - Apagando registros no dia 2024-10-01...
2024-10-21 11:50:39,481 - INFO - f_mapear_contas_lanc_contabil - Registros apagados com sucesso no dia 2024-10-02!
2024-10-21 11:50:39,494 - INFO - f_mapear_contas_lanc_contabil - Registros apagados com sucesso no dia 2024-10-01!
2024-10-21 11:50:40,041 - INFO - f_mapear_contas_lanc_contabil - Numero de linhas inseridas na tabela no dia 2024-10-04: 72
2024-10-21 11:50:40,133 - INFO - f_mapear_contas_lanc_contabil - Numero de linhas inseridas na tabela no dia 2024-10-03: 162
2024-10-21 11:50:40,331 - INFO - f_mapear_contas_lanc_contabil - Apagando registros no dia 2024-09-30...
2024-10-21 11:50:40,414 - INFO - f_mapear_contas_lanc_contabil - Registros apagados com sucesso no dia 2024-09-30!
2024-10-21 11:50:40,441 - INFO - f_mapear_contas_lanc_contabil - Numero de linhas inseridas na tabela no dia 2024-10-02: 90
2024-10-21 11:50:40,543 - INFO - f_mapear_contas_lanc_contabil - Apagando registros no dia 2024-09-29...
2024-10-21 11:50:40,577 - INFO - f_mapear_contas_lanc_contabil - Apagando registros no dia 2024-09-28...
2024-10-21 11:50:40,633 - INFO - f_mapear_contas_lanc_contabil - Registros apagados com sucesso no dia 2024-09-29!
2024-10-21 11:50:40,680 - INFO - f_mapear_contas_lanc_contabil - Registros apagados com sucesso no dia 2024-09-28!
2024-10-21 11:50:40,781 - INFO - f_mapear_contas_lanc_contabil - Numero de linhas inseridas na tabela no dia 2024-10-01: 144
2024-10-21 11:50:40,851 - INFO - f_mapear_contas_lanc_contabil - Apagando registros no dia 2024-09-27...
2024-10-21 11:50:40,925 - INFO - f_mapear_contas_lanc_contabil - Registros apagados com sucesso no dia 2024-09-27!
2024-10-21 11:50:43,384 - INFO - f_mapear_contas_lanc_contabil - Numero de linhas inseridas na tabela no dia 2024-09-29: 1163
2024-10-21 11:50:43,593 - INFO - f_mapear_contas_lanc_contabil - Apagando registros no dia 2024-09-26...
2024-10-21 11:50:43,669 - INFO - f_mapear_contas_lanc_contabil - Registros apagados com sucesso no dia 2024-09-26!
2024-10-21 11:50:48,753 - INFO - f_mapear_contas_lanc_contabil - Numero de linhas inseridas na tabela no dia 2024-09-27: 2324
2024-10-21 11:50:48,822 - INFO - f_mapear_contas_lanc_contabil - Apagando registros no dia 2024-09-25...
2024-10-21 11:50:48,901 - INFO - f_mapear_contas_lanc_contabil - Registros apagados com sucesso no dia 2024-09-25!
