2024-06-24 19:35:33,866 - INFO - conciliacao_bancaria - O truncamento da tabela foi bem-sucedido.
2024-06-24 19:35:35,378 - INFO - Processo finalizado com sucesso!
2024-06-24 19:36:11,877 - INFO - conciliacao_bancaria - O truncamento da tabela foi bem-sucedido.
2024-06-24 19:36:13,416 - INFO - Processo finalizado com sucesso!
2024-06-24 20:07:32,113 - INFO - Erro! ORA-01858: a non-numeric character was found where a numeric was expected
2024-06-24 20:08:36,213 - INFO - Erro! ORA-01858: a non-numeric character was found where a numeric was expected
2024-06-24 20:09:06,992 - INFO - titulos_contas_pagar - Apagando registros no dia 2024-06-23...
2024-06-24 20:09:07,057 - INFO - titulos_contas_pagar - Apagando registros no dia 2024-06-22...
2024-06-24 20:09:07,076 - INFO - Registros apagados com sucesso no dia 2024-06-23 na tabela titulos_contas_pagar!
2024-06-24 20:09:07,133 - INFO - Registros apagados com sucesso no dia 2024-06-22 na tabela titulos_contas_pagar!
2024-06-24 20:12:09,742 - INFO - titulos_contas_pagar - Apagando registros no dia 2024-06-23...
2024-06-24 20:12:09,818 - INFO - Registros apagados com sucesso no dia 2024-06-23 na tabela titulos_contas_pagar!
2024-06-24 20:12:09,822 - INFO - titulos_contas_pagar - Apagando registros no dia 2024-06-22...
2024-06-24 20:12:09,897 - INFO - Registros apagados com sucesso no dia 2024-06-22 na tabela titulos_contas_pagar!
2024-06-24 20:14:04,669 - INFO - titulos_contas_pagar - Apagando registros no dia 2024-06-23...
2024-06-24 20:14:04,733 - INFO - titulos_contas_pagar - Apagando registros no dia 2024-06-22...
2024-06-24 20:14:04,742 - INFO - Registros apagados com sucesso no dia 2024-06-23 na tabela titulos_contas_pagar!
2024-06-24 20:14:04,806 - INFO - Registros apagados com sucesso no dia 2024-06-22 na tabela titulos_contas_pagar!
2024-06-24 20:14:05,473 - INFO - titulos_contas_pagar - Numero de linhas inseridas na tabela no dia 2024-06-23: 642
2024-06-24 20:14:07,839 - INFO - titulos_contas_pagar - Numero de linhas inseridas na tabela no dia 2024-06-22: 3520
2024-06-24 20:14:13,236 - INFO - titulos_contas_pagar - Apagando registros no dia 2024-06-23...
2024-06-24 20:14:13,308 - INFO - titulos_contas_pagar - Apagando registros no dia 2024-06-22...
2024-06-24 20:14:13,312 - INFO - Registros apagados com sucesso no dia 2024-06-23 na tabela titulos_contas_pagar!
2024-06-24 20:14:13,386 - INFO - Registros apagados com sucesso no dia 2024-06-22 na tabela titulos_contas_pagar!
2024-06-24 20:14:14,067 - INFO - titulos_contas_pagar - Numero de linhas inseridas na tabela no dia 2024-06-23: 642
2024-06-24 20:14:16,703 - INFO - titulos_contas_pagar - Numero de linhas inseridas na tabela no dia 2024-06-22: 3520
2024-06-24 20:24:02,535 - INFO - titulos_contas_pagar - Apagando registros no dia 2024-06-23...
2024-06-24 20:24:02,600 - INFO - titulos_contas_pagar - Apagando registros no dia 2024-06-21...
2024-06-24 20:24:02,608 - INFO - titulos_contas_pagar - Apagando registros no dia 2024-06-20...
2024-06-24 20:24:02,611 - INFO - titulos_contas_pagar - Apagando registros no dia 2024-06-22...
2024-06-24 20:24:02,623 - INFO - Registros apagados com sucesso no dia 2024-06-23 na tabela titulos_contas_pagar!
2024-06-24 20:24:02,700 - INFO - Registros apagados com sucesso no dia 2024-06-21 na tabela titulos_contas_pagar!
2024-06-24 20:24:02,703 - INFO - Registros apagados com sucesso no dia 2024-06-20 na tabela titulos_contas_pagar!
2024-06-24 20:24:02,719 - INFO - Registros apagados com sucesso no dia 2024-06-22 na tabela titulos_contas_pagar!
2024-06-24 20:24:03,320 - INFO - titulos_contas_pagar - Numero de linhas inseridas na tabela no dia 2024-06-23: 642
2024-06-24 20:24:03,387 - INFO - titulos_contas_pagar - Apagando registros no dia 2024-06-19...
2024-06-24 20:24:03,484 - INFO - Registros apagados com sucesso no dia 2024-06-19 na tabela titulos_contas_pagar!
2024-06-24 20:24:06,385 - INFO - titulos_contas_pagar - Numero de linhas inseridas na tabela no dia 2024-06-22: 3520
2024-06-24 20:24:06,457 - INFO - titulos_contas_pagar - Apagando registros no dia 2024-06-18...
2024-06-24 20:24:06,509 - INFO - titulos_contas_pagar - Numero de linhas inseridas na tabela no dia 2024-06-21: 3373
2024-06-24 20:24:06,512 - INFO - titulos_contas_pagar - Numero de linhas inseridas na tabela no dia 2024-06-19: 2689
2024-06-24 20:24:06,542 - INFO - Registros apagados com sucesso no dia 2024-06-18 na tabela titulos_contas_pagar!
2024-06-24 20:24:06,592 - INFO - titulos_contas_pagar - Apagando registros no dia 2024-06-17...
2024-06-24 20:24:06,595 - INFO - titulos_contas_pagar - Apagando registros no dia 2024-06-16...
2024-06-24 20:24:06,677 - INFO - Registros apagados com sucesso no dia 2024-06-17 na tabela titulos_contas_pagar!
2024-06-24 20:24:06,734 - INFO - Registros apagados com sucesso no dia 2024-06-16 na tabela titulos_contas_pagar!
2024-06-24 20:24:06,987 - INFO - titulos_contas_pagar - Numero de linhas inseridas na tabela no dia 2024-06-20: 3864
2024-06-24 20:24:07,058 - INFO - titulos_contas_pagar - Apagando registros no dia 2024-06-15...
2024-06-24 20:24:07,145 - INFO - Registros apagados com sucesso no dia 2024-06-15 na tabela titulos_contas_pagar!
2024-06-24 20:24:07,512 - INFO - titulos_contas_pagar - Numero de linhas inseridas na tabela no dia 2024-06-16: 570
2024-06-24 20:24:07,582 - INFO - titulos_contas_pagar - Apagando registros no dia 2024-06-14...
2024-06-24 20:24:07,670 - INFO - Registros apagados com sucesso no dia 2024-06-14 na tabela titulos_contas_pagar!
2024-06-24 20:24:09,682 - INFO - titulos_contas_pagar - Numero de linhas inseridas na tabela no dia 2024-06-17: 2694
2024-06-24 20:24:09,750 - INFO - titulos_contas_pagar - Apagando registros no dia 2024-06-13...
2024-06-24 20:24:09,780 - INFO - titulos_contas_pagar - Numero de linhas inseridas na tabela no dia 2024-06-18: 2809
2024-06-24 20:24:09,841 - INFO - Registros apagados com sucesso no dia 2024-06-13 na tabela titulos_contas_pagar!
2024-06-24 20:24:09,864 - INFO - titulos_contas_pagar - Apagando registros no dia 2024-06-12...
2024-06-24 20:24:09,948 - INFO - Registros apagados com sucesso no dia 2024-06-12 na tabela titulos_contas_pagar!
2024-06-24 20:24:10,051 - INFO - titulos_contas_pagar - Numero de linhas inseridas na tabela no dia 2024-06-15: 2676
2024-06-24 20:24:10,122 - INFO - titulos_contas_pagar - Apagando registros no dia 2024-06-11...
2024-06-24 20:24:10,212 - INFO - Registros apagados com sucesso no dia 2024-06-11 na tabela titulos_contas_pagar!
2024-06-24 20:24:12,806 - INFO - titulos_contas_pagar - Numero de linhas inseridas na tabela no dia 2024-06-14: 4663
2024-06-24 20:24:12,878 - INFO - titulos_contas_pagar - Apagando registros no dia 2024-06-10...
2024-06-24 20:24:12,962 - INFO - Registros apagados com sucesso no dia 2024-06-10 na tabela titulos_contas_pagar!
2024-06-24 20:24:14,363 - INFO - titulos_contas_pagar - Numero de linhas inseridas na tabela no dia 2024-06-11: 3947
2024-06-24 20:24:14,451 - INFO - titulos_contas_pagar - Apagando registros no dia 2024-06-09...
2024-06-24 20:24:14,544 - INFO - Registros apagados com sucesso no dia 2024-06-09 na tabela titulos_contas_pagar!
2024-06-24 20:24:15,053 - INFO - titulos_contas_pagar - Numero de linhas inseridas na tabela no dia 2024-06-12: 4584
2024-06-24 20:24:15,133 - INFO - titulos_contas_pagar - Apagando registros no dia 2024-06-08...
2024-06-24 20:24:15,226 - INFO - Registros apagados com sucesso no dia 2024-06-08 na tabela titulos_contas_pagar!
2024-06-24 20:24:15,281 - INFO - titulos_contas_pagar - Numero de linhas inseridas na tabela no dia 2024-06-09: 520
2024-06-24 20:24:15,354 - INFO - titulos_contas_pagar - Apagando registros no dia 2024-06-07...
2024-06-24 20:24:15,401 - INFO - titulos_contas_pagar - Numero de linhas inseridas na tabela no dia 2024-06-13: 5030
2024-06-24 20:24:15,445 - INFO - Registros apagados com sucesso no dia 2024-06-07 na tabela titulos_contas_pagar!
2024-06-24 20:24:15,483 - INFO - titulos_contas_pagar - Apagando registros no dia 2024-06-06...
2024-06-24 20:24:15,579 - INFO - Registros apagados com sucesso no dia 2024-06-06 na tabela titulos_contas_pagar!
2024-06-24 20:24:17,137 - INFO - titulos_contas_pagar - Numero de linhas inseridas na tabela no dia 2024-06-10: 3767
2024-06-24 20:24:17,217 - INFO - titulos_contas_pagar - Apagando registros no dia 2024-06-05...
2024-06-24 20:24:17,310 - INFO - Registros apagados com sucesso no dia 2024-06-05 na tabela titulos_contas_pagar!
2024-06-24 20:24:19,203 - INFO - titulos_contas_pagar - Numero de linhas inseridas na tabela no dia 2024-06-08: 3501
2024-06-24 20:24:19,282 - INFO - titulos_contas_pagar - Apagando registros no dia 2024-06-04...
2024-06-24 20:24:19,377 - INFO - Registros apagados com sucesso no dia 2024-06-04 na tabela titulos_contas_pagar!
2024-06-24 20:24:20,237 - INFO - titulos_contas_pagar - Numero de linhas inseridas na tabela no dia 2024-06-07: 4357
2024-06-24 20:24:20,308 - INFO - titulos_contas_pagar - Apagando registros no dia 2024-06-03...
2024-06-24 20:24:20,369 - INFO - titulos_contas_pagar - Numero de linhas inseridas na tabela no dia 2024-06-06: 4376
2024-06-24 20:24:20,407 - INFO - Registros apagados com sucesso no dia 2024-06-03 na tabela titulos_contas_pagar!
2024-06-24 20:24:20,452 - INFO - titulos_contas_pagar - Apagando registros no dia 2024-06-02...
2024-06-24 20:24:20,545 - INFO - Registros apagados com sucesso no dia 2024-06-02 na tabela titulos_contas_pagar!
2024-06-24 20:24:21,187 - INFO - titulos_contas_pagar - Numero de linhas inseridas na tabela no dia 2024-06-02: 380
2024-06-24 20:24:21,263 - INFO - titulos_contas_pagar - Apagando registros no dia 2024-06-01...
2024-06-24 20:24:21,362 - INFO - Registros apagados com sucesso no dia 2024-06-01 na tabela titulos_contas_pagar!
