2024-06-27 12:22:44,036 - INFO - f_titulos_com_notas_servicos - Apagando registros no dia 2024-06-26...
2024-06-27 12:22:44,102 - INFO - f_titulos_com_notas_servicos - Apagando registros no dia 2024-06-25...
2024-06-27 12:22:44,134 - INFO - f_titulos_com_notas_servicos - Registros apagados com sucesso no dia 2024-06-26!
2024-06-27 12:22:44,182 - INFO - f_titulos_com_notas_servicos - Registros apagados com sucesso no dia 2024-06-25!
2024-06-27 12:22:52,653 - INFO - f_titulos_com_notas_servicos - Numero de linhas inseridas na tabela no dia 2024-06-26: 182
2024-06-27 12:22:52,869 - INFO - f_titulos_com_notas_servicos - Numero de linhas inseridas na tabela no dia 2024-06-25: 260
2024-06-27 12:23:39,973 - INFO - f_titulos_com_notas_servicos - Apagando registros no dia 2024-06-26...
2024-06-27 12:23:40,046 - INFO - f_titulos_com_notas_servicos - Apagando registros no dia 2024-06-25...
2024-06-27 12:23:40,049 - INFO - f_titulos_com_notas_servicos - Registros apagados com sucesso no dia 2024-06-26!
2024-06-27 12:23:40,117 - INFO - f_titulos_com_notas_servicos - Registros apagados com sucesso no dia 2024-06-25!
2024-06-27 12:23:47,529 - INFO - f_titulos_com_notas_servicos - Numero de linhas inseridas na tabela no dia 2024-06-25: 260
2024-06-27 12:23:48,099 - INFO - f_titulos_com_notas_servicos - Numero de linhas inseridas na tabela no dia 2024-06-26: 182
2024-06-27 12:23:59,131 - INFO - f_titulos_com_notas_servicos - Apagando registros no dia 2024-06-26...
2024-06-27 12:23:59,209 - INFO - f_titulos_com_notas_servicos - Registros apagados com sucesso no dia 2024-06-26!
2024-06-27 12:23:59,221 - INFO - f_titulos_com_notas_servicos - Apagando registros no dia 2024-06-25...
2024-06-27 12:23:59,304 - INFO - f_titulos_com_notas_servicos - Registros apagados com sucesso no dia 2024-06-25!
2024-06-27 12:24:07,144 - INFO - f_titulos_com_notas_servicos - Numero de linhas inseridas na tabela no dia 2024-06-26: 182
2024-06-27 12:24:07,382 - INFO - f_titulos_com_notas_servicos - Numero de linhas inseridas na tabela no dia 2024-06-25: 260
2024-06-27 12:24:30,666 - INFO - f_titulos_com_notas_servicos - Apagando registros no dia 2024-06-26...
2024-06-27 12:24:30,735 - INFO - f_titulos_com_notas_servicos - Apagando registros no dia 2024-06-25...
2024-06-27 12:24:30,743 - INFO - f_titulos_com_notas_servicos - Registros apagados com sucesso no dia 2024-06-26!
2024-06-27 12:24:30,811 - INFO - f_titulos_com_notas_servicos - Registros apagados com sucesso no dia 2024-06-25!
2024-06-27 12:24:38,151 - INFO - f_titulos_com_notas_servicos - Numero de linhas inseridas na tabela no dia 2024-06-26: 187
2024-06-27 12:24:38,290 - INFO - f_titulos_com_notas_servicos - Numero de linhas inseridas na tabela no dia 2024-06-25: 442
2024-06-27 12:24:47,028 - INFO - f_titulos_com_notas_servicos - Apagando registros no dia 2024-06-26...
2024-06-27 12:24:47,101 - INFO - f_titulos_com_notas_servicos - Apagando registros no dia 2024-06-25...
2024-06-27 12:24:47,109 - INFO - f_titulos_com_notas_servicos - Registros apagados com sucesso no dia 2024-06-26!
2024-06-27 12:24:47,180 - INFO - f_titulos_com_notas_servicos - Registros apagados com sucesso no dia 2024-06-25!
2024-06-27 12:24:47,494 - INFO - f_titulos_com_notas_servicos - Numero de linhas inseridas na tabela no dia 2024-06-26: 182
2024-06-27 12:24:54,749 - INFO - f_titulos_com_notas_servicos - Numero de linhas inseridas na tabela no dia 2024-06-25: 260
2024-06-27 12:25:10,402 - INFO - f_titulos_com_notas_servicos - Apagando registros no dia 2024-06-26...
2024-06-27 12:25:10,479 - INFO - f_titulos_com_notas_servicos - Registros apagados com sucesso no dia 2024-06-26!
2024-06-27 12:25:10,629 - INFO - f_titulos_com_notas_servicos - Apagando registros no dia 2024-06-25...
2024-06-27 12:25:10,708 - INFO - f_titulos_com_notas_servicos - Registros apagados com sucesso no dia 2024-06-25!
2024-06-27 12:25:10,937 - INFO - f_titulos_com_notas_servicos - Numero de linhas inseridas na tabela no dia 2024-06-26: 182
2024-06-27 12:25:11,409 - INFO - f_titulos_com_notas_servicos - Numero de linhas inseridas na tabela no dia 2024-06-25: 260
2024-06-27 12:25:15,917 - INFO - f_titulos_com_notas_servicos - Apagando registros no dia 2024-06-26...
2024-06-27 12:25:15,986 - INFO - f_titulos_com_notas_servicos - Apagando registros no dia 2024-06-25...
2024-06-27 12:25:15,997 - INFO - f_titulos_com_notas_servicos - Registros apagados com sucesso no dia 2024-06-26!
2024-06-27 12:25:16,064 - INFO - f_titulos_com_notas_servicos - Registros apagados com sucesso no dia 2024-06-25!
2024-06-27 12:25:16,411 - INFO - f_titulos_com_notas_servicos - Numero de linhas inseridas na tabela no dia 2024-06-26: 182
2024-06-27 12:25:16,537 - INFO - f_titulos_com_notas_servicos - Numero de linhas inseridas na tabela no dia 2024-06-25: 260
2024-06-27 12:25:18,139 - INFO - f_titulos_com_notas_servicos - Apagando registros no dia 2024-06-26...
2024-06-27 12:25:18,216 - INFO - f_titulos_com_notas_servicos - Registros apagados com sucesso no dia 2024-06-26!
2024-06-27 12:25:18,232 - INFO - f_titulos_com_notas_servicos - Apagando registros no dia 2024-06-25...
2024-06-27 12:25:18,304 - INFO - f_titulos_com_notas_servicos - Registros apagados com sucesso no dia 2024-06-25!
2024-06-27 12:25:18,616 - INFO - f_titulos_com_notas_servicos - Numero de linhas inseridas na tabela no dia 2024-06-26: 182
2024-06-27 12:25:18,789 - INFO - f_titulos_com_notas_servicos - Numero de linhas inseridas na tabela no dia 2024-06-25: 260
2024-06-27 12:25:19,743 - INFO - f_titulos_com_notas_servicos - Apagando registros no dia 2024-06-26...
2024-06-27 12:25:19,813 - INFO - f_titulos_com_notas_servicos - Apagando registros no dia 2024-06-25...
2024-06-27 12:25:19,824 - INFO - f_titulos_com_notas_servicos - Registros apagados com sucesso no dia 2024-06-26!
2024-06-27 12:25:19,892 - INFO - f_titulos_com_notas_servicos - Registros apagados com sucesso no dia 2024-06-25!
2024-06-27 12:25:20,234 - INFO - f_titulos_com_notas_servicos - Numero de linhas inseridas na tabela no dia 2024-06-26: 182
2024-06-27 12:25:20,368 - INFO - f_titulos_com_notas_servicos - Numero de linhas inseridas na tabela no dia 2024-06-25: 260
2024-06-27 13:43:38,248 - INFO - banco_horas - O truncamento da tabela foi bem-sucedido.
2024-06-27 13:43:38,249 - INFO - banco_horas - Inserindo dados...
2024-06-27 13:45:57,198 - INFO - banco_horas - O truncamento da tabela foi bem-sucedido.
2024-06-27 13:45:57,199 - INFO - banco_horas - Inserindo dados...
2024-06-27 14:46:58,562 - INFO - banco_horas - O truncamento da tabela foi bem-sucedido.
2024-06-27 14:46:58,563 - INFO - banco_horas - 1719499618.3833237 - Inserindo dados...
2024-06-27 14:47:22,075 - INFO - banco_horas - O truncamento da tabela foi bem-sucedido.
2024-06-27 14:47:22,076 - INFO - banco_horas - 1719499641 - Inserindo dados...
2024-06-27 16:40:29,442 - INFO - acompanhamento_solicitacoes_compras_eng_globo - O truncamento da tabela foi bem-sucedido.
2024-06-27 16:40:29,443 - INFO - acompanhamento_solicitacoes_compras_eng_globo - Inserindo dados...
2024-06-27 16:41:49,448 - INFO - acompanhamento_solicitacoes_compras_eng_globo - Processo finalizado com sucesso!
2024-06-27 17:13:59,301 - INFO - Erro! [Errno 2] No such file or directory: 'sqls/consulta_ajuste_ponto.sql'
2024-06-27 17:14:50,803 - INFO - Erro! ORA-01843: not a valid month
2024-06-27 17:15:09,985 - INFO - Erro! ORA-01861: literal does not match format string
2024-06-27 17:15:36,783 - INFO - ajuste_ponto - O truncamento da tabela foi bem-sucedido.
2024-06-27 17:15:36,784 - INFO - ajuste_ponto - Inserindo dados...
2024-06-27 17:15:53,064 - INFO - ajuste_ponto - O truncamento da tabela foi bem-sucedido.
2024-06-27 17:15:53,064 - INFO - ajuste_ponto - Inserindo dados...
2024-06-27 17:28:10,585 - INFO - marcacoes_ponto - O truncamento da tabela foi bem-sucedido.
2024-06-27 17:28:10,586 - INFO - marcacoes_ponto - Inserindo dados...
2024-06-27 19:45:15,868 - INFO - f_titulos_com_notas_servicos - Apagando registros no dia 2024-06-01...
2024-06-27 19:45:15,950 - INFO - f_titulos_com_notas_servicos - Registros apagados com sucesso no dia 2024-06-01!
2024-06-27 19:45:22,899 - INFO - f_titulos_com_notas_servicos - Numero de linhas inseridas na tabela no mes 2024-06-01: 0
2024-06-27 19:45:22,969 - INFO - f_titulos_com_notas_servicos - Apagando registros no dia 2024-05-01...
2024-06-27 19:45:23,040 - INFO - f_titulos_com_notas_servicos - Registros apagados com sucesso no dia 2024-05-01!
2024-06-27 19:45:29,901 - INFO - f_titulos_com_notas_servicos - Numero de linhas inseridas na tabela no mes 2024-05-01: 0
2024-06-27 19:49:17,002 - INFO - f_titulos_com_notas_servicos - Apagando registros no dia 2024-06-01...
2024-06-27 19:49:17,081 - INFO - f_titulos_com_notas_servicos - Registros apagados com sucesso no dia 2024-06-01!
2024-06-27 19:49:23,835 - INFO - f_titulos_com_notas_servicos - Numero de linhas inseridas na tabela no mes 2024-06: 0
2024-06-27 19:49:23,906 - INFO - f_titulos_com_notas_servicos - Apagando registros no dia 2024-05-01...
2024-06-27 19:49:23,976 - INFO - f_titulos_com_notas_servicos - Registros apagados com sucesso no dia 2024-05-01!
2024-06-27 19:49:30,955 - INFO - f_titulos_com_notas_servicos - Numero de linhas inseridas na tabela no mes 2024-05: 0
2024-06-27 20:35:55,399 - INFO - Erro ao tentar deletar registros da tabela acompanhamento_orcamento_compras entre as datas de 2024-06-01 e 2024-07-01.
2024-06-27 20:36:19,944 - INFO - Erro ao tentar deletar registros da tabela acompanhamento_orcamento_compras entre as datas de 2024-06-01 e 2024-07-01.
2024-06-27 20:38:12,824 - INFO - Erro ao tentar deletar registros da tabela acompanhamento_orcamento_compras entre as datas de 2024-06-01 e 2024-07-01.
2024-06-27 20:38:36,289 - INFO - Erro ao tentar deletar registros da tabela acompanhamento_orcamento_compras entre as datas de 2024-06-01 e 2024-07-01.
2024-06-27 20:39:01,684 - INFO - acompanhamento_orcamento_compras - Foram deletados 0 registro no dia 2024-06-01 ao dia 2024-07-01.
2024-06-27 20:39:11,568 - INFO - acompanhamento_orcamento_compras - Numero de linhas inseridas na tabela no mes 2024-06: 0
2024-06-27 20:43:49,221 - INFO - acompanhamento_orcamento_compras - Foram deletados 0 registro no dia 2024-06-01 ao dia 2024-07-01.
2024-06-27 20:43:54,083 - INFO - acompanhamento_orcamento_compras - Numero de linhas inseridas na tabela no mes 2024-06: 0
2024-06-27 20:44:50,693 - INFO - acompanhamento_orcamento_compras - Foram deletados 0 registro no dia 2024-06-01 ao dia 2024-07-01.
2024-06-27 20:44:53,730 - INFO - acompanhamento_orcamento_compras - Numero de linhas inseridas na tabela no mes 2024-06: 0
2024-06-27 20:44:53,890 - INFO - acompanhamento_orcamento_compras - Foram deletados 0 registro no dia 2024-05-01 ao dia 2024-06-01.
2024-06-27 20:44:57,298 - INFO - acompanhamento_orcamento_compras - Numero de linhas inseridas na tabela no mes 2024-05: 0
2024-06-27 20:45:04,030 - INFO - acompanhamento_orcamento_compras - Foram deletados 0 registro no dia 2024-06-01 ao dia 2024-07-01.
2024-06-27 20:45:18,151 - INFO - acompanhamento_orcamento_compras - Numero de linhas inseridas na tabela no mes 2024-06: 0
2024-06-27 20:45:18,360 - INFO - acompanhamento_orcamento_compras - Foram deletados 0 registro no dia 2024-05-01 ao dia 2024-06-01.
2024-06-27 20:45:27,232 - INFO - acompanhamento_orcamento_compras - Numero de linhas inseridas na tabela no mes 2024-05: 0
2024-06-27 20:49:40,932 - INFO - acompanhamento_orcamento_compras - Foram deletados 0 registro no dia 2024-06-01 ao dia 2024-07-01.
2024-06-27 20:49:47,006 - INFO - acompanhamento_orcamento_compras - Erro ao tentar inserir registro na tabela! numeric field overflow
DETAIL:  A field with precision 12, scale 10 must round to an absolute value less than 10^2.

2024-06-27 20:49:47,022 - INFO - acompanhamento_orcamento_compras - Numero de linhas inseridas na tabela no mes 2024-06: 283
2024-06-27 20:49:47,181 - INFO - acompanhamento_orcamento_compras - Foram deletados 0 registro no dia 2024-05-01 ao dia 2024-06-01.
2024-06-27 20:49:52,564 - INFO - acompanhamento_orcamento_compras - Erro ao tentar inserir registro na tabela! numeric field overflow
DETAIL:  A field with precision 12, scale 10 must round to an absolute value less than 10^2.

2024-06-27 20:49:52,573 - INFO - acompanhamento_orcamento_compras - Numero de linhas inseridas na tabela no mes 2024-05: 281
2024-06-27 20:52:36,898 - INFO - acompanhamento_orcamento_compras - Foram deletados 0 registro no dia 2024-06-01 ao dia 2024-07-01.
2024-06-27 20:52:46,507 - INFO - acompanhamento_orcamento_compras - Numero de linhas inseridas na tabela no mes 2024-06: 283
2024-06-27 20:57:42,592 - INFO - acompanhamento_orcamento_compras - Foram deletados 283 registro no dia 2024-06-01 ao dia 2024-07-01.
2024-06-27 20:57:52,074 - INFO - acompanhamento_orcamento_compras - Numero de linhas inseridas na tabela no mes 2024-06: 283
