2024-06-28 12:28:52,165 - INFO - conferencia_de_tributacao_de_produtos - O truncamento da tabela foi bem-sucedido.
2024-06-28 12:28:52,166 - INFO - conferencia_de_tributacao_de_produtos - Inserindo dados...
2024-06-28 12:36:43,849 - INFO - Erro! <class 'pyodbc.Error'> returned a result with an error set
2024-06-28 12:55:11,359 - INFO - Erro! ('42000', "[42000] [Microsoft][ODBC Driver 17 for SQL Server][SQL Server]Sintaxe incorreta próxima a 'data_hora'. (102) (SQLExecDirectW)")
2024-06-28 12:56:04,119 - INFO - grupos_tributarios_entrada - O truncamento da tabela foi bem-sucedido.
2024-06-28 12:56:04,120 - INFO - grupos_tributarios_entrada - Inserindo dados...
2024-06-28 12:56:04,638 - INFO - grupos_tributarios_entrada - Processo finalizado com sucesso!
2024-06-28 12:56:11,163 - INFO - grupos_tributarios_entrada - O truncamento da tabela foi bem-sucedido.
2024-06-28 12:56:11,165 - INFO - grupos_tributarios_entrada - Inserindo dados...
2024-06-28 12:56:11,624 - INFO - grupos_tributarios_entrada - Processo finalizado com sucesso!
2024-06-28 13:08:42,095 - INFO - grupos_tributarios_entrada_parametros - O truncamento da tabela foi bem-sucedido.
2024-06-28 13:08:42,097 - INFO - grupos_tributarios_entrada_parametros - Inserindo dados...
2024-06-28 13:31:21,618 - INFO - grupos_tributarios_entrada_parametros - O truncamento da tabela foi bem-sucedido.
2024-06-28 13:31:21,620 - INFO - grupos_tributarios_entrada_parametros - Inserindo dados...
2024-06-28 13:31:24,927 - INFO - grupos_tributarios_entrada_parametros - O truncamento da tabela foi bem-sucedido.
2024-06-28 13:31:24,928 - INFO - grupos_tributarios_entrada_parametros - Inserindo dados...
2024-06-28 13:31:39,159 - INFO - grupos_tributarios_entrada - O truncamento da tabela foi bem-sucedido.
2024-06-28 13:31:39,161 - INFO - grupos_tributarios_entrada - Inserindo dados...
2024-06-28 13:31:39,482 - INFO - grupos_tributarios_entrada - Processo finalizado com sucesso!
2024-06-28 13:31:41,529 - INFO - grupos_tributarios_entrada - O truncamento da tabela foi bem-sucedido.
2024-06-28 13:31:41,530 - INFO - grupos_tributarios_entrada - Inserindo dados...
2024-06-28 13:31:41,974 - INFO - grupos_tributarios_entrada - Processo finalizado com sucesso!
2024-06-28 13:31:43,965 - INFO - grupos_tributarios_entrada - O truncamento da tabela foi bem-sucedido.
2024-06-28 13:31:43,967 - INFO - grupos_tributarios_entrada - Inserindo dados...
2024-06-28 13:31:44,338 - INFO - grupos_tributarios_entrada - Processo finalizado com sucesso!
2024-06-28 13:31:45,798 - INFO - grupos_tributarios_entrada - O truncamento da tabela foi bem-sucedido.
2024-06-28 13:31:45,799 - INFO - grupos_tributarios_entrada - Inserindo dados...
2024-06-28 13:31:46,281 - INFO - grupos_tributarios_entrada - Processo finalizado com sucesso!
2024-06-28 13:31:47,692 - INFO - grupos_tributarios_entrada - O truncamento da tabela foi bem-sucedido.
2024-06-28 13:31:47,693 - INFO - grupos_tributarios_entrada - Inserindo dados...
2024-06-28 13:31:48,076 - INFO - grupos_tributarios_entrada - Processo finalizado com sucesso!
2024-06-28 13:43:58,845 - INFO - grupos_tributarios_entrada - O truncamento da tabela foi bem-sucedido.
2024-06-28 13:43:58,846 - INFO - grupos_tributarios_entrada - Inserindo dados...
2024-06-28 13:43:59,168 - INFO - grupos_tributarios_entrada - Processo finalizado com sucesso!
2024-06-28 16:18:55,221 - INFO - Erro! ('42S22', "[42S22] [Microsoft][ODBC Driver 17 for SQL Server][SQL Server]Nome de coluna 'CRIADO_EM' inválido. (207) (SQLExecDirectW)")
2024-06-28 16:19:35,911 - INFO - produto - O truncamento da tabela foi bem-sucedido.
2024-06-28 16:19:35,912 - INFO - produto - Inserindo dados...
2024-06-28 16:19:36,008 - INFO - produto - Erro ao tentar inserir registro na tabela! invalid input syntax for type timestamp: "CONSUMO DC"
LINE 1: ...,NULL,NULL,NULL,'OTC',NULL,'A',NULL,NULL,16,34398,'CONSUMO D...
                                                             ^

2024-06-28 16:19:36,099 - INFO - produto - Erro ao tentar inserir registro na tabela! invalid input syntax for type timestamp: "CONSUMO ST"
LINE 1: ...L,NULL,NULL,'CONSUMO',NULL,'A',NULL,NULL,30,58742,'CONSUMO S...
                                                             ^

2024-06-28 16:19:36,184 - INFO - produto - Erro ao tentar inserir registro na tabela! invalid input syntax for type timestamp: "OTC ST"
LINE 1: ...,NULL,NULL,NULL,'OTC',NULL,'A',NULL,NULL,24,56723,'OTC ST','...
                                                             ^

2024-06-28 16:19:36,270 - INFO - produto - Erro ao tentar inserir registro na tabela! invalid input syntax for type timestamp: "CONSUMO DC"
LINE 1: ...LL,NULL,NULL,'CONSUMO',NULL,'A',NULL,NULL,4,67784,'CONSUMO D...
                                                             ^

2024-06-28 16:19:36,357 - INFO - produto - Erro ao tentar inserir registro na tabela! invalid input syntax for type timestamp: "DERMOCOSMETICO DC"
LINE 1: ...,NULL,'DERMOCOSMETICO',NULL,'A',NULL,NULL,6,73083,'DERMOCOSM...
                                                             ^

2024-06-28 16:19:36,444 - INFO - produto - Erro ao tentar inserir registro na tabela! invalid input syntax for type timestamp: "HPC FRALDAS ST"
LINE 1: ...LL,NULL,NULL,'CONSUMO',NULL,'A',NULL,NULL,4,72818,'HPC FRALD...
                                                             ^

2024-06-28 16:19:36,530 - INFO - produto - Erro ao tentar inserir registro na tabela! invalid input syntax for type timestamp: "CONSUMO DC"
LINE 1: ...L,NULL,NULL,'CONSUMO',NULL,'A',NULL,NULL,12,58742,'CONSUMO D...
                                                             ^

2024-06-28 16:19:36,621 - INFO - produto - Erro ao tentar inserir registro na tabela! invalid input syntax for type timestamp: "ETICO ST"
LINE 1: ...LL,NULL,NULL,'FARMA',NULL,'A',NULL,NULL,80,211190,'ETICO ST'...
                                                             ^

2024-06-28 16:19:36,707 - INFO - produto - Erro ao tentar inserir registro na tabela! invalid input syntax for type timestamp: "ETICO ST"
LINE 1: ...LCIFEROL',NULL,'FARMA',NULL,'A',NULL,NULL,50,1821,'ETICO ST'...
                                                             ^

2024-06-28 16:19:36,938 - INFO - produto - Erro ao tentar inserir registro na tabela! invalid input syntax for type timestamp: "GENERICO ST"
LINE 1: ...,NULL,NULL,'GENERICO',NULL,'A',NULL,NULL,60,30341,'GENERICO ...
                                                             ^

2024-06-28 16:19:37,032 - INFO - produto - Erro ao tentar inserir registro na tabela! invalid input syntax for type timestamp: "CONSUMO DC"
LINE 1: ...L,NULL,NULL,'CONSUMO',NULL,'A',NULL,NULL,12,59757,'CONSUMO D...
                                                             ^

2024-06-28 16:19:37,124 - INFO - produto - Erro ao tentar inserir registro na tabela! invalid input syntax for type timestamp: "SIMILAR ST"
LINE 1: ...L,NULL,NULL,'SIMILAR',NULL,'A',NULL,NULL,40,67440,'SIMILAR S...
                                                             ^

2024-06-28 16:19:37,217 - INFO - produto - Erro ao tentar inserir registro na tabela! invalid input syntax for type timestamp: "HPC IS"
LINE 1: ...LL,NULL,NULL,'CONSUMO',NULL,'A',NULL,NULL,48,5010,'HPC IS','...
                                                             ^

2024-06-28 16:19:37,308 - INFO - produto - Erro ao tentar inserir registro na tabela! invalid input syntax for type timestamp: "HPC DC"
LINE 1: ...',NULL,NULL,'CONSUMO',NULL,'A',NULL,NULL,12,49034,'HPC DC','...
                                                             ^

2024-06-28 16:19:37,399 - INFO - produto - Erro ao tentar inserir registro na tabela! invalid input syntax for type timestamp: "HPC DC"
LINE 1: ...LL,NULL,NULL,'CONSUMO',NULL,'A',NULL,NULL,12,6351,'HPC DC','...
                                                             ^

2024-06-28 16:19:37,486 - INFO - produto - Erro ao tentar inserir registro na tabela! invalid input syntax for type timestamp: "HPC DC"
LINE 1: ...',NULL,NULL,'CONSUMO',NULL,'A',NULL,NULL,12,37869,'HPC DC','...
                                                             ^

2024-06-28 16:19:37,576 - INFO - produto - Erro ao tentar inserir registro na tabela! invalid input syntax for type timestamp: "CONSUMO DC"
LINE 1: ...L,NULL,NULL,'CONSUMO',NULL,'A',NULL,NULL,10,55670,'CONSUMO D...
                                                             ^

2024-06-28 16:19:37,668 - INFO - produto - Erro ao tentar inserir registro na tabela! invalid input syntax for type timestamp: "HPC IS"
LINE 1: ...N',NULL,NULL,'CONSUMO',NULL,'A',NULL,NULL,48,6947,'HPC IS','...
                                                             ^

2024-06-28 16:19:37,760 - INFO - produto - Erro ao tentar inserir registro na tabela! invalid input syntax for type timestamp: "HPC DC"
LINE 1: ...',NULL,NULL,'CONSUMO',NULL,'A',NULL,NULL,12,49034,'HPC DC','...
                                                             ^

2024-06-28 16:19:37,847 - INFO - produto - Erro ao tentar inserir registro na tabela! invalid input syntax for type timestamp: "HPC DC"
LINE 1: ...L,NULL,NULL,'CONSUMO',NULL,'A',NULL,NULL,12,75809,'HPC DC','...
                                                             ^

2024-06-28 16:19:37,934 - INFO - produto - Erro ao tentar inserir registro na tabela! invalid input syntax for type timestamp: "ETICO ST"
LINE 1: ...LL,NULL,NULL,'FARMA',NULL,'A',NULL,NULL,100,33197,'ETICO ST'...
                                                             ^

2024-06-28 16:20:03,511 - INFO - produto - O truncamento da tabela foi bem-sucedido.
2024-06-28 16:20:03,512 - INFO - produto - Inserindo dados...
2024-06-28 16:21:23,900 - INFO - produto - O truncamento da tabela foi bem-sucedido.
2024-06-28 16:21:23,901 - INFO - produto - Inserindo dados...
2024-06-28 16:24:37,767 - INFO - produto - O truncamento da tabela foi bem-sucedido.
2024-06-28 16:24:37,768 - INFO - produto - Inserindo dados...
2024-06-28 18:21:12,659 - INFO - acompanhamento_solicitacoes_compras_eng_globo - O truncamento da tabela foi bem-sucedido.
2024-06-28 18:21:12,661 - INFO - acompanhamento_solicitacoes_compras_eng_globo - Inserindo dados...
