2024-09-05 14:31:36,597 - INFO - cliente - Processo iniciado!
2024-09-05 14:31:37,095 - INFO - Erro ao truncar tabela cliente.
2024-09-05 14:31:37,096 - INFO - cliente - Inserindo dados...
2024-09-05 14:31:37,197 - INFO - cliente - Erro ao tentar inserir registro na tabela!
2024-09-05 14:31:37,549 - INFO - cliente - Erro ao tentar inserir registro na tabela!
2024-09-05 14:31:37,933 - INFO - cliente - Erro ao tentar inserir registro na tabela!
2024-09-05 14:31:38,379 - INFO - cliente - Erro ao tentar inserir registro na tabela!
2024-09-05 14:31:38,841 - INFO - cliente - Erro ao tentar inserir registro na tabela!
2024-09-05 14:31:38,997 - INFO - Erro! <class 'pyodbc.Error'> returned a result with an error set
2024-09-05 14:32:22,349 - INFO - cliente - Processo iniciado!
2024-09-05 14:32:23,068 - INFO - cliente - O truncamento da tabela foi bem-sucedido.
2024-09-05 14:32:23,069 - INFO - cliente - Inserindo dados...
2024-09-05 14:33:17,622 - INFO - cliente - Processo finalizado com sucesso!
2024-09-05 14:56:08,352 - INFO - cliente_vendedor - Processo iniciado!
2024-09-05 14:56:08,497 - INFO - cliente_vendedor - O truncamento da tabela foi bem-sucedido.
2024-09-05 14:56:08,498 - INFO - cliente_vendedor - Inserindo dados...
2024-09-05 14:56:38,555 - INFO - cliente_vendedor - Processo finalizado com sucesso!
2024-09-05 18:33:34,639 - INFO - nf_compra_produtos - Processo iniciado!
2024-09-05 18:33:34,678 - INFO - nf_compra_produtos - Apagando registros no dia 2024-09-04...
2024-09-05 18:33:34,783 - INFO - nf_compra_produtos - Registros apagados com sucesso no dia 2024-09-04!
2024-09-05 18:33:34,800 - INFO - nf_compra_produtos - Processo finalizado!
2024-09-05 18:56:00,834 - INFO - nf_compra_produtos - Processo iniciado!
2024-09-05 18:56:00,989 - INFO - Erro! ('22007', '[22007] [Microsoft][ODBC Driver 17 for SQL Server][SQL Server]Falha ao converter data e/ou hora da cadeia de caracteres. (241) (SQLExecDirectW)')
2024-09-05 19:01:08,040 - INFO - nf_compra_produtos - Processo iniciado!
2024-09-05 19:01:08,169 - INFO - nf_compra_produtos - O truncamento da tabela foi bem-sucedido.
2024-09-05 19:01:08,170 - INFO - nf_compra_produtos - Inserindo dados...
2024-09-05 19:01:25,052 - INFO - nf_compra_produtos - Processo iniciado!
2024-09-05 19:01:25,176 - INFO - nf_compra_produtos - O truncamento da tabela foi bem-sucedido.
2024-09-05 19:01:25,178 - INFO - nf_compra_produtos - Inserindo dados...
2024-09-05 19:28:38,199 - INFO - nf_compra - Processo iniciado!
2024-09-05 19:28:38,391 - INFO - nf_compra - O truncamento da tabela foi bem-sucedido.
2024-09-05 19:28:38,392 - INFO - nf_compra - Inserindo dados...
2024-09-05 19:47:06,093 - INFO - pedidos_vendas_produtos - Processo iniciado!
2024-09-05 19:47:27,822 - INFO - pedidos_vendas_produtos - O truncamento da tabela foi bem-sucedido.
2024-09-05 19:47:27,823 - INFO - pedidos_vendas_produtos - Inserindo dados...
2024-09-05 19:47:27,918 - INFO - pedidos_vendas_produtos - Erro ao tentar inserir registro na tabela!
2024-09-05 19:47:28,004 - INFO - pedidos_vendas_produtos - Erro ao tentar inserir registro na tabela!
2024-09-05 19:47:28,100 - INFO - pedidos_vendas_produtos - Erro ao tentar inserir registro na tabela!
2024-09-05 19:47:28,197 - INFO - pedidos_vendas_produtos - Erro ao tentar inserir registro na tabela!
2024-09-05 19:47:28,506 - INFO - pedidos_vendas_produtos - Erro ao tentar inserir registro na tabela!
2024-09-05 19:47:28,599 - INFO - pedidos_vendas_produtos - Erro ao tentar inserir registro na tabela!
2024-09-05 19:47:28,690 - INFO - pedidos_vendas_produtos - Erro ao tentar inserir registro na tabela!
2024-09-05 19:47:28,783 - INFO - pedidos_vendas_produtos - Erro ao tentar inserir registro na tabela!
2024-09-05 19:47:28,877 - INFO - pedidos_vendas_produtos - Erro ao tentar inserir registro na tabela!
2024-09-05 19:47:28,971 - INFO - pedidos_vendas_produtos - Erro ao tentar inserir registro na tabela!
2024-09-05 19:47:29,067 - INFO - pedidos_vendas_produtos - Erro ao tentar inserir registro na tabela!
2024-09-05 19:47:29,184 - INFO - pedidos_vendas_produtos - Erro ao tentar inserir registro na tabela!
2024-09-05 19:47:29,280 - INFO - pedidos_vendas_produtos - Erro ao tentar inserir registro na tabela!
2024-09-05 19:47:29,367 - INFO - pedidos_vendas_produtos - Erro ao tentar inserir registro na tabela!
2024-09-05 19:49:05,315 - INFO - pedidos_compras_produtos - Processo iniciado!
2024-09-05 19:49:06,396 - INFO - pedidos_compras_produtos - O truncamento da tabela foi bem-sucedido.
2024-09-05 19:49:06,399 - INFO - pedidos_compras_produtos - Inserindo dados...
2024-09-05 19:49:24,098 - INFO - pedidos_compras_produtos - Processo iniciado!
2024-09-05 19:49:25,283 - INFO - pedidos_compras_produtos - O truncamento da tabela foi bem-sucedido.
2024-09-05 19:49:25,283 - INFO - pedidos_compras_produtos - Inserindo dados...
