2024-09-10 13:41:26,095 - INFO - titulos_contas_pagar - Processo iniciado!
2024-09-10 13:41:26,505 - INFO - titulos_contas_pagar - Apagando registros no dia 2024-09-09...
2024-09-10 13:41:26,642 - INFO - titulos_contas_pagar - Registros apagados com sucesso no dia 2024-09-09!
2024-09-10 13:41:26,665 - INFO - titulos_contas_pagar - Processo finalizado!
2024-09-10 13:41:41,285 - INFO - titulos_contas_pagar - Processo iniciado!
2024-09-10 13:41:41,369 - INFO - titulos_contas_pagar - Apagando registros no dia 2024-09-09...
2024-09-10 13:41:41,454 - INFO - titulos_contas_pagar - Registros apagados com sucesso no dia 2024-09-09!
2024-09-10 13:41:46,614 - INFO - titulos_contas_pagar - Numero de linhas inseridas na tabela no dia 2024-09-09: 4423
2024-09-10 13:41:46,619 - INFO - titulos_contas_pagar - Processo finalizado!
2024-09-10 13:42:02,695 - INFO - titulos_contas_pagar - Processo iniciado!
2024-09-10 13:42:02,794 - INFO - titulos_contas_pagar - Apagando registros no dia 2024-09-09...
2024-09-10 13:42:02,884 - INFO - titulos_contas_pagar - Registros apagados com sucesso no dia 2024-09-09!
2024-09-10 13:42:07,756 - INFO - titulos_contas_pagar - Numero de linhas inseridas na tabela no dia 2024-09-09: 4423
2024-09-10 13:42:07,760 - INFO - titulos_contas_pagar - Processo finalizado!
2024-09-10 13:42:32,527 - INFO - titulos_contas_pagar - Processo iniciado!
2024-09-10 13:42:32,620 - INFO - titulos_contas_pagar - Apagando registros no dia 2024-09-09...
2024-09-10 13:42:32,692 - INFO - titulos_contas_pagar - Apagando registros no dia 2024-09-08...
2024-09-10 13:42:32,713 - INFO - titulos_contas_pagar - Registros apagados com sucesso no dia 2024-09-09!
2024-09-10 13:42:32,778 - INFO - titulos_contas_pagar - Registros apagados com sucesso no dia 2024-09-08!
2024-09-10 13:42:33,917 - INFO - titulos_contas_pagar - Numero de linhas inseridas na tabela no dia 2024-09-08: 556
2024-09-10 13:42:37,783 - INFO - titulos_contas_pagar - Numero de linhas inseridas na tabela no dia 2024-09-09: 4423
2024-09-10 13:42:37,788 - INFO - titulos_contas_pagar - Processo finalizado!
2024-09-10 13:42:40,299 - INFO - titulos_contas_pagar - Processo iniciado!
2024-09-10 13:42:40,384 - INFO - titulos_contas_pagar - Apagando registros no dia 2024-09-09...
2024-09-10 13:42:40,476 - INFO - titulos_contas_pagar - Registros apagados com sucesso no dia 2024-09-09!
2024-09-10 13:42:40,483 - INFO - titulos_contas_pagar - Apagando registros no dia 2024-09-08...
2024-09-10 13:42:40,570 - INFO - titulos_contas_pagar - Registros apagados com sucesso no dia 2024-09-08!
2024-09-10 13:42:41,499 - INFO - titulos_contas_pagar - Numero de linhas inseridas na tabela no dia 2024-09-08: 556
2024-09-10 13:42:45,077 - INFO - titulos_contas_pagar - Numero de linhas inseridas na tabela no dia 2024-09-09: 4423
2024-09-10 13:42:45,085 - INFO - titulos_contas_pagar - Processo finalizado!
