2024-08-19 12:13:05,609 - INFO - pedidos_vendas - O truncamento da tabela foi bem-sucedido.
2024-08-19 12:13:05,611 - INFO - pedidos_vendas - Inserindo dados...
2024-08-19 12:15:19,711 - INFO - pedidos_vendas - Processo finalizado com sucesso!
2024-08-19 12:15:51,581 - INFO - pedidos_vendas - O truncamento da tabela foi bem-sucedido.
2024-08-19 12:15:51,582 - INFO - pedidos_vendas - Inserindo dados...
2024-08-19 12:15:51,697 - INFO - pedidos_vendas - Erro ao tentar inserir registro na tabela!
2024-08-19 12:15:51,879 - INFO - pedidos_vendas - Erro ao tentar inserir registro na tabela!
2024-08-19 12:15:51,978 - INFO - pedidos_vendas - Erro ao tentar inserir registro na tabela!
2024-08-19 12:15:52,070 - INFO - pedidos_vendas - Erro ao tentar inserir registro na tabela!
2024-08-19 12:15:52,179 - INFO - pedidos_vendas - Erro ao tentar inserir registro na tabela!
2024-08-19 12:15:52,274 - INFO - pedidos_vendas - Erro ao tentar inserir registro na tabela!
2024-08-19 12:15:52,370 - INFO - pedidos_vendas - Erro ao tentar inserir registro na tabela!
2024-08-19 12:15:52,467 - INFO - pedidos_vendas - Erro ao tentar inserir registro na tabela!
2024-08-19 12:15:52,566 - INFO - pedidos_vendas - Erro ao tentar inserir registro na tabela!
2024-08-19 12:15:52,660 - INFO - pedidos_vendas - Erro ao tentar inserir registro na tabela!
2024-08-19 12:15:52,754 - INFO - pedidos_vendas - Erro ao tentar inserir registro na tabela!
2024-08-19 12:15:52,852 - INFO - pedidos_vendas - Erro ao tentar inserir registro na tabela!
2024-08-19 12:15:52,944 - INFO - pedidos_vendas - Erro ao tentar inserir registro na tabela!
2024-08-19 12:15:53,031 - INFO - pedidos_vendas - Erro ao tentar inserir registro na tabela!
2024-08-19 12:15:53,127 - INFO - pedidos_vendas - Erro ao tentar inserir registro na tabela!
2024-08-19 12:15:53,213 - INFO - pedidos_vendas - Erro ao tentar inserir registro na tabela!
2024-08-19 12:15:53,300 - INFO - pedidos_vendas - Erro ao tentar inserir registro na tabela!
2024-08-19 12:15:53,388 - INFO - pedidos_vendas - Erro ao tentar inserir registro na tabela!
2024-08-19 12:15:53,478 - INFO - pedidos_vendas - Erro ao tentar inserir registro na tabela!
2024-08-19 12:15:53,570 - INFO - pedidos_vendas - Erro ao tentar inserir registro na tabela!
2024-08-19 14:42:55,224 - INFO - grupos_compras - O truncamento da tabela foi bem-sucedido.
2024-08-19 14:42:55,225 - INFO - grupos_compras - Inserindo dados...
2024-08-19 14:42:57,944 - INFO - grupos_compras - Processo finalizado com sucesso!
