2024-08-29 12:26:52,869 - INFO - metas_vendas - O truncamento da tabela foi bem-sucedido.
2024-08-29 12:26:52,870 - INFO - metas_vendas - Inserindo dados...
2024-08-29 12:26:54,980 - INFO - metas_vendas - Processo finalizado com sucesso!
2024-08-29 12:38:11,899 - INFO - metas_vendas_empresas - O truncamento da tabela foi bem-sucedido.
2024-08-29 12:38:11,900 - INFO - metas_vendas_empresas - Inserindo dados...
2024-08-29 12:38:13,550 - INFO - metas_vendas_empresas - Processo finalizado com sucesso!
2024-08-29 12:46:37,406 - INFO - metas_vendas_vendedores - O truncamento da tabela foi bem-sucedido.
2024-08-29 12:46:37,407 - INFO - metas_vendas_vendedores - Inserindo dados...
2024-08-29 12:46:58,248 - INFO - metas_vendas_vendedores - Processo finalizado com sucesso!
2024-08-29 19:48:52,011 - INFO - venda - Apagando registros no dia 2024-08-28...
2024-08-29 19:48:52,162 - INFO - venda - Registros apagados com sucesso no dia 2024-08-28!
2024-08-29 19:49:46,944 - INFO - venda - Apagando registros no dia 2024-08-28...
2024-08-29 19:49:47,044 - INFO - venda - Registros apagados com sucesso no dia 2024-08-28!
2024-08-29 19:53:24,979 - INFO - venda - Apagando registros no dia 2024-08-28...
2024-08-29 19:53:25,054 - INFO - venda - Registros apagados com sucesso no dia 2024-08-28!
2024-08-29 20:16:05,330 - INFO - venda - Apagando registros no dia 2024-08-28...
2024-08-29 20:16:05,403 - INFO - venda - Registros apagados com sucesso no dia 2024-08-28!
2024-08-29 20:16:48,794 - INFO - venda - Apagando registros no dia 2024-08-28...
2024-08-29 20:16:48,871 - INFO - venda - Registros apagados com sucesso no dia 2024-08-28!
2024-08-29 20:17:38,825 - INFO - venda - Erro ao tentar inserir registro na tabela!
2024-08-29 20:17:38,921 - INFO - venda - Erro ao tentar inserir registro na tabela!
2024-08-29 20:17:39,318 - INFO - venda - Erro ao tentar inserir registro na tabela!
2024-08-29 20:17:39,418 - INFO - venda - Erro ao tentar inserir registro na tabela!
2024-08-29 20:17:39,511 - INFO - venda - Erro ao tentar inserir registro na tabela!
2024-08-29 20:17:39,606 - INFO - venda - Erro ao tentar inserir registro na tabela!
2024-08-29 20:17:39,700 - INFO - venda - Erro ao tentar inserir registro na tabela!
2024-08-29 20:17:39,802 - INFO - venda - Erro ao tentar inserir registro na tabela!
2024-08-29 20:17:39,899 - INFO - venda - Erro ao tentar inserir registro na tabela!
2024-08-29 20:17:39,997 - INFO - venda - Erro ao tentar inserir registro na tabela!
2024-08-29 20:17:40,106 - INFO - venda - Erro ao tentar inserir registro na tabela!
2024-08-29 20:17:40,213 - INFO - venda - Erro ao tentar inserir registro na tabela!
2024-08-29 20:17:40,313 - INFO - venda - Erro ao tentar inserir registro na tabela!
2024-08-29 20:17:40,415 - INFO - venda - Erro ao tentar inserir registro na tabela!
2024-08-29 20:17:40,517 - INFO - venda - Erro ao tentar inserir registro na tabela!
2024-08-29 20:17:40,622 - INFO - venda - Erro ao tentar inserir registro na tabela!
2024-08-29 20:17:40,720 - INFO - venda - Erro ao tentar inserir registro na tabela!
2024-08-29 20:17:40,841 - INFO - venda - Erro ao tentar inserir registro na tabela!
2024-08-29 20:17:40,938 - INFO - venda - Erro ao tentar inserir registro na tabela!
2024-08-29 20:17:41,034 - INFO - venda - Erro ao tentar inserir registro na tabela!
2024-08-29 20:17:41,139 - INFO - venda - Erro ao tentar inserir registro na tabela!
2024-08-29 20:17:41,279 - INFO - venda - Erro ao tentar inserir registro na tabela!
2024-08-29 20:17:41,379 - INFO - venda - Erro ao tentar inserir registro na tabela!
2024-08-29 20:17:41,504 - INFO - venda - Erro ao tentar inserir registro na tabela!
2024-08-29 20:17:41,606 - INFO - venda - Erro ao tentar inserir registro na tabela!
2024-08-29 20:17:41,708 - INFO - venda - Erro ao tentar inserir registro na tabela!
2024-08-29 20:17:41,805 - INFO - venda - Erro ao tentar inserir registro na tabela!
2024-08-29 20:17:41,906 - INFO - venda - Erro ao tentar inserir registro na tabela!
2024-08-29 20:17:42,022 - INFO - venda - Erro ao tentar inserir registro na tabela!
2024-08-29 20:17:42,122 - INFO - venda - Erro ao tentar inserir registro na tabela!
2024-08-29 20:17:42,218 - INFO - venda - Erro ao tentar inserir registro na tabela!
2024-08-29 20:17:42,318 - INFO - venda - Erro ao tentar inserir registro na tabela!
2024-08-29 20:17:42,415 - INFO - venda - Erro ao tentar inserir registro na tabela!
2024-08-29 20:17:42,511 - INFO - venda - Erro ao tentar inserir registro na tabela!
2024-08-29 20:17:42,616 - INFO - venda - Erro ao tentar inserir registro na tabela!
2024-08-29 20:17:42,720 - INFO - venda - Erro ao tentar inserir registro na tabela!
2024-08-29 20:17:42,816 - INFO - venda - Erro ao tentar inserir registro na tabela!
2024-08-29 20:17:42,914 - INFO - venda - Erro ao tentar inserir registro na tabela!
2024-08-29 20:17:43,008 - INFO - venda - Erro ao tentar inserir registro na tabela!
2024-08-29 20:17:43,101 - INFO - venda - Erro ao tentar inserir registro na tabela!
2024-08-29 20:17:43,195 - INFO - venda - Erro ao tentar inserir registro na tabela!
2024-08-29 20:17:43,291 - INFO - venda - Erro ao tentar inserir registro na tabela!
2024-08-29 20:17:43,390 - INFO - venda - Erro ao tentar inserir registro na tabela!
2024-08-29 20:17:43,485 - INFO - venda - Erro ao tentar inserir registro na tabela!
2024-08-29 20:17:43,577 - INFO - venda - Erro ao tentar inserir registro na tabela!
2024-08-29 20:17:43,670 - INFO - venda - Erro ao tentar inserir registro na tabela!
2024-08-29 20:17:43,769 - INFO - venda - Erro ao tentar inserir registro na tabela!
2024-08-29 20:17:43,865 - INFO - venda - Erro ao tentar inserir registro na tabela!
2024-08-29 20:17:43,958 - INFO - venda - Erro ao tentar inserir registro na tabela!
2024-08-29 20:17:44,056 - INFO - venda - Erro ao tentar inserir registro na tabela!
2024-08-29 20:17:44,154 - INFO - venda - Erro ao tentar inserir registro na tabela!
2024-08-29 20:17:44,251 - INFO - venda - Erro ao tentar inserir registro na tabela!
2024-08-29 20:17:44,344 - INFO - venda - Erro ao tentar inserir registro na tabela!
2024-08-29 20:17:44,442 - INFO - venda - Erro ao tentar inserir registro na tabela!
2024-08-29 20:17:44,537 - INFO - venda - Erro ao tentar inserir registro na tabela!
2024-08-29 20:17:44,634 - INFO - venda - Erro ao tentar inserir registro na tabela!
2024-08-29 20:17:44,734 - INFO - venda - Erro ao tentar inserir registro na tabela!
2024-08-29 20:17:44,831 - INFO - venda - Erro ao tentar inserir registro na tabela!
2024-08-29 20:17:44,932 - INFO - venda - Erro ao tentar inserir registro na tabela!
2024-08-29 20:17:45,028 - INFO - venda - Erro ao tentar inserir registro na tabela!
2024-08-29 20:17:45,129 - INFO - venda - Erro ao tentar inserir registro na tabela!
2024-08-29 20:17:45,225 - INFO - venda - Erro ao tentar inserir registro na tabela!
2024-08-29 20:17:45,320 - INFO - venda - Erro ao tentar inserir registro na tabela!
2024-08-29 20:17:45,423 - INFO - venda - Erro ao tentar inserir registro na tabela!
2024-08-29 20:17:45,522 - INFO - venda - Erro ao tentar inserir registro na tabela!
2024-08-29 20:17:45,621 - INFO - venda - Erro ao tentar inserir registro na tabela!
2024-08-29 20:17:45,718 - INFO - venda - Erro ao tentar inserir registro na tabela!
2024-08-29 20:17:45,817 - INFO - venda - Erro ao tentar inserir registro na tabela!
2024-08-29 20:17:45,914 - INFO - venda - Erro ao tentar inserir registro na tabela!
2024-08-29 20:17:46,020 - INFO - venda - Erro ao tentar inserir registro na tabela!
2024-08-29 20:17:46,120 - INFO - venda - Erro ao tentar inserir registro na tabela!
2024-08-29 20:17:46,217 - INFO - venda - Erro ao tentar inserir registro na tabela!
2024-08-29 20:17:46,316 - INFO - venda - Erro ao tentar inserir registro na tabela!
2024-08-29 20:17:46,417 - INFO - venda - Erro ao tentar inserir registro na tabela!
2024-08-29 20:17:46,514 - INFO - venda - Erro ao tentar inserir registro na tabela!
2024-08-29 20:17:46,615 - INFO - venda - Erro ao tentar inserir registro na tabela!
2024-08-29 20:17:46,715 - INFO - venda - Erro ao tentar inserir registro na tabela!
2024-08-29 20:17:46,811 - INFO - venda - Erro ao tentar inserir registro na tabela!
2024-08-29 20:17:46,905 - INFO - venda - Erro ao tentar inserir registro na tabela!
2024-08-29 20:17:47,002 - INFO - venda - Erro ao tentar inserir registro na tabela!
2024-08-29 20:17:47,094 - INFO - venda - Erro ao tentar inserir registro na tabela!
2024-08-29 20:17:47,189 - INFO - venda - Erro ao tentar inserir registro na tabela!
2024-08-29 20:17:47,284 - INFO - venda - Erro ao tentar inserir registro na tabela!
2024-08-29 20:17:47,382 - INFO - venda - Erro ao tentar inserir registro na tabela!
2024-08-29 20:17:47,479 - INFO - venda - Erro ao tentar inserir registro na tabela!
2024-08-29 20:17:47,572 - INFO - venda - Erro ao tentar inserir registro na tabela!
2024-08-29 20:17:47,666 - INFO - venda - Erro ao tentar inserir registro na tabela!
2024-08-29 20:17:47,760 - INFO - venda - Erro ao tentar inserir registro na tabela!
2024-08-29 20:17:47,853 - INFO - venda - Erro ao tentar inserir registro na tabela!
2024-08-29 20:17:47,949 - INFO - venda - Erro ao tentar inserir registro na tabela!
2024-08-29 20:17:48,048 - INFO - venda - Erro ao tentar inserir registro na tabela!
2024-08-29 20:17:48,145 - INFO - venda - Erro ao tentar inserir registro na tabela!
2024-08-29 20:17:48,240 - INFO - venda - Erro ao tentar inserir registro na tabela!
2024-08-29 20:17:48,335 - INFO - venda - Erro ao tentar inserir registro na tabela!
2024-08-29 20:17:48,430 - INFO - venda - Erro ao tentar inserir registro na tabela!
2024-08-29 20:17:48,525 - INFO - venda - Erro ao tentar inserir registro na tabela!
2024-08-29 20:17:48,619 - INFO - venda - Erro ao tentar inserir registro na tabela!
2024-08-29 20:17:48,724 - INFO - venda - Erro ao tentar inserir registro na tabela!
2024-08-29 20:17:48,817 - INFO - venda - Erro ao tentar inserir registro na tabela!
2024-08-29 20:17:48,912 - INFO - venda - Erro ao tentar inserir registro na tabela!
2024-08-29 20:17:49,009 - INFO - venda - Erro ao tentar inserir registro na tabela!
2024-08-29 20:17:49,107 - INFO - venda - Erro ao tentar inserir registro na tabela!
2024-08-29 20:17:49,204 - INFO - venda - Erro ao tentar inserir registro na tabela!
2024-08-29 20:17:49,305 - INFO - venda - Erro ao tentar inserir registro na tabela!
2024-08-29 20:17:49,406 - INFO - venda - Erro ao tentar inserir registro na tabela!
2024-08-29 20:17:49,505 - INFO - venda - Erro ao tentar inserir registro na tabela!
2024-08-29 20:17:49,599 - INFO - venda - Erro ao tentar inserir registro na tabela!
2024-08-29 20:17:49,693 - INFO - venda - Erro ao tentar inserir registro na tabela!
2024-08-29 20:17:49,788 - INFO - venda - Erro ao tentar inserir registro na tabela!
2024-08-29 20:17:49,884 - INFO - venda - Erro ao tentar inserir registro na tabela!
2024-08-29 20:17:49,977 - INFO - venda - Erro ao tentar inserir registro na tabela!
2024-08-29 20:17:50,075 - INFO - venda - Erro ao tentar inserir registro na tabela!
2024-08-29 20:17:50,173 - INFO - venda - Erro ao tentar inserir registro na tabela!
2024-08-29 20:17:50,266 - INFO - venda - Erro ao tentar inserir registro na tabela!
2024-08-29 20:17:50,360 - INFO - venda - Erro ao tentar inserir registro na tabela!
2024-08-29 20:17:50,454 - INFO - venda - Erro ao tentar inserir registro na tabela!
2024-08-29 20:17:50,547 - INFO - venda - Erro ao tentar inserir registro na tabela!
2024-08-29 20:17:50,643 - INFO - venda - Erro ao tentar inserir registro na tabela!
2024-08-29 20:17:50,741 - INFO - venda - Erro ao tentar inserir registro na tabela!
2024-08-29 20:17:50,839 - INFO - venda - Erro ao tentar inserir registro na tabela!
2024-08-29 20:17:50,934 - INFO - venda - Erro ao tentar inserir registro na tabela!
2024-08-29 20:17:51,028 - INFO - venda - Erro ao tentar inserir registro na tabela!
2024-08-29 20:17:51,127 - INFO - venda - Erro ao tentar inserir registro na tabela!
2024-08-29 20:17:51,224 - INFO - venda - Erro ao tentar inserir registro na tabela!
2024-08-29 20:17:51,320 - INFO - venda - Erro ao tentar inserir registro na tabela!
2024-08-29 20:17:51,414 - INFO - venda - Erro ao tentar inserir registro na tabela!
2024-08-29 20:17:51,510 - INFO - venda - Erro ao tentar inserir registro na tabela!
2024-08-29 20:17:51,606 - INFO - venda - Erro ao tentar inserir registro na tabela!
2024-08-29 20:17:51,701 - INFO - venda - Erro ao tentar inserir registro na tabela!
2024-08-29 20:17:51,793 - INFO - venda - Erro ao tentar inserir registro na tabela!
2024-08-29 20:17:51,888 - INFO - venda - Erro ao tentar inserir registro na tabela!
2024-08-29 20:17:55,992 - INFO - venda - Erro ao tentar inserir registro na tabela!
2024-08-29 20:17:56,093 - INFO - venda - Erro ao tentar inserir registro na tabela!
2024-08-29 20:17:56,185 - INFO - venda - Erro ao tentar inserir registro na tabela!
2024-08-29 20:17:56,190 - INFO - venda - Numero de linhas inseridas na tabela no dia 2024-08-28: 133774
2024-08-29 20:23:21,533 - INFO - venda - Apagando registros no dia 2024-08-28...
2024-08-29 20:23:21,608 - INFO - venda - Registros apagados com sucesso no dia 2024-08-28!
2024-08-29 20:23:55,830 - INFO - venda - Erro ao tentar inserir registro na tabela!
2024-08-29 20:23:56,239 - INFO - venda - Erro ao tentar inserir registro na tabela!
2024-08-29 20:23:56,352 - INFO - venda - Erro ao tentar inserir registro na tabela!
2024-08-29 20:23:56,453 - INFO - venda - Erro ao tentar inserir registro na tabela!
2024-08-29 20:23:56,552 - INFO - venda - Erro ao tentar inserir registro na tabela!
2024-08-29 20:23:56,644 - INFO - venda - Erro ao tentar inserir registro na tabela!
2024-08-29 20:23:56,742 - INFO - venda - Erro ao tentar inserir registro na tabela!
2024-08-29 20:23:56,842 - INFO - venda - Erro ao tentar inserir registro na tabela!
2024-08-29 20:23:56,934 - INFO - venda - Erro ao tentar inserir registro na tabela!
2024-08-29 20:23:57,030 - INFO - venda - Erro ao tentar inserir registro na tabela!
2024-08-29 20:23:57,131 - INFO - venda - Erro ao tentar inserir registro na tabela!
2024-08-29 20:23:57,233 - INFO - venda - Erro ao tentar inserir registro na tabela!
2024-08-29 20:23:57,327 - INFO - venda - Erro ao tentar inserir registro na tabela!
2024-08-29 20:23:57,424 - INFO - venda - Erro ao tentar inserir registro na tabela!
2024-08-29 20:23:57,523 - INFO - venda - Erro ao tentar inserir registro na tabela!
2024-08-29 20:23:57,618 - INFO - venda - Erro ao tentar inserir registro na tabela!
2024-08-29 20:23:57,717 - INFO - venda - Erro ao tentar inserir registro na tabela!
2024-08-29 20:23:57,816 - INFO - venda - Erro ao tentar inserir registro na tabela!
2024-08-29 20:23:57,917 - INFO - venda - Erro ao tentar inserir registro na tabela!
2024-08-29 20:23:58,013 - INFO - venda - Erro ao tentar inserir registro na tabela!
2024-08-29 20:23:58,106 - INFO - venda - Erro ao tentar inserir registro na tabela!
2024-08-29 20:23:58,198 - INFO - venda - Erro ao tentar inserir registro na tabela!
2024-08-29 20:23:58,298 - INFO - venda - Erro ao tentar inserir registro na tabela!
2024-08-29 20:23:58,400 - INFO - venda - Erro ao tentar inserir registro na tabela!
2024-08-29 20:23:58,499 - INFO - venda - Erro ao tentar inserir registro na tabela!
2024-08-29 20:23:58,593 - INFO - venda - Erro ao tentar inserir registro na tabela!
2024-08-29 20:23:58,693 - INFO - venda - Erro ao tentar inserir registro na tabela!
2024-08-29 20:23:58,793 - INFO - venda - Erro ao tentar inserir registro na tabela!
2024-08-29 20:23:58,890 - INFO - venda - Erro ao tentar inserir registro na tabela!
2024-08-29 20:23:58,983 - INFO - venda - Erro ao tentar inserir registro na tabela!
2024-08-29 20:23:59,090 - INFO - venda - Erro ao tentar inserir registro na tabela!
2024-08-29 20:23:59,192 - INFO - venda - Erro ao tentar inserir registro na tabela!
