2024-08-09 14:51:33,309 - INFO - venda - Apagando registros no dia 2024-08-08...
2024-08-09 14:51:33,418 - INFO - venda - Registros apagados com sucesso no dia 2024-08-08!
2024-08-09 14:54:46,908 - INFO - venda - Numero de linhas inseridas na tabela no dia 2024-08-08: 170270
2024-08-09 14:56:13,841 - INFO - venda - Apagando registros no dia 2024-08-08...
2024-08-09 14:56:14,640 - INFO - venda - Registros apagados com sucesso no dia 2024-08-08!
2024-08-09 14:58:14,408 - INFO - venda - Apagando registros no dia 2024-08-08...
2024-08-09 14:58:14,412 - INFO - venda - Apagando registros no dia 2024-08-06...
2024-08-09 14:58:14,419 - INFO - venda - Apagando registros no dia 2024-08-07...
2024-08-09 14:58:14,480 - INFO - venda - Apagando registros no dia 2024-08-05...
2024-08-09 14:58:14,537 - INFO - venda - Registros apagados com sucesso no dia 2024-08-06!
2024-08-09 14:58:14,549 - INFO - venda - Registros apagados com sucesso no dia 2024-08-07!
2024-08-09 14:58:14,564 - INFO - venda - Registros apagados com sucesso no dia 2024-08-08!
2024-08-09 14:58:14,608 - INFO - venda - Registros apagados com sucesso no dia 2024-08-05!
2024-08-09 15:02:39,484 - INFO - venda - Numero de linhas inseridas na tabela no dia 2024-08-08: 171304
2024-08-09 15:02:39,574 - INFO - venda - Apagando registros no dia 2024-08-04...
2024-08-09 15:02:39,805 - INFO - venda - Registros apagados com sucesso no dia 2024-08-04!
2024-08-09 15:05:39,543 - INFO - venda - Numero de linhas inseridas na tabela no dia 2024-08-07: 279689
2024-08-09 15:05:39,579 - INFO - venda - Apagando registros no dia 2024-08-03...
2024-08-09 15:05:39,914 - INFO - venda - Registros apagados com sucesso no dia 2024-08-03!
2024-08-09 15:05:40,575 - INFO - venda - Numero de linhas inseridas na tabela no dia 2024-08-06: 286542
2024-08-09 15:05:40,605 - INFO - venda - Apagando registros no dia 2024-08-02...
2024-08-09 15:05:40,945 - INFO - venda - Registros apagados com sucesso no dia 2024-08-02!
2024-08-09 15:05:44,540 - INFO - venda - Numero de linhas inseridas na tabela no dia 2024-08-03: 346
2024-08-09 15:05:44,928 - INFO - venda - Apagando registros no dia 2024-08-01...
2024-08-09 15:05:45,267 - INFO - venda - Registros apagados com sucesso no dia 2024-08-01!
2024-08-09 15:06:54,340 - INFO - venda - Numero de linhas inseridas na tabela no dia 2024-08-05: 326658
2024-08-09 15:06:54,410 - INFO - venda - Apagando registros no dia 2024-07-31...
2024-08-09 15:06:54,817 - INFO - venda - Registros apagados com sucesso no dia 2024-07-31!
2024-08-09 15:07:12,822 - INFO - venda - Numero de linhas inseridas na tabela no dia 2024-08-04: 176278
2024-08-09 15:07:12,843 - INFO - venda - Apagando registros no dia 2024-07-30...
2024-08-09 15:07:13,259 - INFO - venda - Registros apagados com sucesso no dia 2024-07-30!
2024-08-09 15:08:34,940 - INFO - venda - Numero de linhas inseridas na tabela no dia 2024-08-02: 119816
2024-08-09 15:11:05,192 - INFO - venda - Numero de linhas inseridas na tabela no dia 2024-08-01: 221847
2024-08-09 15:13:44,093 - INFO - venda - Numero de linhas inseridas na tabela no dia 2024-07-31: 276202
2024-08-09 15:14:55,677 - INFO - venda - Numero de linhas inseridas na tabela no dia 2024-07-30: 333565
2024-08-09 15:18:18,683 - INFO - venda - Apagando registros no dia 2024-08-08...
2024-08-09 15:18:18,685 - INFO - venda - Apagando registros no dia 2024-08-07...
2024-08-09 15:18:18,687 - INFO - venda - Apagando registros no dia 2024-08-05...
2024-08-09 15:18:18,689 - INFO - venda - Apagando registros no dia 2024-08-06...
2024-08-09 15:18:23,712 - INFO - venda - Registros apagados com sucesso no dia 2024-08-08!
2024-08-09 15:18:24,362 - INFO - venda - Registros apagados com sucesso no dia 2024-08-07!
2024-08-09 15:18:24,518 - INFO - venda - Registros apagados com sucesso no dia 2024-08-06!
2024-08-09 15:18:24,562 - INFO - venda - Registros apagados com sucesso no dia 2024-08-05!
2024-08-09 15:22:31,239 - INFO - venda - Numero de linhas inseridas na tabela no dia 2024-08-08: 172694
2024-08-09 15:22:31,420 - INFO - venda - Apagando registros no dia 2024-08-04...
2024-08-09 15:22:33,422 - INFO - venda - Registros apagados com sucesso no dia 2024-08-04!
2024-08-09 15:22:46,188 - INFO - venda - Apagando registros no dia 2024-08-08...
2024-08-09 15:22:46,189 - INFO - venda - Apagando registros no dia 2024-08-07...
2024-08-09 15:22:46,200 - INFO - venda - Apagando registros no dia 2024-08-06...
2024-08-09 15:22:46,201 - INFO - venda - Apagando registros no dia 2024-08-05...
2024-08-09 15:22:46,293 - INFO - venda - Registros apagados com sucesso no dia 2024-08-08!
2024-08-09 15:22:46,311 - INFO - venda - Registros apagados com sucesso no dia 2024-08-06!
2024-08-09 15:22:46,312 - INFO - venda - Registros apagados com sucesso no dia 2024-08-07!
2024-08-09 15:22:46,316 - INFO - venda - Registros apagados com sucesso no dia 2024-08-05!
2024-08-09 16:16:46,477 - INFO - venda - Apagando registros no dia 2024-08-05...
2024-08-09 16:16:46,479 - INFO - venda - Apagando registros no dia 2024-08-07...
2024-08-09 16:16:46,488 - INFO - venda - Apagando registros no dia 2024-08-08...
2024-08-09 16:16:46,488 - INFO - venda - Apagando registros no dia 2024-08-06...
2024-08-09 16:16:46,603 - INFO - venda - Registros apagados com sucesso no dia 2024-08-05!
2024-08-09 16:16:46,604 - INFO - venda - Registros apagados com sucesso no dia 2024-08-07!
2024-08-09 16:16:46,623 - INFO - venda - Registros apagados com sucesso no dia 2024-08-08!
2024-08-09 16:16:46,627 - INFO - venda - Registros apagados com sucesso no dia 2024-08-06!
2024-08-09 16:20:23,182 - INFO - venda - Numero de linhas inseridas na tabela no dia 2024-08-08: 177751
2024-08-09 16:20:23,203 - INFO - venda - Apagando registros no dia 2024-08-04...
2024-08-09 16:20:23,416 - INFO - venda - Registros apagados com sucesso no dia 2024-08-04!
2024-08-09 16:22:56,525 - INFO - venda - Numero de linhas inseridas na tabela no dia 2024-08-07: 279689
2024-08-09 16:22:56,558 - INFO - venda - Apagando registros no dia 2024-08-03...
2024-08-09 16:22:56,910 - INFO - venda - Registros apagados com sucesso no dia 2024-08-03!
2024-08-09 16:22:59,308 - INFO - venda - Numero de linhas inseridas na tabela no dia 2024-08-03: 346
2024-08-09 16:22:59,332 - INFO - venda - Apagando registros no dia 2024-08-02...
2024-08-09 16:22:59,680 - INFO - venda - Registros apagados com sucesso no dia 2024-08-02!
2024-08-09 16:23:02,636 - INFO - venda - Numero de linhas inseridas na tabela no dia 2024-08-06: 286542
2024-08-09 16:23:02,659 - INFO - venda - Apagando registros no dia 2024-08-01...
2024-08-09 16:23:02,989 - INFO - venda - Registros apagados com sucesso no dia 2024-08-01!
2024-08-09 16:23:48,192 - INFO - venda - Numero de linhas inseridas na tabela no dia 2024-08-05: 326658
2024-08-09 16:23:48,223 - INFO - venda - Apagando registros no dia 2024-07-31...
2024-08-09 16:23:48,625 - INFO - venda - Registros apagados com sucesso no dia 2024-07-31!
2024-08-09 16:24:16,368 - INFO - venda - Numero de linhas inseridas na tabela no dia 2024-08-04: 176278
2024-08-09 16:24:16,384 - INFO - venda - Apagando registros no dia 2024-07-30...
2024-08-09 16:24:16,781 - INFO - venda - Registros apagados com sucesso no dia 2024-07-30!
2024-08-09 16:25:18,698 - INFO - venda - Numero de linhas inseridas na tabela no dia 2024-08-02: 119816
2024-08-09 16:27:16,778 - INFO - venda - Numero de linhas inseridas na tabela no dia 2024-08-01: 221847
2024-08-09 16:29:06,501 - INFO - venda - Numero de linhas inseridas na tabela no dia 2024-07-31: 276202
2024-08-09 16:30:26,030 - INFO - venda - Numero de linhas inseridas na tabela no dia 2024-07-30: 333565
2024-08-09 16:31:54,636 - INFO - venda - Apagando registros no dia 2024-08-08...
2024-08-09 16:31:54,636 - INFO - venda - Apagando registros no dia 2024-08-07...
2024-08-09 16:31:54,724 - INFO - venda - Registros apagados com sucesso no dia 2024-08-08!
2024-08-09 16:31:54,725 - INFO - venda - Registros apagados com sucesso no dia 2024-08-07!
2024-08-09 16:35:12,047 - INFO - venda - Numero de linhas inseridas na tabela no dia 2024-08-08: 180019
2024-08-09 16:37:00,875 - INFO - venda - Numero de linhas inseridas na tabela no dia 2024-08-07: 279689
2024-08-09 16:46:27,048 - INFO - venda - Apagando registros no dia 2024-08-07...
2024-08-09 16:46:27,051 - INFO - venda - Apagando registros no dia 2024-08-08...
2024-08-09 16:46:27,833 - INFO - venda - Registros apagados com sucesso no dia 2024-08-07!
2024-08-09 16:46:27,972 - INFO - venda - Registros apagados com sucesso no dia 2024-08-08!
2024-08-09 16:49:52,795 - INFO - venda - Numero de linhas inseridas na tabela no dia 2024-08-08: 182281
2024-08-09 16:51:32,225 - INFO - venda - Numero de linhas inseridas na tabela no dia 2024-08-07: 279689
2024-08-09 16:56:57,857 - INFO - venda - Apagando registros no dia 2024-08-08...
2024-08-09 16:56:57,934 - INFO - venda - Registros apagados com sucesso no dia 2024-08-08!
2024-08-09 17:00:02,371 - INFO - venda - Numero de linhas inseridas na tabela no dia 2024-08-08: 183552
2024-08-09 17:02:28,838 - INFO - venda - Apagando registros no dia 2024-08-08...
2024-08-09 17:02:29,353 - INFO - venda - Registros apagados com sucesso no dia 2024-08-08!
2024-08-09 17:06:21,663 - INFO - venda - Numero de linhas inseridas na tabela no dia 2024-08-08: 183880
2024-08-09 17:10:54,347 - INFO - venda - Apagando registros no dia 2024-08-08...
2024-08-09 17:10:54,575 - INFO - venda - Registros apagados com sucesso no dia 2024-08-08!
2024-08-09 17:14:11,624 - INFO - venda - Numero de linhas inseridas na tabela no dia 2024-08-08: 185096
2024-08-09 17:21:00,580 - INFO - venda - Apagando registros no dia 2024-08-08...
2024-08-09 17:21:00,652 - INFO - venda - Registros apagados com sucesso no dia 2024-08-08!
2024-08-09 17:23:56,728 - INFO - venda - Numero de linhas inseridas na tabela no dia 2024-08-08: 185843
2024-08-09 17:27:21,518 - INFO - venda - Apagando registros no dia 2024-08-08...
2024-08-09 17:27:22,249 - INFO - venda - Registros apagados com sucesso no dia 2024-08-08!
2024-08-09 17:30:15,737 - INFO - venda - Apagando registros no dia 2024-08-08...
2024-08-09 17:30:15,811 - INFO - venda - Registros apagados com sucesso no dia 2024-08-08!
2024-08-09 17:32:55,065 - INFO - venda - Numero de linhas inseridas na tabela no dia 2024-08-08: 143527
2024-08-09 17:33:59,204 - INFO - venda - Apagando registros no dia 2024-08-08...
2024-08-09 17:33:59,884 - INFO - venda - Registros apagados com sucesso no dia 2024-08-08!
2024-08-09 17:36:35,986 - INFO - venda - Numero de linhas inseridas na tabela no dia 2024-08-08: 143527
2024-08-09 17:51:28,288 - INFO - venda - Apagando registros no dia 2024-08-07...
2024-08-09 17:51:28,289 - INFO - venda - Apagando registros no dia 2024-08-06...
2024-08-09 17:51:28,289 - INFO - venda - Apagando registros no dia 2024-08-05...
2024-08-09 17:51:28,291 - INFO - venda - Apagando registros no dia 2024-08-04...
2024-08-09 17:51:28,289 - INFO - venda - Apagando registros no dia 2024-07-31...
2024-08-09 17:51:28,290 - INFO - venda - Apagando registros no dia 2024-07-30...
2024-08-09 17:51:28,290 - INFO - venda - Apagando registros no dia 2024-08-02...
2024-08-09 17:51:28,330 - INFO - venda - Apagando registros no dia 2024-08-08...
2024-08-09 17:51:28,331 - INFO - venda - Apagando registros no dia 2024-08-03...
2024-08-09 17:51:28,369 - INFO - venda - Apagando registros no dia 2024-08-01...
2024-08-09 17:51:28,429 - INFO - venda - Registros apagados com sucesso no dia 2024-08-07!
2024-08-09 17:51:28,435 - INFO - venda - Registros apagados com sucesso no dia 2024-08-05!
2024-08-09 17:51:28,444 - INFO - venda - Registros apagados com sucesso no dia 2024-08-04!
2024-08-09 17:51:28,448 - INFO - venda - Registros apagados com sucesso no dia 2024-08-06!
2024-08-09 17:51:28,454 - INFO - venda - Registros apagados com sucesso no dia 2024-07-31!
2024-08-09 17:51:28,479 - INFO - venda - Registros apagados com sucesso no dia 2024-07-30!
2024-08-09 17:51:28,505 - INFO - venda - Registros apagados com sucesso no dia 2024-08-02!
2024-08-09 17:51:28,525 - INFO - venda - Registros apagados com sucesso no dia 2024-08-03!
2024-08-09 17:51:28,546 - INFO - venda - Registros apagados com sucesso no dia 2024-08-01!
2024-08-09 17:51:28,615 - INFO - venda - Registros apagados com sucesso no dia 2024-08-08!
2024-08-09 17:51:37,678 - INFO - venda - Numero de linhas inseridas na tabela no dia 2024-08-06: 7496
2024-08-09 17:54:33,465 - INFO - venda - Numero de linhas inseridas na tabela no dia 2024-08-03: 127224
2024-08-09 17:55:18,649 - INFO - venda - Numero de linhas inseridas na tabela no dia 2024-08-08: 143527
2024-08-09 17:55:32,309 - INFO - venda - Numero de linhas inseridas na tabela no dia 2024-08-04: 155783
2024-08-09 17:55:55,532 - INFO - venda - Numero de linhas inseridas na tabela no dia 2024-08-01: 168458
2024-08-09 17:56:15,086 - INFO - venda - Numero de linhas inseridas na tabela no dia 2024-08-02: 144622
2024-08-09 17:56:33,618 - INFO - venda - Numero de linhas inseridas na tabela no dia 2024-08-05: 160271
2024-08-09 17:56:37,087 - INFO - venda - Numero de linhas inseridas na tabela no dia 2024-08-07: 165595
2024-08-09 18:00:20,164 - INFO - venda - Apagando registros no dia 2024-08-06...
2024-08-09 18:00:20,175 - INFO - venda - Apagando registros no dia 2024-07-30...
2024-08-09 18:00:20,181 - INFO - venda - Apagando registros no dia 2024-08-04...
2024-08-09 18:00:20,193 - INFO - venda - Apagando registros no dia 2024-07-31...
2024-08-09 18:00:20,194 - INFO - venda - Apagando registros no dia 2024-08-02...
2024-08-09 18:00:20,197 - INFO - venda - Apagando registros no dia 2024-08-03...
2024-08-09 18:00:20,203 - INFO - venda - Apagando registros no dia 2024-08-08...
2024-08-09 18:00:20,206 - INFO - venda - Apagando registros no dia 2024-08-05...
2024-08-09 18:00:20,217 - INFO - venda - Apagando registros no dia 2024-08-07...
2024-08-09 18:00:20,221 - INFO - venda - Apagando registros no dia 2024-08-01...
2024-08-09 18:00:20,693 - INFO - venda - Registros apagados com sucesso no dia 2024-07-30!
2024-08-09 18:00:20,727 - INFO - venda - Registros apagados com sucesso no dia 2024-07-31!
2024-08-09 18:00:20,734 - INFO - venda - Registros apagados com sucesso no dia 2024-08-04!
2024-08-09 18:00:20,746 - INFO - venda - Registros apagados com sucesso no dia 2024-08-06!
2024-08-09 18:00:20,772 - INFO - venda - Registros apagados com sucesso no dia 2024-08-03!
2024-08-09 18:00:20,790 - INFO - venda - Registros apagados com sucesso no dia 2024-08-07!
2024-08-09 18:00:20,791 - INFO - venda - Registros apagados com sucesso no dia 2024-08-01!
2024-08-09 18:00:20,796 - INFO - venda - Registros apagados com sucesso no dia 2024-08-02!
2024-08-09 18:00:20,812 - INFO - venda - Registros apagados com sucesso no dia 2024-08-05!
2024-08-09 18:00:20,952 - INFO - venda - Registros apagados com sucesso no dia 2024-08-08!
2024-08-09 18:00:52,172 - INFO - venda - Apagando registros no dia 2024-08-08...
2024-08-09 18:00:52,173 - INFO - venda - Apagando registros no dia 2024-07-30...
2024-08-09 18:00:52,181 - INFO - venda - Apagando registros no dia 2024-08-04...
2024-08-09 18:00:52,199 - INFO - venda - Apagando registros no dia 2024-08-02...
2024-08-09 18:00:52,219 - INFO - venda - Apagando registros no dia 2024-08-06...
2024-08-09 18:00:52,223 - INFO - venda - Apagando registros no dia 2024-08-03...
2024-08-09 18:00:52,234 - INFO - venda - Apagando registros no dia 2024-08-07...
2024-08-09 18:00:52,255 - INFO - venda - Apagando registros no dia 2024-07-31...
2024-08-09 18:00:52,256 - INFO - venda - Apagando registros no dia 2024-08-05...
2024-08-09 18:00:52,312 - INFO - venda - Apagando registros no dia 2024-08-01...
2024-08-09 18:00:52,692 - INFO - venda - Registros apagados com sucesso no dia 2024-07-30!
2024-08-09 18:00:52,692 - INFO - venda - Registros apagados com sucesso no dia 2024-08-08!
2024-08-09 18:00:52,727 - INFO - venda - Registros apagados com sucesso no dia 2024-08-04!
2024-08-09 18:00:52,729 - INFO - venda - Registros apagados com sucesso no dia 2024-08-02!
2024-08-09 18:00:52,754 - INFO - venda - Registros apagados com sucesso no dia 2024-08-06!
2024-08-09 18:00:52,761 - INFO - venda - Registros apagados com sucesso no dia 2024-08-03!
2024-08-09 18:00:52,783 - INFO - venda - Registros apagados com sucesso no dia 2024-08-07!
2024-08-09 18:00:52,784 - INFO - venda - Registros apagados com sucesso no dia 2024-07-31!
2024-08-09 18:00:52,787 - INFO - venda - Registros apagados com sucesso no dia 2024-08-05!
2024-08-09 18:00:52,795 - INFO - venda - Registros apagados com sucesso no dia 2024-08-01!
2024-08-09 18:01:23,791 - INFO - venda - Numero de linhas inseridas na tabela no dia 2024-08-06: 7496
2024-08-09 18:06:12,397 - INFO - venda - Apagando registros no dia 2024-08-03...
2024-08-09 18:06:12,399 - INFO - venda - Apagando registros no dia 2024-07-31...
2024-08-09 18:06:12,412 - INFO - venda - Apagando registros no dia 2024-08-07...
2024-08-09 18:06:12,417 - INFO - venda - Apagando registros no dia 2024-08-04...
2024-08-09 18:06:12,417 - INFO - venda - Apagando registros no dia 2024-08-08...
2024-08-09 18:06:12,420 - INFO - venda - Apagando registros no dia 2024-08-05...
2024-08-09 18:06:12,448 - INFO - venda - Apagando registros no dia 2024-08-01...
2024-08-09 18:06:12,449 - INFO - venda - Apagando registros no dia 2024-08-06...
2024-08-09 18:06:12,480 - INFO - venda - Apagando registros no dia 2024-07-30...
2024-08-09 18:06:12,509 - INFO - venda - Apagando registros no dia 2024-08-02...
2024-08-09 18:06:12,868 - INFO - venda - Registros apagados com sucesso no dia 2024-08-03!
2024-08-09 18:06:12,869 - INFO - venda - Registros apagados com sucesso no dia 2024-07-31!
2024-08-09 18:06:12,938 - INFO - venda - Registros apagados com sucesso no dia 2024-08-07!
2024-08-09 18:06:12,942 - INFO - venda - Registros apagados com sucesso no dia 2024-08-04!
2024-08-09 18:06:12,956 - INFO - venda - Registros apagados com sucesso no dia 2024-08-08!
2024-08-09 18:06:12,962 - INFO - venda - Registros apagados com sucesso no dia 2024-08-01!
2024-08-09 18:06:12,965 - INFO - venda - Registros apagados com sucesso no dia 2024-08-05!
2024-08-09 18:06:12,979 - INFO - venda - Registros apagados com sucesso no dia 2024-08-06!
2024-08-09 18:06:12,985 - INFO - venda - Registros apagados com sucesso no dia 2024-07-30!
2024-08-09 18:06:12,989 - INFO - venda - Registros apagados com sucesso no dia 2024-08-02!
2024-08-09 18:06:17,161 - INFO - venda - Numero de linhas inseridas na tabela no dia 2024-08-03: 346
2024-08-09 18:06:25,210 - INFO - venda - Numero de linhas inseridas na tabela no dia 2024-08-04: 0
2024-08-09 18:06:36,348 - INFO - venda - Apagando registros no dia 2024-08-08...
2024-08-09 18:06:36,350 - INFO - venda - Apagando registros no dia 2024-08-07...
2024-08-09 18:06:36,353 - INFO - venda - Apagando registros no dia 2024-08-03...
2024-08-09 18:06:36,361 - INFO - venda - Apagando registros no dia 2024-07-30...
2024-08-09 18:06:36,362 - INFO - venda - Apagando registros no dia 2024-08-04...
2024-08-09 18:06:36,385 - INFO - venda - Apagando registros no dia 2024-08-05...
2024-08-09 18:06:36,386 - INFO - venda - Apagando registros no dia 2024-08-02...
2024-08-09 18:06:36,395 - INFO - venda - Apagando registros no dia 2024-08-01...
2024-08-09 18:06:36,401 - INFO - venda - Apagando registros no dia 2024-08-06...
2024-08-09 18:06:36,421 - INFO - venda - Apagando registros no dia 2024-07-31...
2024-08-09 18:06:36,441 - INFO - venda - Registros apagados com sucesso no dia 2024-08-07!
2024-08-09 18:06:36,446 - INFO - venda - Registros apagados com sucesso no dia 2024-08-08!
2024-08-09 18:06:36,526 - INFO - venda - Registros apagados com sucesso no dia 2024-08-03!
2024-08-09 18:06:36,535 - INFO - venda - Registros apagados com sucesso no dia 2024-07-30!
2024-08-09 18:06:36,542 - INFO - venda - Registros apagados com sucesso no dia 2024-08-04!
2024-08-09 18:06:36,552 - INFO - venda - Registros apagados com sucesso no dia 2024-08-05!
2024-08-09 18:06:36,553 - INFO - venda - Registros apagados com sucesso no dia 2024-08-02!
2024-08-09 18:06:36,555 - INFO - venda - Registros apagados com sucesso no dia 2024-08-01!
2024-08-09 18:06:36,559 - INFO - venda - Registros apagados com sucesso no dia 2024-08-06!
2024-08-09 18:06:36,587 - INFO - venda - Registros apagados com sucesso no dia 2024-07-31!
2024-08-09 18:06:39,074 - INFO - venda - Numero de linhas inseridas na tabela no dia 2024-08-03: 346
2024-08-09 18:06:40,304 - INFO - venda - Numero de linhas inseridas na tabela no dia 2024-08-04: 0
2024-08-09 18:10:32,544 - INFO - venda - Numero de linhas inseridas na tabela no dia 2024-08-02: 119470
2024-08-09 18:10:56,811 - INFO - venda - Numero de linhas inseridas na tabela no dia 2024-08-01: 102377
2024-08-09 18:11:16,961 - INFO - venda - Numero de linhas inseridas na tabela no dia 2024-08-07: 136162
2024-08-09 18:11:43,939 - INFO - venda - Numero de linhas inseridas na tabela no dia 2024-08-08: 143527
2024-08-09 18:11:55,109 - INFO - venda - Numero de linhas inseridas na tabela no dia 2024-07-31: 173825
2024-08-09 18:11:59,441 - INFO - venda - Numero de linhas inseridas na tabela no dia 2024-08-05: 176278
2024-08-09 18:12:07,246 - INFO - venda - Numero de linhas inseridas na tabela no dia 2024-07-30: 159740
2024-08-09 18:12:16,487 - INFO - venda - Numero de linhas inseridas na tabela no dia 2024-08-06: 150380
2024-08-09 18:15:23,411 - INFO - venda - Apagando registros no dia 2024-08-08...
2024-08-09 18:15:23,419 - INFO - venda - Apagando registros no dia 2024-08-05...
2024-08-09 18:15:23,419 - INFO - venda - Apagando registros no dia 2024-07-31...
2024-08-09 18:15:23,419 - INFO - venda - Apagando registros no dia 2024-08-03...
2024-08-09 18:15:23,420 - INFO - venda - Apagando registros no dia 2024-08-02...
2024-08-09 18:15:23,420 - INFO - venda - Apagando registros no dia 2024-08-06...
2024-08-09 18:15:23,436 - INFO - venda - Apagando registros no dia 2024-08-04...
2024-08-09 18:15:23,444 - INFO - venda - Apagando registros no dia 2024-08-07...
2024-08-09 18:15:23,453 - INFO - venda - Apagando registros no dia 2024-07-30...
2024-08-09 18:15:23,458 - INFO - venda - Apagando registros no dia 2024-08-01...
2024-08-09 18:15:23,946 - INFO - venda - Registros apagados com sucesso no dia 2024-08-03!
2024-08-09 18:15:24,003 - INFO - venda - Registros apagados com sucesso no dia 2024-08-04!
2024-08-09 18:15:25,110 - INFO - venda - Registros apagados com sucesso no dia 2024-08-01!
2024-08-09 18:15:25,203 - INFO - venda - Registros apagados com sucesso no dia 2024-08-02!
2024-08-09 18:15:25,257 - INFO - venda - Registros apagados com sucesso no dia 2024-08-07!
2024-08-09 18:15:25,274 - INFO - venda - Registros apagados com sucesso no dia 2024-08-08!
2024-08-09 18:15:25,308 - INFO - venda - Registros apagados com sucesso no dia 2024-08-06!
2024-08-09 18:15:25,312 - INFO - venda - Registros apagados com sucesso no dia 2024-08-05!
2024-08-09 18:15:25,340 - INFO - venda - Registros apagados com sucesso no dia 2024-07-31!
2024-08-09 18:15:25,359 - INFO - venda - Registros apagados com sucesso no dia 2024-07-30!
2024-08-09 18:15:27,372 - INFO - venda - Numero de linhas inseridas na tabela no dia 2024-08-04: 0
2024-08-09 18:15:27,421 - INFO - venda - Apagando registros no dia 2024-07-29...
2024-08-09 18:15:28,098 - INFO - venda - Registros apagados com sucesso no dia 2024-07-29!
2024-08-09 18:15:28,830 - INFO - venda - Numero de linhas inseridas na tabela no dia 2024-08-03: 346
2024-08-09 18:21:53,031 - INFO - Erro ao tentar conectar ao driver pgsql no banco bi_nazaria
2024-08-09 18:21:53,032 - INFO - venda - Erro ao tentar inserir registro na tabela! connection to server at "10.11.1.54", port 5432 failed: server closed the connection unexpectedly
	This probably means the server terminated abnormally
	before or while processing the request.

2024-08-09 18:21:53,125 - INFO - Erro ao tentar conectar ao driver pgsql no banco bi_nazaria
2024-08-09 18:21:53,151 - INFO - venda - Erro ao tentar inserir registro na tabela! connection to server at "10.11.1.54", port 5432 failed: Connection reset by peer
	Is the server running on that host and accepting TCP/IP connections?

2024-08-09 18:23:38,971 - INFO - venda - Numero de linhas inseridas na tabela no dia 2024-08-01: 102377
2024-08-09 18:23:46,142 - INFO - venda - Numero de linhas inseridas na tabela no dia 2024-08-02: 119470
2024-08-09 18:24:35,972 - INFO - venda - Numero de linhas inseridas na tabela no dia 2024-07-29: 149395
2024-08-09 18:24:36,408 - INFO - venda - Numero de linhas inseridas na tabela no dia 2024-08-07: 136162
2024-08-09 18:24:45,739 - INFO - venda - Numero de linhas inseridas na tabela no dia 2024-08-08: 143527
2024-08-09 18:25:03,053 - INFO - venda - Numero de linhas inseridas na tabela no dia 2024-08-06: 150380
2024-08-09 18:25:26,300 - INFO - venda - Numero de linhas inseridas na tabela no dia 2024-08-05: 176278
2024-08-09 18:25:30,835 - INFO - venda - Numero de linhas inseridas na tabela no dia 2024-07-30: 159740
2024-08-09 18:25:40,603 - INFO - venda - Numero de linhas inseridas na tabela no dia 2024-07-31: 173825
2024-08-09 18:26:04,383 - INFO - venda - Apagando registros no dia 2024-08-04...
2024-08-09 18:26:04,384 - INFO - venda - Apagando registros no dia 2024-08-01...
2024-08-09 18:26:04,400 - INFO - venda - Apagando registros no dia 2024-08-07...
2024-08-09 18:26:04,415 - INFO - venda - Apagando registros no dia 2024-08-06...
2024-08-09 18:26:04,416 - INFO - venda - Apagando registros no dia 2024-08-05...
2024-08-09 18:26:04,416 - INFO - venda - Apagando registros no dia 2024-08-02...
2024-08-09 18:26:04,434 - INFO - venda - Apagando registros no dia 2024-08-08...
2024-08-09 18:26:04,445 - INFO - venda - Apagando registros no dia 2024-08-03...
2024-08-09 18:26:04,449 - INFO - venda - Apagando registros no dia 2024-07-30...
2024-08-09 18:26:04,465 - INFO - venda - Apagando registros no dia 2024-07-31...
2024-08-09 18:26:04,887 - INFO - venda - Registros apagados com sucesso no dia 2024-08-04!
2024-08-09 18:26:04,950 - INFO - venda - Registros apagados com sucesso no dia 2024-08-03!
2024-08-09 18:26:06,741 - INFO - venda - Numero de linhas inseridas na tabela no dia 2024-08-04: 0
2024-08-09 18:26:06,830 - INFO - venda - Apagando registros no dia 2024-07-29...
2024-08-09 18:26:06,971 - INFO - venda - Registros apagados com sucesso no dia 2024-08-01!
2024-08-09 18:26:07,607 - INFO - venda - Registros apagados com sucesso no dia 2024-08-02!
2024-08-09 18:26:07,635 - INFO - venda - Registros apagados com sucesso no dia 2024-08-07!
2024-08-09 18:26:07,763 - INFO - venda - Registros apagados com sucesso no dia 2024-07-31!
2024-08-09 18:26:07,861 - INFO - venda - Registros apagados com sucesso no dia 2024-08-08!
2024-08-09 18:26:07,891 - INFO - venda - Registros apagados com sucesso no dia 2024-07-30!
2024-08-09 18:26:07,909 - INFO - venda - Registros apagados com sucesso no dia 2024-08-05!
2024-08-09 18:26:07,917 - INFO - venda - Registros apagados com sucesso no dia 2024-08-06!
2024-08-09 18:26:08,454 - INFO - venda - Registros apagados com sucesso no dia 2024-07-29!
2024-08-09 18:26:09,256 - INFO - venda - Numero de linhas inseridas na tabela no dia 2024-08-03: 346
2024-08-09 18:28:15,553 - INFO - venda - Numero de linhas inseridas na tabela no dia 2024-08-01: 102377
2024-08-09 18:29:52,214 - INFO - venda - Numero de linhas inseridas na tabela no dia 2024-07-29: 149395
2024-08-09 18:30:04,924 - INFO - venda - Numero de linhas inseridas na tabela no dia 2024-08-02: 119470
2024-08-09 18:31:09,989 - INFO - venda - Numero de linhas inseridas na tabela no dia 2024-08-08: 143527
2024-08-09 18:31:12,813 - INFO - venda - Numero de linhas inseridas na tabela no dia 2024-08-07: 136162
2024-08-09 18:31:28,449 - INFO - venda - Numero de linhas inseridas na tabela no dia 2024-07-30: 159740
2024-08-09 18:31:32,900 - INFO - venda - Numero de linhas inseridas na tabela no dia 2024-08-05: 176278
2024-08-09 18:31:33,699 - INFO - venda - Numero de linhas inseridas na tabela no dia 2024-08-06: 150380
2024-08-09 18:31:54,799 - INFO - venda - Numero de linhas inseridas na tabela no dia 2024-07-31: 173825
2024-08-09 18:33:18,748 - INFO - venda - Apagando registros no dia 2024-08-07...
2024-08-09 18:33:18,755 - INFO - venda - Apagando registros no dia 2024-08-08...
2024-08-09 18:33:18,758 - INFO - venda - Apagando registros no dia 2024-08-05...
2024-08-09 18:33:18,758 - INFO - venda - Apagando registros no dia 2024-08-06...
2024-08-09 18:33:18,760 - INFO - venda - Apagando registros no dia 2024-08-02...
2024-08-09 18:33:18,763 - INFO - venda - Apagando registros no dia 2024-08-03...
2024-08-09 18:33:18,768 - INFO - venda - Apagando registros no dia 2024-08-04...
2024-08-09 18:33:18,775 - INFO - venda - Apagando registros no dia 2024-08-01...
2024-08-09 18:33:18,781 - INFO - venda - Apagando registros no dia 2024-07-31...
2024-08-09 18:33:18,822 - INFO - venda - Apagando registros no dia 2024-07-30...
2024-08-09 18:33:19,315 - INFO - venda - Registros apagados com sucesso no dia 2024-08-04!
2024-08-09 18:33:19,317 - INFO - venda - Registros apagados com sucesso no dia 2024-08-03!
2024-08-09 18:33:20,679 - INFO - venda - Registros apagados com sucesso no dia 2024-08-01!
2024-08-09 18:33:20,959 - INFO - venda - Registros apagados com sucesso no dia 2024-08-02!
2024-08-09 18:33:21,088 - INFO - venda - Registros apagados com sucesso no dia 2024-08-07!
2024-08-09 18:33:21,123 - INFO - venda - Registros apagados com sucesso no dia 2024-08-08!
2024-08-09 18:33:21,169 - INFO - venda - Registros apagados com sucesso no dia 2024-08-06!
2024-08-09 18:33:21,197 - INFO - venda - Registros apagados com sucesso no dia 2024-08-05!
2024-08-09 18:33:21,206 - INFO - venda - Registros apagados com sucesso no dia 2024-07-30!
2024-08-09 18:33:21,230 - INFO - venda - Registros apagados com sucesso no dia 2024-07-31!
2024-08-09 18:33:21,988 - INFO - venda - Numero de linhas inseridas na tabela no dia 2024-08-04: 0
2024-08-09 18:33:22,049 - INFO - venda - Apagando registros no dia 2024-07-29...
2024-08-09 18:33:22,866 - INFO - venda - Numero de linhas inseridas na tabela no dia 2024-08-03: 346
2024-08-09 18:33:23,129 - INFO - venda - Registros apagados com sucesso no dia 2024-07-29!
2024-08-09 18:33:51,390 - INFO - venda - Apagando registros no dia 2024-08-07...
2024-08-09 18:33:51,390 - INFO - venda - Apagando registros no dia 2024-08-02...
2024-08-09 18:33:51,391 - INFO - venda - Apagando registros no dia 2024-08-05...
2024-08-09 18:33:51,398 - INFO - venda - Apagando registros no dia 2024-08-04...
2024-08-09 18:33:51,413 - INFO - venda - Apagando registros no dia 2024-08-06...
2024-08-09 18:33:51,424 - INFO - venda - Apagando registros no dia 2024-08-03...
2024-08-09 18:33:51,426 - INFO - venda - Apagando registros no dia 2024-07-30...
2024-08-09 18:33:51,435 - INFO - venda - Apagando registros no dia 2024-08-01...
2024-08-09 18:33:51,438 - INFO - venda - Apagando registros no dia 2024-08-08...
2024-08-09 18:33:51,449 - INFO - venda - Apagando registros no dia 2024-07-31...
2024-08-09 18:33:51,958 - INFO - venda - Registros apagados com sucesso no dia 2024-08-07!
2024-08-09 18:33:51,969 - INFO - venda - Registros apagados com sucesso no dia 2024-08-02!
2024-08-09 18:33:51,976 - INFO - venda - Registros apagados com sucesso no dia 2024-08-05!
2024-08-09 18:33:52,012 - INFO - venda - Registros apagados com sucesso no dia 2024-08-06!
2024-08-09 18:33:52,013 - INFO - venda - Registros apagados com sucesso no dia 2024-08-04!
2024-08-09 18:33:52,018 - INFO - venda - Registros apagados com sucesso no dia 2024-08-03!
2024-08-09 18:33:52,028 - INFO - venda - Registros apagados com sucesso no dia 2024-07-30!
2024-08-09 18:33:52,034 - INFO - venda - Registros apagados com sucesso no dia 2024-08-01!
2024-08-09 18:33:52,039 - INFO - venda - Registros apagados com sucesso no dia 2024-08-08!
2024-08-09 18:33:52,041 - INFO - venda - Registros apagados com sucesso no dia 2024-07-31!
2024-08-09 18:33:55,243 - INFO - venda - Numero de linhas inseridas na tabela no dia 2024-08-04: 0
2024-08-09 18:33:55,309 - INFO - venda - Apagando registros no dia 2024-07-29...
2024-08-09 18:33:55,548 - INFO - venda - Registros apagados com sucesso no dia 2024-07-29!
2024-08-09 18:33:55,749 - INFO - venda - Numero de linhas inseridas na tabela no dia 2024-08-03: 346
2024-08-09 18:34:27,199 - INFO - venda - Apagando registros no dia 2024-08-07...
2024-08-09 18:34:27,200 - INFO - venda - Apagando registros no dia 2024-08-04...
2024-08-09 18:34:27,200 - INFO - venda - Apagando registros no dia 2024-08-06...
2024-08-09 18:34:27,200 - INFO - venda - Apagando registros no dia 2024-08-08...
2024-08-09 18:34:27,199 - INFO - venda - Apagando registros no dia 2024-07-30...
2024-08-09 18:34:27,239 - INFO - venda - Apagando registros no dia 2024-08-03...
2024-08-09 18:34:27,288 - INFO - venda - Apagando registros no dia 2024-08-05...
2024-08-09 18:34:27,306 - INFO - venda - Apagando registros no dia 2024-08-02...
2024-08-09 18:34:27,307 - INFO - venda - Apagando registros no dia 2024-07-31...
2024-08-09 18:34:27,328 - INFO - venda - Apagando registros no dia 2024-08-01...
2024-08-09 18:34:27,630 - INFO - venda - Registros apagados com sucesso no dia 2024-08-04!
2024-08-09 18:34:27,687 - INFO - venda - Registros apagados com sucesso no dia 2024-08-07!
2024-08-09 18:34:27,795 - INFO - venda - Registros apagados com sucesso no dia 2024-08-06!
2024-08-09 18:34:27,902 - INFO - venda - Registros apagados com sucesso no dia 2024-08-08!
2024-08-09 18:34:28,026 - INFO - venda - Registros apagados com sucesso no dia 2024-08-03!
2024-08-09 18:34:28,029 - INFO - venda - Registros apagados com sucesso no dia 2024-07-30!
2024-08-09 18:34:28,275 - INFO - venda - Registros apagados com sucesso no dia 2024-08-05!
2024-08-09 18:34:28,397 - INFO - venda - Registros apagados com sucesso no dia 2024-08-02!
2024-08-09 18:34:28,517 - INFO - venda - Registros apagados com sucesso no dia 2024-07-31!
2024-08-09 18:34:28,518 - INFO - venda - Registros apagados com sucesso no dia 2024-08-01!
2024-08-09 18:37:40,014 - INFO - venda - Apagando registros no dia 2024-08-06...
2024-08-09 18:37:40,017 - INFO - venda - Apagando registros no dia 2024-08-07...
2024-08-09 18:37:40,022 - INFO - venda - Apagando registros no dia 2024-08-05...
2024-08-09 18:37:40,065 - INFO - venda - Apagando registros no dia 2024-08-08...
2024-08-09 18:37:40,104 - INFO - venda - Registros apagados com sucesso no dia 2024-08-06!
2024-08-09 18:37:40,111 - INFO - venda - Registros apagados com sucesso no dia 2024-08-07!
2024-08-09 18:37:40,115 - INFO - venda - Registros apagados com sucesso no dia 2024-08-05!
2024-08-09 18:37:40,170 - INFO - venda - Registros apagados com sucesso no dia 2024-08-08!
2024-08-09 18:37:57,648 - INFO - venda - Apagando registros no dia 2024-08-06...
2024-08-09 18:37:57,699 - INFO - venda - Apagando registros no dia 2024-08-05...
2024-08-09 18:37:57,700 - INFO - venda - Apagando registros no dia 2024-08-08...
2024-08-09 18:37:57,727 - INFO - venda - Registros apagados com sucesso no dia 2024-08-06!
2024-08-09 18:37:57,775 - INFO - venda - Apagando registros no dia 2024-08-07...
2024-08-09 18:37:57,787 - INFO - venda - Registros apagados com sucesso no dia 2024-08-05!
2024-08-09 18:37:57,791 - INFO - venda - Registros apagados com sucesso no dia 2024-08-08!
2024-08-09 18:37:57,850 - INFO - venda - Registros apagados com sucesso no dia 2024-08-07!
2024-08-09 18:38:10,329 - INFO - venda - Apagando registros no dia 2024-08-06...
2024-08-09 18:38:10,402 - INFO - venda - Registros apagados com sucesso no dia 2024-08-06!
2024-08-09 18:38:10,494 - INFO - venda - Apagando registros no dia 2024-08-07...
2024-08-09 18:38:10,503 - INFO - venda - Apagando registros no dia 2024-08-05...
2024-08-09 18:38:10,512 - INFO - venda - Apagando registros no dia 2024-08-08...
2024-08-09 18:38:10,574 - INFO - venda - Registros apagados com sucesso no dia 2024-08-07!
2024-08-09 18:38:10,624 - INFO - venda - Registros apagados com sucesso no dia 2024-08-05!
2024-08-09 18:38:10,625 - INFO - venda - Registros apagados com sucesso no dia 2024-08-08!
2024-08-09 18:40:17,606 - INFO - Erro ao tentar conectar ao driver sqlserver no banco PBS_NAZARIA_DADOS
2024-08-09 18:40:17,613 - INFO - venda - Apagando registros no dia 2024-08-05...
2024-08-09 18:40:17,614 - INFO - venda - Apagando registros no dia 2024-08-07...
2024-08-09 18:40:17,616 - INFO - venda - Apagando registros no dia 2024-07-31...
2024-08-09 18:40:17,622 - INFO - venda - Apagando registros no dia 2024-08-03...
2024-08-09 18:40:17,626 - INFO - venda - Apagando registros no dia 2024-08-02...
2024-08-09 18:40:17,628 - INFO - venda - Apagando registros no dia 2024-08-08...
2024-08-09 18:40:17,635 - INFO - venda - Apagando registros no dia 2024-08-06...
2024-08-09 18:40:17,639 - INFO - venda - Apagando registros no dia 2024-07-30...
2024-08-09 18:40:17,667 - INFO - venda - Apagando registros no dia 2024-08-04...
2024-08-09 18:40:17,722 - INFO - venda - Registros apagados com sucesso no dia 2024-08-07!
2024-08-09 18:40:17,727 - INFO - venda - Registros apagados com sucesso no dia 2024-08-05!
2024-08-09 18:40:17,739 - INFO - venda - Registros apagados com sucesso no dia 2024-07-31!
2024-08-09 18:40:17,742 - INFO - venda - Registros apagados com sucesso no dia 2024-08-03!
2024-08-09 18:40:17,766 - INFO - venda - Registros apagados com sucesso no dia 2024-08-02!
2024-08-09 18:40:17,771 - INFO - venda - Registros apagados com sucesso no dia 2024-08-08!
2024-08-09 18:40:17,775 - INFO - venda - Registros apagados com sucesso no dia 2024-08-06!
2024-08-09 18:40:17,804 - INFO - venda - Registros apagados com sucesso no dia 2024-07-30!
2024-08-09 18:40:17,811 - INFO - venda - Registros apagados com sucesso no dia 2024-08-04!
2024-08-09 18:40:20,819 - INFO - venda - Numero de linhas inseridas na tabela no dia 2024-08-03: 346
2024-08-09 18:40:22,854 - INFO - venda - Numero de linhas inseridas na tabela no dia 2024-08-04: 0
2024-08-09 18:40:24,895 - INFO - venda - Apagando registros no dia 2024-08-05...
2024-08-09 18:40:24,901 - INFO - venda - Apagando registros no dia 2024-08-04...
2024-08-09 18:40:24,905 - INFO - venda - Apagando registros no dia 2024-08-06...
2024-08-09 18:40:24,929 - INFO - venda - Apagando registros no dia 2024-08-08...
2024-08-09 18:40:24,966 - INFO - venda - Apagando registros no dia 2024-08-03...
2024-08-09 18:40:24,983 - INFO - venda - Apagando registros no dia 2024-08-01...
2024-08-09 18:40:24,984 - INFO - venda - Apagando registros no dia 2024-07-30...
2024-08-09 18:40:24,985 - INFO - venda - Apagando registros no dia 2024-07-31...
2024-08-09 18:40:24,995 - INFO - venda - Registros apagados com sucesso no dia 2024-08-05!
2024-08-09 18:40:25,002 - INFO - venda - Registros apagados com sucesso no dia 2024-08-04!
2024-08-09 18:40:25,016 - INFO - venda - Registros apagados com sucesso no dia 2024-08-06!
2024-08-09 18:40:25,059 - INFO - venda - Registros apagados com sucesso no dia 2024-08-08!
2024-08-09 18:40:25,070 - INFO - venda - Registros apagados com sucesso no dia 2024-08-03!
2024-08-09 18:40:25,084 - INFO - venda - Registros apagados com sucesso no dia 2024-08-01!
2024-08-09 18:40:25,109 - INFO - venda - Registros apagados com sucesso no dia 2024-07-30!
2024-08-09 18:40:25,112 - INFO - venda - Registros apagados com sucesso no dia 2024-07-31!
2024-08-09 18:40:25,160 - INFO - venda - Apagando registros no dia 2024-08-02...
2024-08-09 18:40:25,162 - INFO - venda - Apagando registros no dia 2024-08-07...
2024-08-09 18:40:25,246 - INFO - venda - Registros apagados com sucesso no dia 2024-08-02!
2024-08-09 18:40:25,248 - INFO - venda - Registros apagados com sucesso no dia 2024-08-07!
2024-08-09 18:40:30,112 - INFO - venda - Numero de linhas inseridas na tabela no dia 2024-08-04: 0
2024-08-09 18:40:33,914 - INFO - venda - Numero de linhas inseridas na tabela no dia 2024-08-03: 346
2024-08-09 18:40:45,500 - INFO - venda - Apagando registros no dia 2024-08-08...
2024-08-09 18:40:45,572 - INFO - venda - Registros apagados com sucesso no dia 2024-08-08!
2024-08-09 18:40:57,808 - INFO - venda - Apagando registros no dia 2024-08-08...
2024-08-09 18:40:57,808 - INFO - venda - Apagando registros no dia 2024-08-04...
2024-08-09 18:40:57,830 - INFO - venda - Apagando registros no dia 2024-08-01...
2024-08-09 18:40:57,899 - INFO - venda - Registros apagados com sucesso no dia 2024-08-08!
2024-08-09 18:40:57,903 - INFO - venda - Registros apagados com sucesso no dia 2024-08-04!
2024-08-09 18:40:57,904 - INFO - venda - Apagando registros no dia 2024-08-02...
2024-08-09 18:40:57,915 - INFO - venda - Registros apagados com sucesso no dia 2024-08-01!
2024-08-09 18:40:57,931 - INFO - venda - Apagando registros no dia 2024-08-05...
2024-08-09 18:40:57,932 - INFO - venda - Apagando registros no dia 2024-08-06...
2024-08-09 18:40:57,983 - INFO - venda - Registros apagados com sucesso no dia 2024-08-02!
2024-08-09 18:40:58,010 - INFO - venda - Registros apagados com sucesso no dia 2024-08-05!
2024-08-09 18:40:58,012 - INFO - venda - Apagando registros no dia 2024-07-30...
2024-08-09 18:40:58,045 - INFO - venda - Registros apagados com sucesso no dia 2024-08-06!
2024-08-09 18:40:58,062 - INFO - venda - Apagando registros no dia 2024-07-31...
2024-08-09 18:40:58,081 - INFO - venda - Apagando registros no dia 2024-08-07...
2024-08-09 18:40:58,082 - INFO - venda - Apagando registros no dia 2024-08-03...
2024-08-09 18:40:58,094 - INFO - venda - Registros apagados com sucesso no dia 2024-07-30!
2024-08-09 18:40:58,143 - INFO - venda - Registros apagados com sucesso no dia 2024-07-31!
2024-08-09 18:40:58,167 - INFO - venda - Registros apagados com sucesso no dia 2024-08-07!
2024-08-09 18:40:58,177 - INFO - venda - Registros apagados com sucesso no dia 2024-08-03!
2024-08-09 18:41:02,158 - INFO - venda - Numero de linhas inseridas na tabela no dia 2024-08-04: 0
2024-08-09 18:41:07,802 - INFO - venda - Numero de linhas inseridas na tabela no dia 2024-08-03: 346
2024-08-09 18:43:26,756 - INFO - venda - Numero de linhas inseridas na tabela no dia 2024-08-01: 102377
2024-08-09 18:44:03,160 - INFO - venda - Numero de linhas inseridas na tabela no dia 2024-08-02: 119470
2024-08-09 18:45:15,984 - INFO - venda - Numero de linhas inseridas na tabela no dia 2024-08-08: 143527
2024-08-09 18:45:36,515 - INFO - venda - Numero de linhas inseridas na tabela no dia 2024-08-07: 136162
2024-08-09 18:45:38,712 - INFO - venda - Numero de linhas inseridas na tabela no dia 2024-08-05: 176278
2024-08-09 18:46:01,759 - INFO - venda - Numero de linhas inseridas na tabela no dia 2024-08-06: 150380
2024-08-09 18:46:04,352 - INFO - venda - Numero de linhas inseridas na tabela no dia 2024-07-30: 159740
2024-08-09 18:46:24,472 - INFO - venda - Numero de linhas inseridas na tabela no dia 2024-07-31: 173825
2024-08-09 18:48:41,048 - INFO - venda - Apagando registros no dia 2024-08-08...
2024-08-09 18:48:41,051 - INFO - venda - Apagando registros no dia 2024-08-07...
2024-08-09 18:48:41,069 - INFO - venda - Apagando registros no dia 2024-08-04...
2024-08-09 18:48:41,083 - INFO - venda - Apagando registros no dia 2024-08-01...
2024-08-09 18:48:41,087 - INFO - venda - Apagando registros no dia 2024-08-06...
2024-08-09 18:48:41,093 - INFO - venda - Apagando registros no dia 2024-07-31...
2024-08-09 18:48:41,098 - INFO - venda - Apagando registros no dia 2024-07-30...
2024-08-09 18:48:41,103 - INFO - venda - Apagando registros no dia 2024-08-03...
2024-08-09 18:48:41,325 - INFO - venda - Apagando registros no dia 2024-08-05...
2024-08-09 18:48:41,342 - INFO - venda - Apagando registros no dia 2024-08-02...
2024-08-09 18:48:41,542 - INFO - venda - Registros apagados com sucesso no dia 2024-08-04!
2024-08-09 18:48:41,700 - INFO - venda - Registros apagados com sucesso no dia 2024-08-03!
2024-08-09 18:48:43,258 - INFO - venda - Registros apagados com sucesso no dia 2024-08-01!
2024-08-09 18:48:43,451 - INFO - venda - Registros apagados com sucesso no dia 2024-08-08!
2024-08-09 18:48:43,455 - INFO - venda - Registros apagados com sucesso no dia 2024-08-02!
2024-08-09 18:48:43,530 - INFO - venda - Registros apagados com sucesso no dia 2024-08-07!
2024-08-09 18:48:43,664 - INFO - venda - Registros apagados com sucesso no dia 2024-08-06!
2024-08-09 18:48:43,690 - INFO - venda - Registros apagados com sucesso no dia 2024-07-30!
2024-08-09 18:48:43,708 - INFO - venda - Registros apagados com sucesso no dia 2024-07-31!
2024-08-09 18:48:43,722 - INFO - venda - Registros apagados com sucesso no dia 2024-08-05!
2024-08-09 18:48:45,486 - INFO - venda - Numero de linhas inseridas na tabela no dia 2024-08-04: 0
2024-08-09 18:48:49,185 - INFO - venda - Numero de linhas inseridas na tabela no dia 2024-08-03: 346
2024-08-09 18:51:56,029 - INFO - venda - Numero de linhas inseridas na tabela no dia 2024-08-02: 119470
2024-08-09 18:52:10,639 - INFO - venda - Numero de linhas inseridas na tabela no dia 2024-08-01: 102377
2024-08-09 18:53:11,162 - INFO - venda - Numero de linhas inseridas na tabela no dia 2024-08-07: 136162
2024-08-09 18:53:13,095 - INFO - venda - Numero de linhas inseridas na tabela no dia 2024-08-08: 143527
2024-08-09 18:53:20,495 - INFO - venda - Numero de linhas inseridas na tabela no dia 2024-08-06: 150380
2024-08-09 18:53:37,178 - INFO - venda - Numero de linhas inseridas na tabela no dia 2024-07-30: 159740
2024-08-09 18:53:38,397 - INFO - venda - Numero de linhas inseridas na tabela no dia 2024-08-05: 176278
2024-08-09 18:53:51,595 - INFO - venda - Numero de linhas inseridas na tabela no dia 2024-07-31: 173825
2024-08-09 18:58:32,091 - INFO - venda - Apagando registros no dia 2024-08-07...
2024-08-09 18:58:32,091 - INFO - venda - Apagando registros no dia 2024-08-05...
2024-08-09 18:58:32,134 - INFO - venda - Apagando registros no dia 2024-07-30...
2024-08-09 18:58:32,137 - INFO - venda - Apagando registros no dia 2024-08-08...
2024-08-09 18:58:32,141 - INFO - venda - Apagando registros no dia 2024-08-02...
2024-08-09 18:58:32,141 - INFO - venda - Apagando registros no dia 2024-07-31...
2024-08-09 18:58:32,193 - INFO - venda - Apagando registros no dia 2024-08-04...
2024-08-09 18:58:32,193 - INFO - venda - Apagando registros no dia 2024-08-06...
2024-08-09 18:58:32,209 - INFO - venda - Apagando registros no dia 2024-08-01...
2024-08-09 18:58:32,223 - INFO - venda - Apagando registros no dia 2024-08-03...
2024-08-09 18:58:32,641 - INFO - venda - Registros apagados com sucesso no dia 2024-08-04!
2024-08-09 18:58:32,659 - INFO - venda - Registros apagados com sucesso no dia 2024-08-03!
2024-08-09 18:58:34,016 - INFO - venda - Numero de linhas inseridas na tabela no dia 2024-08-04: 0
2024-08-09 18:58:35,079 - INFO - venda - Registros apagados com sucesso no dia 2024-08-02!
2024-08-09 18:58:35,112 - INFO - venda - Registros apagados com sucesso no dia 2024-08-01!
2024-08-09 18:58:35,176 - INFO - venda - Registros apagados com sucesso no dia 2024-08-07!
2024-08-09 18:58:35,413 - INFO - venda - Registros apagados com sucesso no dia 2024-08-08!
2024-08-09 18:58:35,439 - INFO - venda - Registros apagados com sucesso no dia 2024-08-05!
2024-08-09 18:58:35,441 - INFO - venda - Registros apagados com sucesso no dia 2024-07-30!
2024-08-09 18:58:35,478 - INFO - venda - Registros apagados com sucesso no dia 2024-08-06!
2024-08-09 18:58:35,485 - INFO - venda - Registros apagados com sucesso no dia 2024-07-31!
2024-08-09 18:58:39,316 - INFO - venda - Apagando registros no dia 2024-08-05...
2024-08-09 18:58:39,332 - INFO - venda - Apagando registros no dia 2024-08-06...
2024-08-09 18:58:39,332 - INFO - venda - Apagando registros no dia 2024-08-07...
2024-08-09 18:58:39,336 - INFO - venda - Apagando registros no dia 2024-08-08...
2024-08-09 18:58:39,983 - INFO - venda - Registros apagados com sucesso no dia 2024-08-05!
2024-08-09 18:58:40,019 - INFO - venda - Registros apagados com sucesso no dia 2024-08-07!
2024-08-09 18:58:40,020 - INFO - venda - Registros apagados com sucesso no dia 2024-08-06!
2024-08-09 18:58:40,021 - INFO - venda - Registros apagados com sucesso no dia 2024-08-08!
2024-08-09 18:58:53,777 - INFO - venda - Apagando registros no dia 2024-08-06...
2024-08-09 18:58:53,780 - INFO - venda - Apagando registros no dia 2024-08-05...
2024-08-09 18:58:53,782 - INFO - venda - Apagando registros no dia 2024-08-07...
2024-08-09 18:58:53,787 - INFO - venda - Apagando registros no dia 2024-08-08...
2024-08-09 18:58:54,148 - INFO - venda - Registros apagados com sucesso no dia 2024-08-06!
2024-08-09 18:58:54,154 - INFO - venda - Registros apagados com sucesso no dia 2024-08-05!
2024-08-09 18:58:54,156 - INFO - venda - Registros apagados com sucesso no dia 2024-08-08!
2024-08-09 18:58:54,158 - INFO - venda - Registros apagados com sucesso no dia 2024-08-07!
2024-08-09 18:59:23,729 - INFO - venda - Apagando registros no dia 2024-08-08...
2024-08-09 18:59:23,729 - INFO - venda - Apagando registros no dia 2024-08-07...
2024-08-09 18:59:23,731 - INFO - venda - Apagando registros no dia 2024-08-06...
2024-08-09 18:59:23,790 - INFO - venda - Apagando registros no dia 2024-08-05...
2024-08-09 18:59:23,825 - INFO - venda - Registros apagados com sucesso no dia 2024-08-08!
2024-08-09 18:59:23,831 - INFO - venda - Registros apagados com sucesso no dia 2024-08-07!
2024-08-09 18:59:23,832 - INFO - venda - Registros apagados com sucesso no dia 2024-08-06!
2024-08-09 18:59:23,876 - INFO - venda - Registros apagados com sucesso no dia 2024-08-05!
2024-08-09 19:24:16,296 - INFO - notas_canceladas - Apagando registros no dia 2024-08-08...
2024-08-09 19:24:16,376 - INFO - notas_canceladas - Registros apagados com sucesso no dia 2024-08-08!
2024-08-09 19:24:16,553 - INFO - notas_canceladas - Erro ao tentar inserir registro na tabela! column "empresa" is of type integer but expression is of type date
LINE 1: INSERT INTO notas_canceladas VALUES (1589032,10,'2024-08-08'...
                                                        ^
HINT:  You will need to rewrite or cast the expression.

2024-08-09 19:24:16,581 - INFO - notas_canceladas - Numero de linhas inseridas na tabela no dia 2024-08-08: 6
2024-08-09 19:26:26,063 - INFO - notas_canceladas - Apagando registros no dia 2024-08-08...
2024-08-09 19:26:26,137 - INFO - notas_canceladas - Registros apagados com sucesso no dia 2024-08-08!
2024-08-09 19:26:26,228 - INFO - notas_canceladas - Numero de linhas inseridas na tabela no dia 2024-08-08: 6
2024-08-09 19:26:41,182 - INFO - notas_canceladas - Apagando registros no dia 2024-08-08...
2024-08-09 19:26:41,261 - INFO - notas_canceladas - Registros apagados com sucesso no dia 2024-08-08!
2024-08-09 19:26:41,398 - INFO - notas_canceladas - Numero de linhas inseridas na tabela no dia 2024-08-08: 6
2024-08-09 19:26:42,279 - INFO - notas_canceladas - Apagando registros no dia 2024-08-08...
2024-08-09 19:26:42,351 - INFO - notas_canceladas - Registros apagados com sucesso no dia 2024-08-08!
2024-08-09 19:26:42,454 - INFO - notas_canceladas - Numero de linhas inseridas na tabela no dia 2024-08-08: 6
2024-08-09 19:26:43,209 - INFO - notas_canceladas - Apagando registros no dia 2024-08-08...
2024-08-09 19:26:43,281 - INFO - notas_canceladas - Registros apagados com sucesso no dia 2024-08-08!
2024-08-09 19:26:43,371 - INFO - notas_canceladas - Numero de linhas inseridas na tabela no dia 2024-08-08: 6
2024-08-09 19:26:59,913 - INFO - notas_canceladas - Apagando registros no dia 2024-08-06...
2024-08-09 19:26:59,915 - INFO - notas_canceladas - Apagando registros no dia 2024-08-07...
2024-08-09 19:26:59,916 - INFO - notas_canceladas - Apagando registros no dia 2024-08-08...
2024-08-09 19:26:59,922 - INFO - notas_canceladas - Apagando registros no dia 2024-08-03...
2024-08-09 19:26:59,932 - INFO - notas_canceladas - Apagando registros no dia 2024-08-02...
2024-08-09 19:26:59,935 - INFO - notas_canceladas - Apagando registros no dia 2024-08-01...
2024-08-09 19:26:59,955 - INFO - notas_canceladas - Apagando registros no dia 2024-07-30...
2024-08-09 19:26:59,972 - INFO - notas_canceladas - Apagando registros no dia 2024-08-05...
2024-08-09 19:26:59,975 - INFO - notas_canceladas - Apagando registros no dia 2024-08-04...
2024-08-09 19:27:00,004 - INFO - notas_canceladas - Apagando registros no dia 2024-07-31...
2024-08-09 19:27:00,017 - INFO - notas_canceladas - Registros apagados com sucesso no dia 2024-08-06!
2024-08-09 19:27:00,023 - INFO - notas_canceladas - Registros apagados com sucesso no dia 2024-08-07!
2024-08-09 19:27:00,026 - INFO - notas_canceladas - Registros apagados com sucesso no dia 2024-08-08!
2024-08-09 19:27:00,052 - INFO - notas_canceladas - Registros apagados com sucesso no dia 2024-08-03!
2024-08-09 19:27:00,066 - INFO - notas_canceladas - Numero de linhas inseridas na tabela no dia 2024-08-03: 0
2024-08-09 19:27:00,072 - INFO - notas_canceladas - Registros apagados com sucesso no dia 2024-08-02!
2024-08-09 19:27:00,099 - INFO - notas_canceladas - Registros apagados com sucesso no dia 2024-08-01!
2024-08-09 19:27:00,104 - INFO - notas_canceladas - Registros apagados com sucesso no dia 2024-07-30!
2024-08-09 19:27:00,118 - INFO - notas_canceladas - Registros apagados com sucesso no dia 2024-08-04!
2024-08-09 19:27:00,148 - INFO - notas_canceladas - Registros apagados com sucesso no dia 2024-08-05!
2024-08-09 19:27:00,161 - INFO - notas_canceladas - Numero de linhas inseridas na tabela no dia 2024-08-04: 0
2024-08-09 19:27:00,166 - INFO - notas_canceladas - Registros apagados com sucesso no dia 2024-07-31!
2024-08-09 19:27:00,182 - INFO - notas_canceladas - Numero de linhas inseridas na tabela no dia 2024-08-06: 3
2024-08-09 19:27:00,184 - INFO - notas_canceladas - Numero de linhas inseridas na tabela no dia 2024-08-07: 4
2024-08-09 19:27:00,196 - INFO - notas_canceladas - Numero de linhas inseridas na tabela no dia 2024-08-08: 6
2024-08-09 19:27:00,216 - INFO - notas_canceladas - Numero de linhas inseridas na tabela no dia 2024-08-02: 12
2024-08-09 19:27:00,219 - INFO - notas_canceladas - Numero de linhas inseridas na tabela no dia 2024-08-01: 8
2024-08-09 19:27:00,224 - INFO - notas_canceladas - Numero de linhas inseridas na tabela no dia 2024-07-30: 1
2024-08-09 19:27:00,280 - INFO - notas_canceladas - Numero de linhas inseridas na tabela no dia 2024-08-05: 4
2024-08-09 19:27:00,315 - INFO - notas_canceladas - Numero de linhas inseridas na tabela no dia 2024-07-31: 9
2024-08-09 19:27:06,436 - INFO - notas_canceladas - Apagando registros no dia 2024-08-02...
2024-08-09 19:27:06,437 - INFO - notas_canceladas - Apagando registros no dia 2024-08-04...
2024-08-09 19:27:06,437 - INFO - notas_canceladas - Apagando registros no dia 2024-08-06...
2024-08-09 19:27:06,441 - INFO - notas_canceladas - Apagando registros no dia 2024-08-01...
2024-08-09 19:27:06,442 - INFO - notas_canceladas - Apagando registros no dia 2024-07-30...
2024-08-09 19:27:06,445 - INFO - notas_canceladas - Apagando registros no dia 2024-07-31...
2024-08-09 19:27:06,451 - INFO - notas_canceladas - Apagando registros no dia 2024-08-08...
2024-08-09 19:27:06,453 - INFO - notas_canceladas - Apagando registros no dia 2024-08-07...
2024-08-09 19:27:06,466 - INFO - notas_canceladas - Apagando registros no dia 2024-08-05...
2024-08-09 19:27:06,493 - INFO - notas_canceladas - Apagando registros no dia 2024-08-03...
2024-08-09 19:27:06,529 - INFO - notas_canceladas - Registros apagados com sucesso no dia 2024-08-02!
2024-08-09 19:27:06,532 - INFO - notas_canceladas - Registros apagados com sucesso no dia 2024-08-04!
2024-08-09 19:27:06,545 - INFO - notas_canceladas - Numero de linhas inseridas na tabela no dia 2024-08-04: 0
2024-08-09 19:27:06,568 - INFO - notas_canceladas - Registros apagados com sucesso no dia 2024-08-06!
2024-08-09 19:27:06,609 - INFO - notas_canceladas - Registros apagados com sucesso no dia 2024-08-01!
2024-08-09 19:27:06,616 - INFO - notas_canceladas - Registros apagados com sucesso no dia 2024-07-30!
2024-08-09 19:27:06,637 - INFO - notas_canceladas - Registros apagados com sucesso no dia 2024-07-31!
2024-08-09 19:27:06,696 - INFO - notas_canceladas - Registros apagados com sucesso no dia 2024-08-07!
2024-08-09 19:27:06,697 - INFO - notas_canceladas - Registros apagados com sucesso no dia 2024-08-08!
2024-08-09 19:27:06,709 - INFO - notas_canceladas - Registros apagados com sucesso no dia 2024-08-05!
2024-08-09 19:27:06,713 - INFO - notas_canceladas - Registros apagados com sucesso no dia 2024-08-03!
2024-08-09 19:27:06,744 - INFO - notas_canceladas - Numero de linhas inseridas na tabela no dia 2024-08-03: 0
2024-08-09 19:27:06,750 - INFO - notas_canceladas - Numero de linhas inseridas na tabela no dia 2024-08-06: 3
2024-08-09 19:27:06,765 - INFO - notas_canceladas - Numero de linhas inseridas na tabela no dia 2024-08-02: 12
2024-08-09 19:27:06,785 - INFO - notas_canceladas - Numero de linhas inseridas na tabela no dia 2024-07-30: 1
2024-08-09 19:27:06,796 - INFO - notas_canceladas - Numero de linhas inseridas na tabela no dia 2024-08-01: 8
2024-08-09 19:27:06,817 - INFO - notas_canceladas - Numero de linhas inseridas na tabela no dia 2024-08-08: 6
2024-08-09 19:27:06,817 - INFO - notas_canceladas - Numero de linhas inseridas na tabela no dia 2024-07-31: 9
2024-08-09 19:27:06,838 - INFO - notas_canceladas - Numero de linhas inseridas na tabela no dia 2024-08-07: 4
2024-08-09 19:27:06,862 - INFO - notas_canceladas - Numero de linhas inseridas na tabela no dia 2024-08-05: 4
2024-08-09 19:27:07,944 - INFO - notas_canceladas - Apagando registros no dia 2024-08-08...
2024-08-09 19:27:07,949 - INFO - notas_canceladas - Apagando registros no dia 2024-08-04...
2024-08-09 19:27:07,956 - INFO - notas_canceladas - Apagando registros no dia 2024-08-06...
2024-08-09 19:27:07,973 - INFO - notas_canceladas - Apagando registros no dia 2024-08-05...
2024-08-09 19:27:07,990 - INFO - notas_canceladas - Apagando registros no dia 2024-07-30...
2024-08-09 19:27:07,992 - INFO - notas_canceladas - Apagando registros no dia 2024-08-02...
2024-08-09 19:27:08,000 - INFO - notas_canceladas - Apagando registros no dia 2024-08-07...
2024-08-09 19:27:08,006 - INFO - notas_canceladas - Apagando registros no dia 2024-08-03...
2024-08-09 19:27:08,025 - INFO - notas_canceladas - Apagando registros no dia 2024-08-01...
2024-08-09 19:27:08,035 - INFO - notas_canceladas - Apagando registros no dia 2024-07-31...
2024-08-09 19:27:08,047 - INFO - notas_canceladas - Registros apagados com sucesso no dia 2024-08-08!
2024-08-09 19:27:08,049 - INFO - notas_canceladas - Registros apagados com sucesso no dia 2024-08-04!
2024-08-09 19:27:08,056 - INFO - notas_canceladas - Registros apagados com sucesso no dia 2024-08-06!
2024-08-09 19:27:08,062 - INFO - notas_canceladas - Numero de linhas inseridas na tabela no dia 2024-08-04: 0
2024-08-09 19:27:08,117 - INFO - notas_canceladas - Registros apagados com sucesso no dia 2024-08-05!
2024-08-09 19:27:08,123 - INFO - notas_canceladas - Registros apagados com sucesso no dia 2024-07-30!
2024-08-09 19:27:08,136 - INFO - notas_canceladas - Registros apagados com sucesso no dia 2024-08-02!
2024-08-09 19:27:08,152 - INFO - notas_canceladas - Registros apagados com sucesso no dia 2024-08-07!
2024-08-09 19:27:08,175 - INFO - notas_canceladas - Registros apagados com sucesso no dia 2024-08-03!
2024-08-09 19:27:08,190 - INFO - notas_canceladas - Registros apagados com sucesso no dia 2024-08-01!
2024-08-09 19:27:08,201 - INFO - notas_canceladas - Numero de linhas inseridas na tabela no dia 2024-08-03: 0
2024-08-09 19:27:08,217 - INFO - notas_canceladas - Registros apagados com sucesso no dia 2024-07-31!
2024-08-09 19:27:08,236 - INFO - notas_canceladas - Numero de linhas inseridas na tabela no dia 2024-08-08: 6
2024-08-09 19:27:08,257 - INFO - notas_canceladas - Numero de linhas inseridas na tabela no dia 2024-07-30: 1
2024-08-09 19:27:08,259 - INFO - notas_canceladas - Numero de linhas inseridas na tabela no dia 2024-08-05: 4
2024-08-09 19:27:08,262 - INFO - notas_canceladas - Numero de linhas inseridas na tabela no dia 2024-08-06: 3
2024-08-09 19:27:08,289 - INFO - notas_canceladas - Numero de linhas inseridas na tabela no dia 2024-08-02: 12
2024-08-09 19:27:08,293 - INFO - notas_canceladas - Numero de linhas inseridas na tabela no dia 2024-08-07: 4
2024-08-09 19:27:08,318 - INFO - notas_canceladas - Numero de linhas inseridas na tabela no dia 2024-08-01: 8
2024-08-09 19:27:08,339 - INFO - notas_canceladas - Numero de linhas inseridas na tabela no dia 2024-07-31: 9
2024-08-09 19:27:09,949 - INFO - notas_canceladas - Apagando registros no dia 2024-08-04...
2024-08-09 19:27:09,950 - INFO - notas_canceladas - Apagando registros no dia 2024-08-06...
2024-08-09 19:27:09,951 - INFO - notas_canceladas - Apagando registros no dia 2024-08-03...
2024-08-09 19:27:09,955 - INFO - notas_canceladas - Apagando registros no dia 2024-08-02...
2024-08-09 19:27:09,955 - INFO - notas_canceladas - Apagando registros no dia 2024-08-08...
2024-08-09 19:27:09,960 - INFO - notas_canceladas - Apagando registros no dia 2024-07-31...
2024-08-09 19:27:09,960 - INFO - notas_canceladas - Apagando registros no dia 2024-08-01...
2024-08-09 19:27:09,963 - INFO - notas_canceladas - Apagando registros no dia 2024-08-07...
2024-08-09 19:27:09,975 - INFO - notas_canceladas - Apagando registros no dia 2024-08-05...
2024-08-09 19:27:10,012 - INFO - notas_canceladas - Apagando registros no dia 2024-07-30...
2024-08-09 19:27:10,038 - INFO - notas_canceladas - Registros apagados com sucesso no dia 2024-08-06!
2024-08-09 19:27:10,041 - INFO - notas_canceladas - Registros apagados com sucesso no dia 2024-08-04!
2024-08-09 19:27:10,056 - INFO - notas_canceladas - Numero de linhas inseridas na tabela no dia 2024-08-04: 0
2024-08-09 19:27:10,123 - INFO - notas_canceladas - Registros apagados com sucesso no dia 2024-08-03!
2024-08-09 19:27:10,139 - INFO - notas_canceladas - Registros apagados com sucesso no dia 2024-08-02!
2024-08-09 19:27:10,140 - INFO - notas_canceladas - Registros apagados com sucesso no dia 2024-08-08!
2024-08-09 19:27:10,142 - INFO - notas_canceladas - Registros apagados com sucesso no dia 2024-07-31!
2024-08-09 19:27:10,144 - INFO - notas_canceladas - Numero de linhas inseridas na tabela no dia 2024-08-03: 0
2024-08-09 19:27:10,167 - INFO - notas_canceladas - Registros apagados com sucesso no dia 2024-08-01!
2024-08-09 19:27:10,172 - INFO - notas_canceladas - Registros apagados com sucesso no dia 2024-08-05!
2024-08-09 19:27:10,173 - INFO - notas_canceladas - Registros apagados com sucesso no dia 2024-08-07!
2024-08-09 19:27:10,194 - INFO - notas_canceladas - Registros apagados com sucesso no dia 2024-07-30!
2024-08-09 19:27:10,221 - INFO - notas_canceladas - Numero de linhas inseridas na tabela no dia 2024-08-06: 3
2024-08-09 19:27:10,268 - INFO - notas_canceladas - Numero de linhas inseridas na tabela no dia 2024-08-02: 12
2024-08-09 19:27:10,271 - INFO - notas_canceladas - Numero de linhas inseridas na tabela no dia 2024-08-08: 6
2024-08-09 19:27:10,276 - INFO - notas_canceladas - Numero de linhas inseridas na tabela no dia 2024-07-31: 9
2024-08-09 19:27:10,301 - INFO - notas_canceladas - Numero de linhas inseridas na tabela no dia 2024-08-01: 8
2024-08-09 19:27:10,313 - INFO - notas_canceladas - Numero de linhas inseridas na tabela no dia 2024-08-05: 4
2024-08-09 19:27:10,320 - INFO - notas_canceladas - Numero de linhas inseridas na tabela no dia 2024-08-07: 4
2024-08-09 19:27:10,327 - INFO - notas_canceladas - Numero de linhas inseridas na tabela no dia 2024-07-30: 1
2024-08-09 19:28:56,612 - INFO - notas_canceladas - Apagando registros no dia 2024-08-07...
2024-08-09 19:28:56,615 - INFO - notas_canceladas - Apagando registros no dia 2024-08-02...
2024-08-09 19:28:56,626 - INFO - notas_canceladas - Apagando registros no dia 2024-08-04...
2024-08-09 19:28:56,627 - INFO - notas_canceladas - Apagando registros no dia 2024-08-03...
2024-08-09 19:28:56,628 - INFO - notas_canceladas - Apagando registros no dia 2024-08-08...
2024-08-09 19:28:56,635 - INFO - notas_canceladas - Apagando registros no dia 2024-07-31...
2024-08-09 19:28:56,637 - INFO - notas_canceladas - Apagando registros no dia 2024-08-05...
2024-08-09 19:28:56,645 - INFO - notas_canceladas - Apagando registros no dia 2024-08-01...
2024-08-09 19:28:56,647 - INFO - notas_canceladas - Apagando registros no dia 2024-08-06...
2024-08-09 19:28:56,669 - INFO - notas_canceladas - Apagando registros no dia 2024-07-30...
2024-08-09 19:28:56,722 - INFO - notas_canceladas - Registros apagados com sucesso no dia 2024-08-07!
2024-08-09 19:28:56,728 - INFO - notas_canceladas - Registros apagados com sucesso no dia 2024-08-02!
2024-08-09 19:28:56,751 - INFO - notas_canceladas - Registros apagados com sucesso no dia 2024-08-04!
2024-08-09 19:28:56,759 - INFO - notas_canceladas - Registros apagados com sucesso no dia 2024-08-03!
2024-08-09 19:28:56,759 - INFO - notas_canceladas - Registros apagados com sucesso no dia 2024-08-08!
2024-08-09 19:28:56,766 - INFO - notas_canceladas - Registros apagados com sucesso no dia 2024-07-31!
2024-08-09 19:28:56,770 - INFO - notas_canceladas - Numero de linhas inseridas na tabela no dia 2024-08-03: 0
2024-08-09 19:28:56,788 - INFO - notas_canceladas - Registros apagados com sucesso no dia 2024-08-05!
2024-08-09 19:28:56,791 - INFO - notas_canceladas - Registros apagados com sucesso no dia 2024-08-01!
2024-08-09 19:28:56,793 - INFO - notas_canceladas - Numero de linhas inseridas na tabela no dia 2024-08-04: 0
2024-08-09 19:28:56,800 - INFO - notas_canceladas - Registros apagados com sucesso no dia 2024-07-30!
2024-08-09 19:28:56,801 - INFO - notas_canceladas - Registros apagados com sucesso no dia 2024-08-06!
2024-08-09 19:28:56,839 - INFO - notas_canceladas - Erro ao tentar inserir registro na tabela! column "empresa" is of type integer but expression is of type date
LINE 1: INSERT INTO notas_canceladas VALUES (6276540,3,'2024-08-02':...
                                                       ^
HINT:  You will need to rewrite or cast the expression.

2024-08-09 19:28:56,842 - INFO - notas_canceladas - Numero de linhas inseridas na tabela no dia 2024-08-02: 12
2024-08-09 19:28:56,859 - INFO - notas_canceladas - Erro ao tentar inserir registro na tabela! column "empresa" is of type integer but expression is of type date
LINE 1: INSERT INTO notas_canceladas VALUES (6282800,3,'2024-08-07':...
                                                       ^
HINT:  You will need to rewrite or cast the expression.

2024-08-09 19:28:56,866 - INFO - notas_canceladas - Erro ao tentar inserir registro na tabela! column "empresa" is of type integer but expression is of type date
LINE 1: INSERT INTO notas_canceladas VALUES (1589032,10,'2024-08-08'...
                                                        ^
HINT:  You will need to rewrite or cast the expression.

2024-08-09 19:28:56,869 - INFO - notas_canceladas - Numero de linhas inseridas na tabela no dia 2024-08-07: 4
2024-08-09 19:28:56,869 - INFO - notas_canceladas - Numero de linhas inseridas na tabela no dia 2024-08-08: 6
2024-08-09 19:28:56,877 - INFO - notas_canceladas - Erro ao tentar inserir registro na tabela! column "empresa" is of type integer but expression is of type date
LINE 1: INSERT INTO notas_canceladas VALUES (2557062,11,'2024-07-31'...
                                                        ^
HINT:  You will need to rewrite or cast the expression.

2024-08-09 19:28:56,885 - INFO - notas_canceladas - Numero de linhas inseridas na tabela no dia 2024-07-31: 9
2024-08-09 19:28:56,905 - INFO - notas_canceladas - Erro ao tentar inserir registro na tabela! column "empresa" is of type integer but expression is of type date
LINE 1: INSERT INTO notas_canceladas VALUES (4128454,9,'2024-08-05':...
                                                       ^
HINT:  You will need to rewrite or cast the expression.

2024-08-09 19:28:56,915 - INFO - notas_canceladas - Numero de linhas inseridas na tabela no dia 2024-08-05: 4
2024-08-09 19:28:56,922 - INFO - notas_canceladas - Erro ao tentar inserir registro na tabela! column "empresa" is of type integer but expression is of type date
LINE 1: INSERT INTO notas_canceladas VALUES (779839,17,'2024-08-01':...
                                                       ^
HINT:  You will need to rewrite or cast the expression.

2024-08-09 19:28:56,928 - INFO - notas_canceladas - Erro ao tentar inserir registro na tabela! column "empresa" is of type integer but expression is of type date
LINE 1: INSERT INTO notas_canceladas VALUES (6270862,3,'2024-07-30':...
                                                       ^
HINT:  You will need to rewrite or cast the expression.

2024-08-09 19:28:56,932 - INFO - notas_canceladas - Erro ao tentar inserir registro na tabela! column "empresa" is of type integer but expression is of type date
LINE 1: INSERT INTO notas_canceladas VALUES (6482744,6,'2024-08-06':...
                                                       ^
HINT:  You will need to rewrite or cast the expression.

2024-08-09 19:28:56,934 - INFO - notas_canceladas - Numero de linhas inseridas na tabela no dia 2024-08-01: 8
2024-08-09 19:28:56,935 - INFO - notas_canceladas - Numero de linhas inseridas na tabela no dia 2024-07-30: 1
2024-08-09 19:28:56,937 - INFO - notas_canceladas - Numero de linhas inseridas na tabela no dia 2024-08-06: 3
