2024-08-15 12:55:22,596 - INFO - venda - Apagando registros no dia 2024-08-11...
2024-08-15 12:55:22,598 - INFO - venda - Apagando registros no dia 2024-08-14...
2024-08-15 12:55:22,600 - INFO - venda - Apagando registros no dia 2024-08-05...
2024-08-15 12:55:22,601 - INFO - venda - Apagando registros no dia 2024-08-09...
2024-08-15 12:55:22,605 - INFO - venda - Apagando registros no dia 2024-08-08...
2024-08-15 12:55:22,610 - INFO - venda - Apagando registros no dia 2024-08-06...
2024-08-15 12:55:22,620 - INFO - venda - Apagando registros no dia 2024-08-12...
2024-08-15 12:55:22,626 - INFO - venda - Apagando registros no dia 2024-08-13...
2024-08-15 12:55:22,628 - INFO - venda - Apagando registros no dia 2024-08-07...
2024-08-15 12:55:22,628 - INFO - venda - Apagando registros no dia 2024-08-10...
2024-08-15 12:55:22,749 - INFO - venda - Registros apagados com sucesso no dia 2024-08-11!
2024-08-15 12:55:22,749 - INFO - venda - Registros apagados com sucesso no dia 2024-08-05!
2024-08-15 12:55:22,750 - INFO - venda - Registros apagados com sucesso no dia 2024-08-09!
2024-08-15 12:55:22,752 - INFO - venda - Registros apagados com sucesso no dia 2024-08-14!
2024-08-15 12:55:22,756 - INFO - venda - Registros apagados com sucesso no dia 2024-08-08!
2024-08-15 12:55:22,764 - INFO - venda - Registros apagados com sucesso no dia 2024-08-06!
2024-08-15 12:55:22,772 - INFO - venda - Registros apagados com sucesso no dia 2024-08-12!
2024-08-15 12:55:22,816 - INFO - venda - Registros apagados com sucesso no dia 2024-08-13!
2024-08-15 12:55:22,829 - INFO - venda - Registros apagados com sucesso no dia 2024-08-07!
2024-08-15 12:55:22,835 - INFO - venda - Registros apagados com sucesso no dia 2024-08-10!
2024-08-15 13:39:35,197 - INFO - campanhas - O truncamento da tabela foi bem-sucedido.
2024-08-15 13:39:35,197 - INFO - campanhas - Inserindo dados...
2024-08-15 13:39:35,302 - INFO - campanhas - Erro ao tentar inserir registro na tabela!
2024-08-15 13:39:35,380 - INFO - campanhas - Erro ao tentar inserir registro na tabela!
2024-08-15 13:39:35,385 - INFO - campanhas - Processo finalizado com sucesso!
2024-08-15 13:44:58,183 - INFO - campanhas - O truncamento da tabela foi bem-sucedido.
2024-08-15 13:44:58,184 - INFO - campanhas - Inserindo dados...
2024-08-15 13:44:59,339 - INFO - campanhas - Processo finalizado com sucesso!
2024-08-15 19:33:55,666 - INFO - campanhas - O truncamento da tabela foi bem-sucedido.
2024-08-15 19:33:55,667 - INFO - campanhas - Inserindo dados...
2024-08-15 19:33:58,075 - INFO - campanhas - Processo finalizado com sucesso!
2024-08-15 19:41:25,519 - INFO - campanhas_empresas - Erro ao tentar ler o arquivo de consulta!
2024-08-15 19:41:25,520 - INFO - Erro! [Errno 2] No such file or directory: 'sqls/consulta_campanhas_empresas.sql'
2024-08-15 19:42:17,200 - INFO - campanhas_empresas - O truncamento da tabela foi bem-sucedido.
2024-08-15 19:42:17,201 - INFO - campanhas_empresas - Inserindo dados...
2024-08-15 19:42:33,575 - INFO - campanhas_empresas - Processo finalizado com sucesso!
2024-08-15 20:12:37,800 - INFO - Tabela campanhas_participantes não registrada!
2024-08-15 20:12:37,801 - INFO - Erro! 'NoneType' object has no attribute 'getQuery'
2024-08-15 20:13:04,487 - INFO - campanhas_participantes - O truncamento da tabela foi bem-sucedido.
2024-08-15 20:13:04,488 - INFO - campanhas_participantes - Inserindo dados...
