2024-08-06 12:04:10,458 - INFO - espelho - O truncamento da tabela foi bem-sucedido.
2024-08-06 12:04:10,461 - INFO - espelho - Inserindo dados...
2024-08-06 12:04:40,429 - INFO - espelho - O truncamento da tabela foi bem-sucedido.
2024-08-06 12:04:40,430 - INFO - espelho - Inserindo dados...
2024-08-06 13:28:05,518 - INFO - titulos_contas_receber - Apagando registros no dia 2024-08-05...
2024-08-06 13:28:05,524 - INFO - Erro ao tentar criar conexão com banco de dados oracle host 'NAZ-ODA8-scan.nazaria.corp' na porta '1521'!
2024-08-06 13:28:05,524 - INFO - Erro ao tentar conectar ao driver oracle no banco senior
2024-08-06 13:28:05,620 - INFO - titulos_contas_receber - Registros apagados com sucesso no dia 2024-08-05!
2024-08-06 13:28:10,939 - INFO - titulos_contas_receber - Erro ao tentar inserir registro na tabela! invalid input syntax for type numeric: "DP1"
LINE 1: ...O titulos_contas_receber VALUES (2,1,'44390211',1,'DP1',1292...
                                                             ^

2024-08-06 13:28:11,153 - INFO - titulos_contas_receber - Erro ao tentar inserir registro na tabela! invalid input syntax for type date: "CIELO S A"
LINE 1: ...as_receber VALUES (5,26,'555220801',1,'01',653515,'CIELO S A...
                                                             ^

2024-08-06 13:28:11,359 - INFO - titulos_contas_receber - Erro ao tentar inserir registro na tabela! invalid input syntax for type date: "CONSUMIDOR FINAL - RN"
LINE 1: ...s_receber VALUES (5,132,'526350501',1,'01',387180,'CONSUMIDO...
                                                             ^

2024-08-06 13:28:11,576 - INFO - titulos_contas_receber - Erro ao tentar inserir registro na tabela! invalid input syntax for type date: "CIELO S A"
LINE 1: ...tas_receber VALUES (5,1,'484771001',1,'01',653515,'CIELO S A...
                                                             ^

2024-08-06 13:28:11,782 - INFO - titulos_contas_receber - Erro ao tentar inserir registro na tabela! invalid input syntax for type date: "CONSUMIDOR FINAL - PI"
LINE 1: ...s_receber VALUES (5,46,'1057190701',1,'01',387177,'CONSUMIDO...
                                                             ^

2024-08-06 13:28:11,989 - INFO - titulos_contas_receber - Erro ao tentar inserir registro na tabela! invalid input syntax for type numeric: "DP1"
LINE 1: ...O titulos_contas_receber VALUES (2,1,'44386703',1,'DP1',4543...
                                                             ^

2024-08-06 13:28:12,187 - INFO - titulos_contas_receber - Erro ao tentar inserir registro na tabela! invalid input syntax for type date: "CIELO S A"
LINE 1: ...s_receber VALUES (5,64,'2348810201',1,'01',653515,'CIELO S A...
                                                             ^

2024-08-06 13:28:12,383 - INFO - titulos_contas_receber - Erro ao tentar inserir registro na tabela! invalid input syntax for type date: "CIELO S A"
LINE 1: ...s_receber VALUES (5,182,'898170302',1,'01',653515,'CIELO S A...
                                                             ^

2024-08-06 13:28:12,585 - INFO - titulos_contas_receber - Erro ao tentar inserir registro na tabela! invalid input syntax for type date: "CONSUMIDOR FINAL - PI"
LINE 1: ...as_receber VALUES (5,10,'534931001',1,'01',387177,'CONSUMIDO...
                                                             ^

2024-08-06 13:28:12,783 - INFO - titulos_contas_receber - Erro ao tentar inserir registro na tabela! invalid input syntax for type date: "BANCO DO BRASIL S/A"
LINE 1: ...ntas_receber VALUES (5,150,'1039980401',1,'01',97,'BANCO DO ...
                                                             ^

2024-08-06 13:28:12,986 - INFO - titulos_contas_receber - Erro ao tentar inserir registro na tabela! invalid input syntax for type date: "CONSUMIDOR FINAL - MA"
LINE 1: ...s_receber VALUES (5,172,'246633301',2,'01',387181,'CONSUMIDO...
                                                             ^

2024-08-06 13:28:13,187 - INFO - titulos_contas_receber - Erro ao tentar inserir registro na tabela! invalid input syntax for type date: "CIELO S A"
LINE 1: ...as_receber VALUES (5,18,'713490602',1,'01',653515,'CIELO S A...
                                                             ^

2024-08-06 13:28:13,385 - INFO - titulos_contas_receber - Erro ao tentar inserir registro na tabela! invalid input syntax for type date: "CONSUMIDOR FINAL - PI"
LINE 1: ...s_receber VALUES (5,126,'995180301',1,'01',387177,'CONSUMIDO...
                                                             ^

2024-08-06 13:28:13,592 - INFO - titulos_contas_receber - Erro ao tentar inserir registro na tabela! invalid input syntax for type date: "CONSUMIDOR FINAL - PI"
LINE 1: ...s_receber VALUES (5,10,'1475531101',2,'01',387177,'CONSUMIDO...
                                                             ^

2024-08-06 13:28:13,794 - INFO - titulos_contas_receber - Erro ao tentar inserir registro na tabela! invalid input syntax for type date: "CREDISHOP SA  ADMINISTRADORA DE CAR"
LINE 1: ...s_receber VALUES (5,119,'873050603',1,'01',649595,'CREDISHOP...
                                                             ^

2024-08-06 13:28:14,002 - INFO - titulos_contas_receber - Erro ao tentar inserir registro na tabela! invalid input syntax for type numeric: "DP1"
LINE 1: ... titulos_contas_receber VALUES (2,13,'17220982',1,'DP1',1090...
                                                             ^

2024-08-06 13:28:14,207 - INFO - titulos_contas_receber - Erro ao tentar inserir registro na tabela! invalid input syntax for type date: "CIELO S A"
LINE 1: ...as_receber VALUES (5,4,'1271931001',1,'01',653515,'CIELO S A...
                                                             ^

2024-08-06 13:28:14,404 - INFO - titulos_contas_receber - Erro ao tentar inserir registro na tabela! invalid input syntax for type date: "CIELO S A"
LINE 1: ..._receber VALUES (5,145,'1056750301',1,'01',653515,'CIELO S A...
                                                             ^

2024-08-06 13:28:14,616 - INFO - titulos_contas_receber - Erro ao tentar inserir registro na tabela! invalid input syntax for type numeric: "DP1"
LINE 1: ...O titulos_contas_receber VALUES (2,9,'25628791',1,'DP1',1391...
                                                             ^

2024-08-06 13:30:02,731 - INFO - titulos_contas_receber - Apagando registros no dia 2024-08-05...
2024-08-06 13:30:02,805 - INFO - titulos_contas_receber - Registros apagados com sucesso no dia 2024-08-05!
2024-08-06 13:30:02,808 - INFO - titulos_contas_receber - Apagando registros no dia 2024-08-04...
2024-08-06 13:30:02,880 - INFO - titulos_contas_receber - Registros apagados com sucesso no dia 2024-08-04!
2024-08-06 13:30:04,975 - INFO - titulos_contas_receber - Erro ao tentar inserir registro na tabela! invalid input syntax for type numeric: "DP1"
LINE 1: ...O titulos_contas_receber VALUES (2,1,'44396832',1,'DP1',1192...
                                                             ^

2024-08-06 13:30:05,047 - INFO - titulos_contas_receber - Erro ao tentar inserir registro na tabela! invalid input syntax for type date: "CREDISHOP SA  ADMINISTRADORA DE CAR"
LINE 1: ...as_receber VALUES (5,6,'1858891001',1,'01',649595,'CREDISHOP...
                                                             ^

2024-08-06 13:30:05,203 - INFO - titulos_contas_receber - Erro ao tentar inserir registro na tabela! invalid input syntax for type numeric: "DP1"
LINE 1: ... titulos_contas_receber VALUES (2,13,'17224101',1,'DP1',1393...
                                                             ^

2024-08-06 13:30:05,266 - INFO - titulos_contas_receber - Erro ao tentar inserir registro na tabela! invalid input syntax for type date: "CIELO S A"
LINE 1: ...as_receber VALUES (5,99,'644300503',1,'01',653515,'CIELO S A...
                                                             ^

2024-08-06 13:30:05,439 - INFO - titulos_contas_receber - Erro ao tentar inserir registro na tabela! invalid input syntax for type date: "CIELO S A"
LINE 1: ...s_receber VALUES (5,170,'505860502',1,'01',653515,'CIELO S A...
                                                             ^

2024-08-06 13:30:05,483 - INFO - titulos_contas_receber - Erro ao tentar inserir registro na tabela! invalid input syntax for type date: "CONSUMIDOR FINAL - BA"
LINE 1: ...s_receber VALUES (5,99,'644460501',2,'01',9469523,'CONSUMIDO...
                                                             ^

2024-08-06 13:30:05,683 - INFO - titulos_contas_receber - Erro ao tentar inserir registro na tabela! invalid input syntax for type numeric: "DP1"
LINE 1: ...O titulos_contas_receber VALUES (2,3,'64818961',1,'DP1',8925...
                                                             ^

2024-08-06 13:30:05,728 - INFO - titulos_contas_receber - Erro ao tentar inserir registro na tabela! invalid input syntax for type date: "CONSUMIDOR FINAL - MA"
LINE 1: ..._receber VALUES (5,167,'1218160501',2,'01',387181,'CONSUMIDO...
                                                             ^

2024-08-06 13:30:05,925 - INFO - titulos_contas_receber - Erro ao tentar inserir registro na tabela! invalid input syntax for type date: "CONSUMIDOR FINAL - BA"
LINE 1: ..._receber VALUES (5,74,'1804090101',1,'01',9469523,'CONSUMIDO...
                                                             ^

2024-08-06 13:30:05,978 - INFO - titulos_contas_receber - Erro ao tentar inserir registro na tabela! invalid input syntax for type date: "CREDISHOP SA  ADMINISTRADORA DE CAR"
LINE 1: ...s_receber VALUES (5,183,'462860101',1,'01',649595,'CREDISHOP...
                                                             ^

2024-08-06 13:30:06,169 - INFO - titulos_contas_receber - Erro ao tentar inserir registro na tabela! invalid input syntax for type numeric: "DP1"
LINE 1: ...O titulos_contas_receber VALUES (2,2,'62805223',1,'DP1',1253...
                                                             ^

2024-08-06 13:30:06,214 - INFO - titulos_contas_receber - Erro ao tentar inserir registro na tabela! invalid input syntax for type date: "FUNDO NACIONAL DE SAUDE"
LINE 1: ...s_receber VALUES (5,10,'1472711101',1,'01',423984,'FUNDO NAC...
                                                             ^

2024-08-06 13:30:06,414 - INFO - titulos_contas_receber - Erro ao tentar inserir registro na tabela! invalid input syntax for type numeric: "DP1"
LINE 1: ...O titulos_contas_receber VALUES (2,7,'41291341',1,'DP1',4584...
                                                             ^

2024-08-06 13:30:06,448 - INFO - titulos_contas_receber - Erro ao tentar inserir registro na tabela! invalid input syntax for type date: "CIELO S A"
LINE 1: ...s_receber VALUES (5,148,'127340604',1,'01',653515,'CIELO S A...
                                                             ^

2024-08-06 13:30:06,668 - INFO - titulos_contas_receber - Erro ao tentar inserir registro na tabela! invalid input syntax for type date: "CONSUMIDOR FINAL - MA"
LINE 1: ...s_receber VALUES (5,201,'575540301',2,'01',387181,'CONSUMIDO...
                                                             ^

2024-08-06 13:30:06,695 - INFO - titulos_contas_receber - Erro ao tentar inserir registro na tabela! invalid input syntax for type date: "CIELO S A"
LINE 1: ...as_receber VALUES (5,78,'664630901',1,'01',653515,'CIELO S A...
                                                             ^

2024-08-06 13:30:06,921 - INFO - titulos_contas_receber - Erro ao tentar inserir registro na tabela! invalid input syntax for type numeric: "DP1"
LINE 1: ...O titulos_contas_receber VALUES (2,9,'25643903',1,'DP1',1202...
                                                             ^

2024-08-06 13:30:06,954 - INFO - titulos_contas_receber - Erro ao tentar inserir registro na tabela! invalid input syntax for type date: "CIELO S A"
LINE 1: ...as_receber VALUES (5,61,'202610401',1,'01',653515,'CIELO S A...
                                                             ^

2024-08-06 13:30:07,164 - INFO - titulos_contas_receber - Erro ao tentar inserir registro na tabela! invalid input syntax for type date: "CIELO S A"
LINE 1: ...s_receber VALUES (5,136,'273150503',1,'01',653515,'CIELO S A...
                                                             ^

2024-08-06 13:30:07,198 - INFO - titulos_contas_receber - Erro ao tentar inserir registro na tabela! invalid input syntax for type date: "CONSUMIDOR FINAL - PA"
LINE 1: ...s_receber VALUES (5,94,'787450501',2,'01',1791073,'CONSUMIDO...
                                                             ^

2024-08-06 13:30:07,427 - INFO - titulos_contas_receber - Erro ao tentar inserir registro na tabela! invalid input syntax for type date: "CONSUMIDOR FINAL - PI"
LINE 1: ...s_receber VALUES (5,129,'735790201',1,'01',387177,'CONSUMIDO...
                                                             ^

2024-08-06 13:30:07,456 - INFO - titulos_contas_receber - Erro ao tentar inserir registro na tabela! invalid input syntax for type date: "CONSUMIDOR FINAL - MA"
LINE 1: ..._receber VALUES (5,164,'1018470401',2,'01',387181,'CONSUMIDO...
                                                             ^

2024-08-06 13:30:07,700 - INFO - titulos_contas_receber - Erro ao tentar inserir registro na tabela! invalid input syntax for type date: "BANCO DO BRASIL S/A"
LINE 1: ...ontas_receber VALUES (5,52,'1050150601',1,'01',97,'BANCO DO ...
                                                             ^

2024-08-06 13:30:07,714 - INFO - titulos_contas_receber - Erro ao tentar inserir registro na tabela! invalid input syntax for type date: "CIELO S A"
LINE 1: ..._receber VALUES (5,128,'1579800101',1,'01',653515,'CIELO S A...
                                                             ^

2024-08-06 13:30:07,980 - INFO - titulos_contas_receber - Erro ao tentar inserir registro na tabela! invalid input syntax for type date: "CONSUMIDOR FINAL - MA"
LINE 1: ...s_receber VALUES (5,173,'328560701',2,'01',387181,'CONSUMIDO...
                                                             ^

2024-08-06 13:30:07,981 - INFO - titulos_contas_receber - Erro ao tentar inserir registro na tabela! invalid input syntax for type date: "CIELO S A"
LINE 1: ..._receber VALUES (5,120,'1027920401',1,'01',653515,'CIELO S A...
                                                             ^

2024-08-06 13:30:08,246 - INFO - titulos_contas_receber - Erro ao tentar inserir registro na tabela! invalid input syntax for type numeric: "DP1"
LINE 1: ... titulos_contas_receber VALUES (2,13,'17222252',1,'DP1',1213...
                                                             ^

2024-08-06 13:30:08,267 - INFO - titulos_contas_receber - Erro ao tentar inserir registro na tabela! invalid input syntax for type date: "CIELO S A"
LINE 1: ...as_receber VALUES (5,99,'662020606',1,'01',653515,'CIELO S A...
                                                             ^

2024-08-06 13:30:08,497 - INFO - titulos_contas_receber - Erro ao tentar inserir registro na tabela! invalid input syntax for type date: "CONSUMIDOR FINAL - BA"
LINE 1: ...s_receber VALUES (5,99,'663060601',2,'01',9469523,'CONSUMIDO...
                                                             ^

2024-08-06 13:30:08,517 - INFO - titulos_contas_receber - Erro ao tentar inserir registro na tabela! invalid input syntax for type date: "CIELO S A"
LINE 1: ...as_receber VALUES (5,2,'1008111303',1,'01',653515,'CIELO S A...
                                                             ^

2024-08-06 13:34:17,440 - INFO - titulos_contas_receber - Apagando registros no dia 2024-08-05...
2024-08-06 13:34:17,518 - INFO - titulos_contas_receber - Apagando registros no dia 2024-08-04...
2024-08-06 13:34:17,522 - INFO - titulos_contas_receber - Registros apagados com sucesso no dia 2024-08-05!
2024-08-06 13:34:17,589 - INFO - titulos_contas_receber - Registros apagados com sucesso no dia 2024-08-04!
2024-08-06 13:34:44,179 - INFO - titulos_contas_receber - Apagando registros no dia 2024-08-05...
2024-08-06 13:34:44,251 - INFO - titulos_contas_receber - Apagando registros no dia 2024-08-04...
2024-08-06 13:34:44,275 - INFO - titulos_contas_receber - Registros apagados com sucesso no dia 2024-08-05!
2024-08-06 13:34:44,362 - INFO - titulos_contas_receber - Registros apagados com sucesso no dia 2024-08-04!
