2024-08-30 11:13:16,990 - INFO - venda - Apagando registros no dia 2024-08-29...
2024-08-30 11:13:17,065 - INFO - venda - Registros apagados com sucesso no dia 2024-08-29!
2024-08-30 11:13:47,859 - INFO - venda - Erro ao tentar inserir registro na tabela!
2024-08-30 11:13:48,219 - INFO - venda - Erro ao tentar inserir registro na tabela!
2024-08-30 11:13:48,312 - INFO - venda - Erro ao tentar inserir registro na tabela!
2024-08-30 11:13:48,725 - INFO - venda - Erro ao tentar inserir registro na tabela!
2024-08-30 11:13:48,828 - INFO - venda - Erro ao tentar inserir registro na tabela!
2024-08-30 11:13:48,926 - INFO - venda - Erro ao tentar inserir registro na tabela!
2024-08-30 11:13:49,029 - INFO - venda - Erro ao tentar inserir registro na tabela!
2024-08-30 11:13:49,130 - INFO - venda - Erro ao tentar inserir registro na tabela!
2024-08-30 11:13:49,230 - INFO - venda - Erro ao tentar inserir registro na tabela!
2024-08-30 11:13:49,333 - INFO - venda - Erro ao tentar inserir registro na tabela!
2024-08-30 11:13:49,444 - INFO - venda - Erro ao tentar inserir registro na tabela!
2024-08-30 11:13:49,546 - INFO - venda - Erro ao tentar inserir registro na tabela!
2024-08-30 11:13:49,645 - INFO - venda - Erro ao tentar inserir registro na tabela!
2024-08-30 11:13:49,756 - INFO - venda - Erro ao tentar inserir registro na tabela!
2024-08-30 11:13:49,861 - INFO - venda - Erro ao tentar inserir registro na tabela!
2024-08-30 11:13:49,965 - INFO - venda - Erro ao tentar inserir registro na tabela!
2024-08-30 11:13:50,071 - INFO - venda - Erro ao tentar inserir registro na tabela!
2024-08-30 11:13:50,170 - INFO - venda - Erro ao tentar inserir registro na tabela!
2024-08-30 11:13:50,292 - INFO - venda - Erro ao tentar inserir registro na tabela!
2024-08-30 11:13:50,394 - INFO - venda - Erro ao tentar inserir registro na tabela!
2024-08-30 11:13:50,496 - INFO - venda - Erro ao tentar inserir registro na tabela!
2024-08-30 11:13:50,603 - INFO - venda - Erro ao tentar inserir registro na tabela!
2024-08-30 11:13:50,704 - INFO - venda - Erro ao tentar inserir registro na tabela!
2024-08-30 11:13:50,813 - INFO - venda - Erro ao tentar inserir registro na tabela!
2024-08-30 11:23:34,428 - INFO - venda - Apagando registros no dia 2024-08-29...
2024-08-30 11:23:34,507 - INFO - venda - Registros apagados com sucesso no dia 2024-08-29!
2024-08-30 11:55:23,936 - INFO - venda - Apagando registros no dia 2024-08-29...
2024-08-30 11:55:24,010 - INFO - venda - Registros apagados com sucesso no dia 2024-08-29!
2024-08-30 11:56:50,386 - INFO - venda - Apagando registros no dia 2024-08-31...
2024-08-30 11:56:50,464 - INFO - venda - Registros apagados com sucesso no dia 2024-08-31!
2024-08-30 11:56:50,985 - INFO - venda - Numero de linhas inseridas na tabela no dia 2024-08-31: 0
2024-08-30 11:57:03,275 - INFO - venda - Apagando registros no dia 2024-08-29...
2024-08-30 11:57:03,350 - INFO - venda - Registros apagados com sucesso no dia 2024-08-29!
2024-08-30 11:57:52,269 - INFO - venda - Apagando registros no dia 2024-08-30...
2024-08-30 11:57:52,343 - INFO - venda - Registros apagados com sucesso no dia 2024-08-30!
2024-08-30 11:57:59,825 - INFO - venda - Apagando registros no dia 2024-08-30...
2024-08-30 11:57:59,900 - INFO - venda - Registros apagados com sucesso no dia 2024-08-30!
2024-08-30 11:58:21,660 - INFO - venda - Apagando registros no dia 2024-08-30...
2024-08-30 11:58:21,739 - INFO - venda - Registros apagados com sucesso no dia 2024-08-30!
2024-08-30 11:58:40,386 - INFO - venda - Apagando registros no dia 2024-08-30...
2024-08-30 11:58:40,461 - INFO - venda - Registros apagados com sucesso no dia 2024-08-30!
2024-08-30 11:59:16,483 - INFO - {'mode': 'cli', 'process': 'nDaysAgo', 'table': 'venda', 'days': '1', 'currentDay': 'False'}
2024-08-30 11:59:16,553 - INFO - venda - Apagando registros no dia 2024-08-30...
2024-08-30 11:59:16,628 - INFO - venda - Registros apagados com sucesso no dia 2024-08-30!
2024-08-30 11:59:46,461 - INFO - False
2024-08-30 11:59:46,545 - INFO - venda - Apagando registros no dia 2024-08-30...
2024-08-30 11:59:46,621 - INFO - venda - Registros apagados com sucesso no dia 2024-08-30!
2024-08-30 12:00:14,493 - INFO - True
2024-08-30 12:00:14,667 - INFO - venda - Apagando registros no dia 2024-08-30...
2024-08-30 12:00:14,745 - INFO - venda - Registros apagados com sucesso no dia 2024-08-30!
2024-08-30 12:00:25,308 - INFO - False
2024-08-30 12:00:25,470 - INFO - venda - Apagando registros no dia 2024-08-30...
2024-08-30 12:00:25,545 - INFO - venda - Registros apagados com sucesso no dia 2024-08-30!
2024-08-30 12:01:04,885 - INFO - venda - Apagando registros no dia 2024-08-30...
2024-08-30 12:01:04,967 - INFO - venda - Registros apagados com sucesso no dia 2024-08-30!
2024-08-30 12:02:41,464 - INFO - venda - Apagando registros no dia 2024-08-29...
2024-08-30 12:02:41,543 - INFO - venda - Registros apagados com sucesso no dia 2024-08-29!
2024-08-30 12:02:54,799 - INFO - venda - Apagando registros no dia 2024-08-29...
2024-08-30 12:02:54,875 - INFO - venda - Registros apagados com sucesso no dia 2024-08-29!
2024-08-30 12:03:08,123 - INFO - venda - Apagando registros no dia 2024-08-29...
2024-08-30 12:03:08,205 - INFO - venda - Registros apagados com sucesso no dia 2024-08-29!
2024-08-30 12:03:24,434 - INFO - venda - Apagando registros no dia 2024-08-30...
2024-08-30 12:03:24,512 - INFO - venda - Registros apagados com sucesso no dia 2024-08-30!
