2024-07-11 12:42:26,610 - INFO - banco_horas - O truncamento da tabela foi bem-sucedido.
2024-07-11 12:42:26,612 - INFO - banco_horas - Inserindo dados...
2024-07-11 12:42:26,776 - INFO - banco_horas - Erro ao tentar inserir registro na tabela! column "created_at" is of type time with time zone but expression is of type timestamp without time zone
LINE 1: ...'+','00:01:00','00:01:00','00:00:00','06/01/2023','2022-07-1...
                                                             ^
HINT:  You will need to rewrite or cast the expression.

2024-07-11 12:42:26,938 - INFO - banco_horas - Erro ao tentar inserir registro na tabela! column "created_at" is of type time with time zone but expression is of type timestamp without time zone
LINE 1: ...'-','00:04:00','00:00:00','00:32:00','02/05/2023','2022-11-0...
                                                             ^
HINT:  You will need to rewrite or cast the expression.

2024-07-11 12:42:27,223 - INFO - banco_horas - Erro ao tentar inserir registro na tabela! column "created_at" is of type time with time zone but expression is of type timestamp without time zone
LINE 1: ...'-','00:01:00','00:01:00','00:00:00','25/04/2023','2022-11-2...
                                                             ^
HINT:  You will need to rewrite or cast the expression.

2024-07-11 12:42:27,367 - INFO - banco_horas - Erro ao tentar inserir registro na tabela! column "created_at" is of type time with time zone but expression is of type timestamp without time zone
LINE 1: ...'-','04:00:00','04:00:00','36:00:00','07/06/2022','2022-01-0...
                                                             ^
HINT:  You will need to rewrite or cast the expression.

2024-07-11 12:42:27,506 - INFO - banco_horas - Erro ao tentar inserir registro na tabela! column "created_at" is of type time with time zone but expression is of type timestamp without time zone
LINE 1: ...'+','00:19:00','00:19:00','00:00:00','19/03/2023','2022-10-2...
                                                             ^
HINT:  You will need to rewrite or cast the expression.

2024-07-11 12:42:27,641 - INFO - banco_horas - Erro ao tentar inserir registro na tabela! column "created_at" is of type time with time zone but expression is of type timestamp without time zone
LINE 1: ...'-','06:10:00','00:00:00','18:30:00','10/06/2022','2022-01-1...
                                                             ^
HINT:  You will need to rewrite or cast the expression.

2024-07-11 12:42:27,781 - INFO - banco_horas - Erro ao tentar inserir registro na tabela! column "created_at" is of type time with time zone but expression is of type timestamp without time zone
LINE 1: ...'+','00:20:00','00:20:00','00:00:00','23/01/2024','2023-07-2...
                                                             ^
HINT:  You will need to rewrite or cast the expression.

2024-07-11 12:42:27,928 - INFO - banco_horas - Erro ao tentar inserir registro na tabela! column "created_at" is of type time with time zone but expression is of type timestamp without time zone
LINE 1: ...'-','00:22:00','00:00:00','00:00:00','28/01/2023','2022-08-0...
                                                             ^
HINT:  You will need to rewrite or cast the expression.

2024-07-11 12:42:28,064 - INFO - banco_horas - Erro ao tentar inserir registro na tabela! column "created_at" is of type time with time zone but expression is of type timestamp without time zone
LINE 1: ...'-','04:00:00','00:00:00','00:00:00','06/04/2022','2022-02-0...
                                                             ^
HINT:  You will need to rewrite or cast the expression.

2024-07-11 12:42:28,223 - INFO - banco_horas - Erro ao tentar inserir registro na tabela! column "created_at" is of type time with time zone but expression is of type timestamp without time zone
LINE 1: ...'-','00:41:00','00:00:00','00:00:00','10/10/2022','2022-04-1...
                                                             ^
HINT:  You will need to rewrite or cast the expression.

2024-07-11 12:42:28,379 - INFO - banco_horas - Erro ao tentar inserir registro na tabela! column "created_at" is of type time with time zone but expression is of type timestamp without time zone
LINE 1: ...'-','00:19:00','00:00:00','02:32:00','24/05/2023','2022-11-2...
                                                             ^
HINT:  You will need to rewrite or cast the expression.

2024-07-11 12:42:28,528 - INFO - banco_horas - Erro ao tentar inserir registro na tabela! column "created_at" is of type time with time zone but expression is of type timestamp without time zone
LINE 1: ...'-','01:42:00','01:42:00','01:40:00','02/09/2023','2023-03-0...
                                                             ^
HINT:  You will need to rewrite or cast the expression.

2024-07-11 12:42:28,663 - INFO - banco_horas - Erro ao tentar inserir registro na tabela! column "created_at" is of type time with time zone but expression is of type timestamp without time zone
LINE 1: ...'+','00:02:00','00:00:00','00:04:00','07/08/2022','2022-03-1...
                                                             ^
HINT:  You will need to rewrite or cast the expression.

2024-07-11 12:42:28,804 - INFO - banco_horas - Erro ao tentar inserir registro na tabela! column "created_at" is of type time with time zone but expression is of type timestamp without time zone
LINE 1: ...'+','00:07:00','00:07:00','00:00:00','15/01/2023','2022-07-1...
                                                             ^
HINT:  You will need to rewrite or cast the expression.

2024-07-11 12:42:28,944 - INFO - banco_horas - Erro ao tentar inserir registro na tabela! column "created_at" is of type time with time zone but expression is of type timestamp without time zone
LINE 1: ...'-','00:02:00','00:02:00','00:00:00','03/06/2023','2022-12-0...
                                                             ^
HINT:  You will need to rewrite or cast the expression.

2024-07-11 12:42:29,082 - INFO - banco_horas - Erro ao tentar inserir registro na tabela! column "created_at" is of type time with time zone but expression is of type timestamp without time zone
LINE 1: ...'-','00:04:00','00:00:00','00:20:00','20/03/2023','2022-09-2...
                                                             ^
HINT:  You will need to rewrite or cast the expression.

2024-07-11 12:42:29,096 - INFO - Erro! buffer too small for requested bytes
2024-07-11 12:43:10,128 - INFO - banco_horas - O truncamento da tabela foi bem-sucedido.
2024-07-11 12:43:10,129 - INFO - banco_horas - Inserindo dados...
2024-07-11 12:43:17,498 - INFO - banco_horas - O truncamento da tabela foi bem-sucedido.
2024-07-11 12:43:17,499 - INFO - banco_horas - Inserindo dados...
2024-07-11 13:14:46,606 - INFO - Erro! exceptions must derive from BaseException
2024-07-11 13:17:45,283 - INFO - grupos_compras - O truncamento da tabela foi bem-sucedido.
2024-07-11 13:17:45,284 - INFO - grupos_compras - Inserindo dados...
2024-07-11 13:17:45,754 - INFO - grupos_compras - Processo finalizado com sucesso!
2024-07-11 19:03:16,574 - INFO - banco_horas - O truncamento da tabela foi bem-sucedido.
2024-07-11 19:03:16,576 - INFO - banco_horas - Inserindo dados...
2024-07-11 19:03:20,125 - INFO - banco_horas - O truncamento da tabela foi bem-sucedido.
2024-07-11 19:03:20,125 - INFO - banco_horas - Inserindo dados...
